g-0-1
Tue 10 Jan 2023 11:06:17 PM CST
(384, 256)
Starting optimization with ADAM
(384, 256)
Starting optimization with ADAM
(384, 256)
Starting optimization with ADAM
(256, 384)
Starting optimization with ADAM
(384, 256)
Starting optimization with ADAM
(384, 256)
Starting optimization with ADAM
(384, 256)
Starting optimization with ADAM
(384, 256)
Starting optimization with ADAM
(256, 384)
Starting optimization with ADAM
(256, 384)
Starting optimization with ADAM
(384, 256)
Starting optimization with ADAM
(384, 256)
Starting optimization with ADAM
(384, 256)
Starting optimization with ADAM
(384, 256)
Starting optimization with ADAM
(384, 256)
Starting optimization with ADAM
(384, 256)
Starting optimization with ADAM
(256, 384)
Starting optimization with ADAM
(256, 384)
Starting optimization with ADAM
(256, 384)
Starting optimization with ADAM
(384, 256)
Starting optimization with ADAM
(384, 256)
Starting optimization with ADAM
(384, 256)
Starting optimization with ADAM
(384, 256)
Starting optimization with ADAM
(384, 256)
Starting optimization with ADAM
Wed 11 Jan 2023 02:14:39 AM CST
