g-0-6
Tue 24 Oct 2023 05:07:15 PM CST
Imagen  1
./432B/BestPnsrden15_P432Blamb0/BestPnsrden15_P432B_0kodim1.png
./432B/BestPnsrden15_P432Blamb0/BestIMGP432B_0kodim1.png
./420/BestPnsrden15_P420lamb0.005/BestPnsrden15_P420_0.005kodim1.png
./420/BestPnsrden15_P420lamb0.005/BestIMGP420_0.005kodim1.png
./430C/BestPnsrden15_P430Clamb0.0075/BestPnsrden15_P430C_0.0075kodim1.png
./430C/BestPnsrden15_P430Clamb0.0075/BestIMGP430C_0.0075kodim1.png
./430B/BestPnsrden15_P430Blamb0.01/BestPnsrden15_P430B_0.01kodim1.png
./430B/BestPnsrden15_P430Blamb0.01/BestIMGP430B_0.01kodim1.png
First 
valPSNR [24.639888125827774, 30.822128456096863, 30.854635570789476, 30.79198849950981, 31.10859681666586]
valMax 31.10859681666586 pos 5
Parches valPSNR [24.639888125827774, 30.822128456096863, 30.854635570789476, 30.79198849950981, 31.10859681666586]
valMax 31.10859681666586 pos 5
valPSNR [24.819810638224485, 30.070518100220767, 30.10167443824644, 29.992898463319634, 30.48177070549854]
valMax 30.48177070549854 pos 5
Parche 
 valPSNR [24.795242654779823, 30.09906419375759, 30.08146746944191, 30.040789885432186, 30.385442042059417]
valMax 30.385442042059417 pos 5
shape 97 97 3
shape 510 766 3
shape 510 766 3
shape 510 766 3
shape 510 766 3
shape 510 766 3
shape 510 766 3
[(469, 235), (211, 622), (423, 277)]
(469, 235) (477, 304)
(469, 235) (477, 304)
(469, 235) (479, 304)
(469, 235) (532, 264)
(469, 235) (399, 225)
(469, 235) (508, 292)
(469, 235) (489, 301)
(469, 235) (469, 305)
(469, 235) (500, 297)
(469, 235) (489, 301)
(469, 235) (495, 299)
(469, 235) (498, 298)
(469, 235) (484, 303)
(469, 235) (469, 305)
(469, 235) (477, 304)
(469, 235) (484, 303)
(469, 235) (482, 303)
(469, 235) (482, 303)
(211, 622) (193, 689)
(211, 622) (193, 689)
(211, 622) (192, 689)
(211, 622) (143, 642)
(211, 622) (189, 688)
(211, 622) (215, 691)
(211, 622) (188, 688)
(211, 622) (194, 690)
(211, 622) (190, 688)
(211, 622) (207, 691)
(211, 622) (216, 691)
(211, 622) (214, 691)
(211, 622) (206, 691)
(211, 622) (200, 691)
(211, 622) (209, 691)
(211, 622) (211, 692)
(211, 622) (213, 691)
(211, 622) (213, 691)
(423, 277) (423, 277)
(423, 277) (423, 277)
(423, 277) (423, 277)
(423, 277) (444, 343)
(423, 277) (353, 285)
(423, 277) (368, 232)
(423, 277) (423, 277)
(423, 277) (423, 207)
(423, 277) (493, 277)
(423, 277) (423, 347)
(423, 277) (373, 227)
(423, 277) (472, 326)
(423, 277) (493, 277)
(423, 277) (454, 339)
(423, 277) (423, 207)
(423, 277) (493, 277)
(423, 277) (493, 277)
(423, 277) (493, 277)
Best 
 valPSNR [24.639888125827774, 30.822128456096863, 30.854635570789476, 30.79198849950981, 31.10859681666586]
valMax 31.10859681666586 pos 5
Imagen  2
./432B/BestPnsrden15_P432Blamb0/BestPnsrden15_P432B_0kodim2.png
./432B/BestPnsrden15_P432Blamb0/BestIMGP432B_0kodim2.png
./420/BestPnsrden15_P420lamb0.005/BestPnsrden15_P420_0.005kodim2.png
./420/BestPnsrden15_P420lamb0.005/BestIMGP420_0.005kodim2.png
./430C/BestPnsrden15_P430Clamb0.0075/BestPnsrden15_P430C_0.0075kodim2.png
./430C/BestPnsrden15_P430Clamb0.0075/BestIMGP430C_0.0075kodim2.png
./430B/BestPnsrden15_P430Blamb0.01/BestPnsrden15_P430B_0.01kodim2.png
./430B/BestPnsrden15_P430Blamb0.01/BestIMGP430B_0.01kodim2.png
First 
valPSNR [24.752746515150005, 33.85441973603183, 33.97867904774243, 34.06166338205149, 34.222288122610166]
valMax 34.222288122610166 pos 5
Parches valPSNR [24.752746515150005, 33.85441973603183, 33.97867904774243, 34.06166338205149, 34.222288122610166]
valMax 34.222288122610166 pos 5
valPSNR [24.901652340163928, 32.40590113313496, 32.54011900451158, 32.6171451261872, 32.88371876281597]
valMax 32.88371876281597 pos 5
Parche 
 valPSNR [24.867438024392502, 35.49669580636773, 35.79771424303241, 35.89084922626729, 35.9685238853829]
valMax 35.9685238853829 pos 5
shape 97 97 3
shape 510 766 3
shape 510 766 3
shape 510 766 3
shape 510 766 3
shape 510 766 3
shape 510 766 3
[(405, 123), (351, 153), (178, 1)]
(405, 123) (335, 118)
(405, 123) (335, 117)
(405, 123) (366, 64)
(405, 123) (337, 103)
(405, 123) (463, 161)
(405, 123) (340, 96)
(405, 123) (342, 91)
(405, 123) (405, 53)
(405, 123) (427, 56)
(405, 123) (335, 123)
(405, 123) (335, 123)
(405, 123) (441, 62)
(405, 123) (355, 73)
(405, 123) (454, 73)
(405, 123) (475, 123)
(405, 123) (338, 145)
(405, 123) (355, 172)
(405, 123) (472, 106)
(351, 153) (351, 83)
(351, 153) (351, 153)
(351, 153) (351, 83)
(351, 153) (401, 200)
(351, 153) (296, 196)
(351, 153) (389, 211)
(351, 153) (281, 153)
(351, 153) (288, 184)
(351, 153) (301, 202)
(351, 153) (351, 83)
(351, 153) (301, 103)
(351, 153) (281, 153)
(351, 153) (351, 153)
(351, 153) (281, 153)
(351, 153) (351, 153)
(351, 153) (281, 153)
(351, 153) (351, 223)
(351, 153) (351, 153)
(178, 1) (178, 1)
(178, 1) (108, 1)
(178, 1) (248, 1)
(178, 1) (124, -44)
(178, 1) (225, 51)
(178, 1) (140, 60)
(178, 1) (178, -69)
(178, 1) (178, -69)
(178, 1) (108, 1)
(178, 1) (146, -62)
(178, 1) (146, 63)
(178, 1) (108, 5)
(178, 1) (216, -58)
(178, 1) (236, 39)
(178, 1) (108, 1)
(178, 1) (240, 32)
(178, 1) (200, 67)
(178, 1) (110, 17)
Best 
 valPSNR [24.752746515150005, 33.85441973603183, 33.97867904774243, 34.06166338205149, 34.222288122610166]
valMax 34.222288122610166 pos 5
Imagen  3
./432B/BestPnsrden15_P432Blamb0/BestPnsrden15_P432B_0kodim3.png
./432B/BestPnsrden15_P432Blamb0/BestIMGP432B_0kodim3.png
./420/BestPnsrden15_P420lamb0.005/BestPnsrden15_P420_0.005kodim3.png
./420/BestPnsrden15_P420lamb0.005/BestIMGP420_0.005kodim3.png
./430C/BestPnsrden15_P430Clamb0.0075/BestPnsrden15_P430C_0.0075kodim3.png
./430C/BestPnsrden15_P430Clamb0.0075/BestIMGP430C_0.0075kodim3.png
./430B/BestPnsrden15_P430Blamb0.01/BestPnsrden15_P430B_0.01kodim3.png
./430B/BestPnsrden15_P430Blamb0.01/BestIMGP430B_0.01kodim3.png
First 
valPSNR [24.692462069825822, 35.584273721781976, 35.774071714406816, 35.73963614673124, 36.023335586342455]
valMax 36.023335586342455 pos 5
Parches valPSNR [24.692462069825822, 35.584273721781976, 35.774071714406816, 35.73963614673124, 36.023335586342455]
valMax 36.023335586342455 pos 5
valPSNR [24.88457899166352, 34.3502849735192, 34.66882170676538, 34.64704565884538, 35.0141332970548]
valMax 35.0141332970548 pos 5
Parche 
 valPSNR [24.74381855828196, 35.29219503343117, 35.22621725260436, 35.14011601246165, 35.41568446133533]
valMax 35.41568446133533 pos 5
shape 97 97 3
shape 510 766 3
shape 510 766 3
shape 510 766 3
shape 510 766 3
shape 510 766 3
shape 510 766 3
[(155, 436), (137, 108), (377, 531)]
(155, 436) (225, 436)
(155, 436) (155, 436)
(155, 436) (155, 436)
(155, 436) (220, 459)
(155, 436) (222, 418)
(155, 436) (97, 395)
(155, 436) (186, 498)
(155, 436) (225, 436)
(155, 436) (217, 467)
(155, 436) (155, 436)
(155, 436) (225, 436)
(155, 436) (155, 506)
(155, 436) (204, 485)
(155, 436) (225, 436)
(155, 436) (225, 436)
(155, 436) (155, 436)
(155, 436) (155, 436)
(155, 436) (155, 436)
(137, 108) (74, 76)
(137, 108) (72, 82)
(137, 108) (74, 139)
(137, 108) (183, 160)
(137, 108) (79, 147)
(137, 108) (201, 81)
(137, 108) (207, 108)
(137, 108) (114, 174)
(137, 108) (67, 108)
(137, 108) (137, 38)
(137, 108) (87, 157)
(137, 108) (186, 58)
(137, 108) (87, 58)
(137, 108) (67, 119)
(137, 108) (67, 108)
(137, 108) (199, 76)
(137, 108) (70, 130)
(137, 108) (67, 108)
(377, 531) (345, 593)
(377, 531) (360, 598)
(377, 531) (342, 591)
(377, 531) (314, 499)
(377, 531) (431, 575)
(377, 531) (307, 533)
(377, 531) (338, 589)
(377, 531) (345, 593)
(377, 531) (327, 580)
(377, 531) (377, 601)
(377, 531) (370, 600)
(377, 531) (360, 598)
(377, 531) (338, 589)
(377, 531) (345, 593)
(377, 531) (327, 580)
(377, 531) (327, 580)
(377, 531) (354, 597)
(377, 531) (363, 599)
Best 
 valPSNR [24.692462069825822, 35.584273721781976, 35.774071714406816, 35.73963614673124, 36.023335586342455]
valMax 36.023335586342455 pos 5
Imagen  4
./432B/BestPnsrden15_P432Blamb0/BestPnsrden15_P432B_0kodim4.png
./432B/BestPnsrden15_P432Blamb0/BestIMGP432B_0kodim4.png
./420/BestPnsrden15_P420lamb0.005/BestPnsrden15_P420_0.005kodim4.png
./420/BestPnsrden15_P420lamb0.005/BestIMGP420_0.005kodim4.png
./430C/BestPnsrden15_P430Clamb0.0075/BestPnsrden15_P430C_0.0075kodim4.png
./430C/BestPnsrden15_P430Clamb0.0075/BestIMGP430C_0.0075kodim4.png
./430B/BestPnsrden15_P430Blamb0.01/BestPnsrden15_P430B_0.01kodim4.png
./430B/BestPnsrden15_P430Blamb0.01/BestIMGP430B_0.01kodim4.png
First 
valPSNR [24.657113128419105, 33.89401778902918, 33.99125931995974, 33.950439500199046, 34.17890730021821]
valMax 34.17890730021821 pos 5
Parches valPSNR [24.657113128419105, 33.89401778902918, 33.99125931995974, 33.950439500199046, 34.17890730021821]
valMax 34.17890730021821 pos 5
valPSNR [24.82101814018867, 30.278275325469206, 30.274818358844158, 30.118101184305473, 30.610940055103555]
valMax 30.610940055103555 pos 5
Parche 
 valPSNR [24.814803346456536, 35.0600369299041, 34.94318838010414, 35.13189636470384, 35.261469012655034]
valMax 35.261469012655034 pos 5
shape 97 97 3
shape 766 510 3
shape 766 510 3
shape 766 510 3
shape 766 510 3
shape 766 510 3
shape 766 510 3
[(600, 162), (68, 214), (58, 294)]
(600, 162) (530, 162)
(600, 162) (568, 99)
(600, 162) (574, 97)
(600, 162) (537, 130)
(600, 162) (667, 141)
(600, 162) (531, 148)
(600, 162) (530, 162)
(600, 162) (530, 162)
(600, 162) (545, 118)
(600, 162) (537, 130)
(600, 162) (541, 123)
(600, 162) (577, 95)
(600, 162) (530, 162)
(600, 162) (537, 193)
(600, 162) (649, 112)
(600, 162) (530, 162)
(600, 162) (537, 130)
(600, 162) (556, 107)
(68, 214) (26, 157)
(68, 214) (24, 159)
(68, 214) (21, 161)
(68, 214) (-2, 220)
(68, 214) (80, 145)
(68, 214) (8, 176)
(68, 214) (24, 158)
(68, 214) (24, 159)
(68, 214) (25, 158)
(68, 214) (11, 173)
(68, 214) (12, 171)
(68, 214) (17, 165)
(68, 214) (23, 159)
(68, 214) (15, 167)
(68, 214) (20, 162)
(68, 214) (18, 164)
(68, 214) (17, 165)
(68, 214) (20, 162)
(58, 294) (56, 363)
(58, 294) (56, 363)
(58, 294) (55, 363)
(58, 294) (56, 363)
(58, 294) (-3, 329)
(58, 294) (49, 363)
(58, 294) (54, 363)
(58, 294) (53, 363)
(58, 294) (59, 363)
(58, 294) (65, 363)
(58, 294) (59, 363)
(58, 294) (56, 363)
(58, 294) (53, 363)
(58, 294) (49, 363)
(58, 294) (54, 363)
(58, 294) (55, 363)
(58, 294) (56, 363)
(58, 294) (56, 363)
Best 
 valPSNR [24.657113128419105, 33.89401778902918, 33.99125931995974, 33.950439500199046, 34.17890730021821]
valMax 34.17890730021821 pos 5
Imagen  5
./432B/BestPnsrden15_P432Blamb0/BestPnsrden15_P432B_0kodim5.png
./432B/BestPnsrden15_P432Blamb0/BestIMGP432B_0kodim5.png
./420/BestPnsrden15_P420lamb0.005/BestPnsrden15_P420_0.005kodim5.png
./420/BestPnsrden15_P420lamb0.005/BestIMGP420_0.005kodim5.png
./430C/BestPnsrden15_P430Clamb0.0075/BestPnsrden15_P430C_0.0075kodim5.png
./430C/BestPnsrden15_P430Clamb0.0075/BestIMGP430C_0.0075kodim5.png
./430B/BestPnsrden15_P430Blamb0.01/BestPnsrden15_P430B_0.01kodim5.png
./430B/BestPnsrden15_P430Blamb0.01/BestIMGP430B_0.01kodim5.png
First 
valPSNR [24.771461167889953, 31.468633267216223, 31.459724477921846, 31.403377453142895, 31.611072070010103]
valMax 31.611072070010103 pos 5
Parches valPSNR [24.771461167889953, 31.468633267216223, 31.459724477921846, 31.403377453142895, 31.611072070010103]
valMax 31.611072070010103 pos 5
valPSNR [24.922042242640966, 30.632012530649835, 30.62921795769722, 30.62228132537357, 30.773959966692892]
valMax 30.773959966692892 pos 5
Parche 
 valPSNR [24.949308558868356, 31.068026673702597, 31.18619072841787, 31.036565883182373, 31.298832287166398]
valMax 31.298832287166398 pos 5
shape 97 97 3
shape 510 766 3
shape 510 766 3
shape 510 766 3
shape 510 766 3
shape 510 766 3
shape 510 766 3
[(302, 328), (346, 512), (241, 4)]
(302, 328) (281, 261)
(302, 328) (295, 258)
(302, 328) (295, 258)
(302, 328) (233, 343)
(302, 328) (236, 302)
(302, 328) (370, 315)
(302, 328) (324, 261)
(302, 328) (302, 258)
(302, 328) (333, 265)
(302, 328) (302, 258)
(302, 328) (310, 258)
(302, 328) (313, 258)
(302, 328) (329, 263)
(302, 328) (309, 258)
(302, 328) (321, 260)
(302, 328) (311, 258)
(302, 328) (324, 261)
(302, 328) (317, 259)
(346, 512) (358, 580)
(346, 512) (359, 580)
(346, 512) (351, 581)
(346, 512) (395, 561)
(346, 512) (301, 566)
(346, 512) (287, 550)
(346, 512) (346, 582)
(346, 512) (277, 496)
(346, 512) (282, 483)
(346, 512) (390, 566)
(346, 512) (368, 578)
(346, 512) (379, 573)
(346, 512) (350, 581)
(346, 512) (360, 580)
(346, 512) (346, 582)
(346, 512) (359, 580)
(346, 512) (317, 575)
(346, 512) (312, 573)
(241, 4) (310, -6)
(241, 4) (310, -4)
(241, 4) (310, -4)
(241, 4) (277, 63)
(241, 4) (310, 1)
(241, 4) (305, 31)
(241, 4) (267, -61)
(241, 4) (292, -44)
(241, 4) (261, -63)
(241, 4) (308, -13)
(241, 4) (309, -12)
(241, 4) (304, -26)
(241, 4) (293, -43)
(241, 4) (306, -21)
(241, 4) (308, -15)
(241, 4) (310, 0)
(241, 4) (309, -8)
(241, 4) (310, -3)
Best 
 valPSNR [24.771461167889953, 31.468633267216223, 31.459724477921846, 31.403377453142895, 31.611072070010103]
valMax 31.611072070010103 pos 5
Imagen  6
./432B/BestPnsrden15_P432Blamb0/BestPnsrden15_P432B_0kodim6.png
./432B/BestPnsrden15_P432Blamb0/BestIMGP432B_0kodim6.png
./420/BestPnsrden15_P420lamb0.005/BestPnsrden15_P420_0.005kodim6.png
./420/BestPnsrden15_P420lamb0.005/BestIMGP420_0.005kodim6.png
./430C/BestPnsrden15_P430Clamb0.0075/BestPnsrden15_P430C_0.0075kodim6.png
./430C/BestPnsrden15_P430Clamb0.0075/BestIMGP430C_0.0075kodim6.png
./430B/BestPnsrden15_P430Blamb0.01/BestPnsrden15_P430B_0.01kodim6.png
./430B/BestPnsrden15_P430Blamb0.01/BestIMGP430B_0.01kodim6.png
First 
valPSNR [24.763775305796024, 31.944168065292892, 31.97804972061252, 31.911577287404157, 32.18534302524324]
valMax 32.18534302524324 pos 5
Parches valPSNR [24.763775305796024, 31.944168065292892, 31.97804972061252, 31.911577287404157, 32.18534302524324]
valMax 32.18534302524324 pos 5
valPSNR [24.933612133066045, 29.246874649325868, 29.329825571237784, 29.302295445247037, 29.694572217318694]
valMax 29.694572217318694 pos 5
Parche 
 valPSNR [24.816436047468624, 34.45095830065751, 34.42177179500186, 34.28324072864643, 34.59379810115681]
valMax 34.59379810115681 pos 5
shape 97 97 3
shape 510 766 3
shape 510 766 3
shape 510 766 3
shape 510 766 3
shape 510 766 3
shape 510 766 3
[(68, 176), (459, 156), (263, 111)]
(68, 176) (45, 242)
(68, 176) (68, 176)
(68, 176) (68, 176)
(68, 176) (2, 199)
(68, 176) (61, 106)
(68, 176) (-2, 169)
(68, 176) (68, 246)
(68, 176) (68, 176)
(68, 176) (68, 176)
(68, 176) (68, 246)
(68, 176) (18, 126)
(68, 176) (68, 176)
(68, 176) (-2, 176)
(68, 176) (68, 176)
(68, 176) (68, 176)
(68, 176) (-2, 176)
(68, 176) (68, 176)
(68, 176) (68, 176)
(459, 156) (409, 106)
(459, 156) (409, 106)
(459, 156) (409, 106)
(459, 156) (401, 116)
(459, 156) (398, 120)
(459, 156) (400, 118)
(459, 156) (415, 101)
(459, 156) (409, 106)
(459, 156) (400, 117)
(459, 156) (459, 156)
(459, 156) (436, 89)
(459, 156) (459, 86)
(459, 156) (396, 124)
(459, 156) (392, 133)
(459, 156) (459, 86)
(459, 156) (459, 156)
(459, 156) (389, 156)
(459, 156) (529, 156)
(263, 111) (219, 56)
(263, 111) (229, 49)
(263, 111) (231, 48)
(263, 111) (248, 42)
(263, 111) (327, 138)
(263, 111) (232, 48)
(263, 111) (263, 41)
(263, 111) (263, 41)
(263, 111) (263, 41)
(263, 111) (242, 43)
(263, 111) (270, 41)
(263, 111) (263, 41)
(263, 111) (240, 44)
(263, 111) (287, 45)
(263, 111) (283, 43)
(263, 111) (285, 44)
(263, 111) (269, 41)
(263, 111) (282, 43)
Best 
 valPSNR [24.763775305796024, 31.944168065292892, 31.97804972061252, 31.911577287404157, 32.18534302524324]
valMax 32.18534302524324 pos 5
Imagen  7
./432B/BestPnsrden15_P432Blamb0/BestPnsrden15_P432B_0kodim7.png
./432B/BestPnsrden15_P432Blamb0/BestIMGP432B_0kodim7.png
./420/BestPnsrden15_P420lamb0.005/BestPnsrden15_P420_0.005kodim7.png
./420/BestPnsrden15_P420lamb0.005/BestIMGP420_0.005kodim7.png
./430C/BestPnsrden15_P430Clamb0.0075/BestPnsrden15_P430C_0.0075kodim7.png
./430C/BestPnsrden15_P430Clamb0.0075/BestIMGP430C_0.0075kodim7.png
./430B/BestPnsrden15_P430Blamb0.01/BestPnsrden15_P430B_0.01kodim7.png
./430B/BestPnsrden15_P430Blamb0.01/BestIMGP430B_0.01kodim7.png
First 
valPSNR [24.659404135413403, 35.35585194699448, 35.48598514086549, 35.52378459971251, 35.67436176689568]
valMax 35.67436176689568 pos 5
Parches valPSNR [24.659404135413403, 35.35585194699448, 35.48598514086549, 35.52378459971251, 35.67436176689568]
valMax 35.67436176689568 pos 5
valPSNR [24.875220357201716, 36.48779912864879, 36.28686274330804, 36.10645624612028, 36.15607829796247]
valMax 36.48779912864879 pos 2
Parche 
 valPSNR [24.77841721462292, 39.43414129362917, 39.41102428945787, 39.66903974281446, 39.755469475503986]
valMax 39.755469475503986 pos 5
shape 97 97 3
shape 510 766 3
shape 510 766 3
shape 510 766 3
shape 510 766 3
shape 510 766 3
shape 510 766 3
[(391, 447), (323, 307), (291, 147)]
(391, 447) (461, 447)
(391, 447) (461, 447)
(391, 447) (461, 447)
(391, 447) (460, 435)
(391, 447) (401, 516)
(391, 447) (458, 427)
(391, 447) (459, 460)
(391, 447) (461, 447)
(391, 447) (458, 466)
(391, 447) (460, 458)
(391, 447) (457, 469)
(391, 447) (455, 474)
(391, 447) (458, 430)
(391, 447) (460, 435)
(391, 447) (460, 438)
(391, 447) (458, 430)
(391, 447) (460, 435)
(391, 447) (458, 427)
(323, 307) (372, 257)
(323, 307) (273, 257)
(323, 307) (273, 257)
(323, 307) (364, 363)
(323, 307) (254, 322)
(323, 307) (267, 264)
(323, 307) (385, 338)
(323, 307) (372, 356)
(323, 307) (291, 369)
(323, 307) (393, 307)
(323, 307) (393, 307)
(323, 307) (300, 240)
(323, 307) (372, 257)
(323, 307) (393, 307)
(323, 307) (393, 307)
(323, 307) (372, 257)
(323, 307) (393, 307)
(323, 307) (393, 307)
(291, 147) (279, 77)
(291, 147) (306, 78)
(291, 147) (307, 79)
(291, 147) (354, 175)
(291, 147) (340, 196)
(291, 147) (345, 190)
(291, 147) (291, 77)
(291, 147) (304, 78)
(291, 147) (291, 77)
(291, 147) (361, 147)
(291, 147) (340, 97)
(291, 147) (358, 163)
(291, 147) (254, 86)
(291, 147) (268, 80)
(291, 147) (268, 80)
(291, 147) (322, 84)
(291, 147) (361, 147)
(291, 147) (357, 169)
Best 
 valPSNR [24.659404135413403, 35.35585194699448, 35.48598514086549, 35.52378459971251, 35.67436176689568]
valMax 35.67436176689568 pos 5
Imagen  8
./432B/BestPnsrden15_P432Blamb0/BestPnsrden15_P432B_0kodim8.png
./432B/BestPnsrden15_P432Blamb0/BestIMGP432B_0kodim8.png
./420/BestPnsrden15_P420lamb0.005/BestPnsrden15_P420_0.005kodim8.png
./420/BestPnsrden15_P420lamb0.005/BestIMGP420_0.005kodim8.png
./430C/BestPnsrden15_P430Clamb0.0075/BestPnsrden15_P430C_0.0075kodim8.png
./430C/BestPnsrden15_P430Clamb0.0075/BestIMGP430C_0.0075kodim8.png
./430B/BestPnsrden15_P430Blamb0.01/BestPnsrden15_P430B_0.01kodim8.png
./430B/BestPnsrden15_P430Blamb0.01/BestIMGP430B_0.01kodim8.png
First 
valPSNR [24.758342761236804, 31.072166949658513, 31.085002657179494, 30.98738727898814, 31.21261359787795]
valMax 31.21261359787795 pos 5
Parches valPSNR [24.758342761236804, 31.072166949658513, 31.085002657179494, 30.98738727898814, 31.21261359787795]
valMax 31.21261359787795 pos 5
valPSNR [24.844779408392533, 29.67510767727129, 29.900003657060935, 29.702559424776993, 29.899817198368087]
valMax 29.900003657060935 pos 3
Parche 
 valPSNR [24.935451663316584, 34.077392921829684, 34.27127302358737, 33.98376928091439, 34.25391799637134]
valMax 34.27127302358737 pos 3
shape 97 97 3
shape 510 766 3
shape 510 766 3
shape 510 766 3
shape 510 766 3
shape 510 766 3
shape 510 766 3
[(502, 379), (210, 71), (416, 141)]
(502, 379) (502, 309)
(502, 379) (497, 309)
(502, 379) (511, 309)
(502, 379) (545, 434)
(502, 379) (572, 379)
(502, 379) (561, 416)
(502, 379) (511, 309)
(502, 379) (518, 311)
(502, 379) (507, 309)
(502, 379) (482, 311)
(502, 379) (502, 309)
(502, 379) (495, 309)
(502, 379) (510, 309)
(502, 379) (521, 311)
(502, 379) (515, 310)
(502, 379) (509, 309)
(502, 379) (518, 311)
(502, 379) (510, 309)
(210, 71) (277, 89)
(210, 71) (277, 89)
(210, 71) (277, 89)
(210, 71) (277, 87)
(210, 71) (178, 8)
(210, 71) (277, 90)
(210, 71) (160, 120)
(210, 71) (232, 137)
(210, 71) (160, 21)
(210, 71) (248, 129)
(210, 71) (210, 71)
(210, 71) (259, 120)
(210, 71) (210, 71)
(210, 71) (210, 141)
(210, 71) (268, 32)
(210, 71) (160, 120)
(210, 71) (160, 120)
(210, 71) (210, 71)
(416, 141) (411, 210)
(416, 141) (406, 210)
(416, 141) (420, 210)
(416, 141) (363, 187)
(416, 141) (391, 206)
(416, 141) (402, 209)
(416, 141) (361, 184)
(416, 141) (346, 152)
(416, 141) (346, 141)
(416, 141) (486, 141)
(416, 141) (349, 163)
(416, 141) (346, 129)
(416, 141) (355, 177)
(416, 141) (349, 120)
(416, 141) (353, 109)
(416, 141) (440, 206)
(416, 141) (383, 202)
(416, 141) (384, 203)
Best 
 valPSNR [24.758342761236804, 31.072166949658513, 31.085002657179494, 30.98738727898814, 31.21261359787795]
valMax 31.21261359787795 pos 5
Imagen  9
./432B/BestPnsrden15_P432Blamb0/BestPnsrden15_P432B_0kodim9.png
./432B/BestPnsrden15_P432Blamb0/BestIMGP432B_0kodim9.png
./420/BestPnsrden15_P420lamb0.005/BestPnsrden15_P420_0.005kodim9.png
./420/BestPnsrden15_P420lamb0.005/BestIMGP420_0.005kodim9.png
./430C/BestPnsrden15_P430Clamb0.0075/BestPnsrden15_P430C_0.0075kodim9.png
./430C/BestPnsrden15_P430Clamb0.0075/BestIMGP430C_0.0075kodim9.png
./430B/BestPnsrden15_P430Blamb0.01/BestPnsrden15_P430B_0.01kodim9.png
./430B/BestPnsrden15_P430Blamb0.01/BestIMGP430B_0.01kodim9.png
First 
valPSNR [24.612348083654, 35.03281401458616, 35.115697642729955, 35.21050008999606, 35.38728575868762]
valMax 35.38728575868762 pos 5
Parches valPSNR [24.612348083654, 35.03281401458616, 35.115697642729955, 35.21050008999606, 35.38728575868762]
valMax 35.38728575868762 pos 5
valPSNR [24.766878818533833, 39.016409370931335, 39.15441490799479, 39.67975990722372, 39.690132523619916]
valMax 39.690132523619916 pos 5
Parche 
 valPSNR [24.854861737930353, 34.61431598311566, 34.3779307068466, 34.460156942024774, 34.81096447651009]
valMax 34.81096447651009 pos 5
shape 97 97 3
shape 766 510 3
shape 766 510 3
shape 766 510 3
shape 766 510 3
shape 766 510 3
shape 766 510 3
[(662, 327), (553, 282), (212, 122)]
(662, 327) (687, 262)
(662, 327) (707, 273)
(662, 327) (703, 270)
(662, 327) (661, 257)
(662, 327) (638, 261)
(662, 327) (662, 257)
(662, 327) (667, 257)
(662, 327) (669, 257)
(662, 327) (667, 257)
(662, 327) (664, 257)
(662, 327) (667, 257)
(662, 327) (682, 260)
(662, 327) (683, 260)
(662, 327) (684, 260)
(662, 327) (689, 262)
(662, 327) (692, 263)
(662, 327) (697, 266)
(662, 327) (698, 267)
(553, 282) (521, 344)
(553, 282) (566, 350)
(553, 282) (553, 352)
(553, 282) (484, 269)
(553, 282) (498, 325)
(553, 282) (613, 317)
(553, 282) (602, 331)
(553, 282) (553, 282)
(553, 282) (503, 331)
(553, 282) (602, 232)
(553, 282) (619, 304)
(553, 282) (553, 282)
(553, 282) (623, 282)
(553, 282) (602, 232)
(553, 282) (623, 282)
(553, 282) (602, 331)
(553, 282) (602, 331)
(553, 282) (623, 282)
(212, 122) (261, 171)
(212, 122) (180, 59)
(212, 122) (212, 192)
(212, 122) (153, 83)
(212, 122) (166, 68)
(212, 122) (158, 76)
(212, 122) (212, 52)
(212, 122) (212, 122)
(212, 122) (261, 72)
(212, 122) (212, 122)
(212, 122) (212, 52)
(212, 122) (212, 122)
(212, 122) (282, 122)
(212, 122) (212, 122)
(212, 122) (212, 52)
(212, 122) (282, 122)
(212, 122) (282, 122)
(212, 122) (212, 52)
Best 
 valPSNR [24.612348083654, 35.03281401458616, 35.115697642729955, 35.21050008999606, 35.38728575868762]
valMax 35.38728575868762 pos 5
Imagen  10
./432B/BestPnsrden15_P432Blamb0/BestPnsrden15_P432B_0kodim10.png
./432B/BestPnsrden15_P432Blamb0/BestIMGP432B_0kodim10.png
./420/BestPnsrden15_P420lamb0.005/BestPnsrden15_P420_0.005kodim10.png
./420/BestPnsrden15_P420lamb0.005/BestIMGP420_0.005kodim10.png
./430C/BestPnsrden15_P430Clamb0.0075/BestPnsrden15_P430C_0.0075kodim10.png
./430C/BestPnsrden15_P430Clamb0.0075/BestIMGP430C_0.0075kodim10.png
./430B/BestPnsrden15_P430Blamb0.01/BestPnsrden15_P430B_0.01kodim10.png
./430B/BestPnsrden15_P430Blamb0.01/BestIMGP430B_0.01kodim10.png
First 
valPSNR [24.633864830617842, 34.885935625164464, 34.916534642218686, 34.93806920838371, 35.23000289339468]
valMax 35.23000289339468 pos 5
Parches valPSNR [24.633864830617842, 34.885935625164464, 34.916534642218686, 34.93806920838371, 35.23000289339468]
valMax 35.23000289339468 pos 5
valPSNR [24.893177010703617, 36.69608555888264, 36.920955142653725, 36.79995445513121, 36.93912564269073]
valMax 36.93912564269073 pos 5
Parche 
 valPSNR [24.765080543919765, 34.57436904967946, 34.35355098611805, 34.43724941004532, 34.828640996605664]
valMax 34.828640996605664 pos 5
shape 97 97 3
shape 766 510 3
shape 766 510 3
shape 766 510 3
shape 766 510 3
shape 766 510 3
shape 766 510 3
[(321, 392), (235, 410), (303, 387)]
(321, 392) (321, 392)
(321, 392) (321, 392)
(321, 392) (321, 392)
(321, 392) (295, 327)
(321, 392) (261, 354)
(321, 392) (258, 361)
(321, 392) (321, 322)
(321, 392) (321, 322)
(321, 392) (370, 441)
(321, 392) (391, 392)
(321, 392) (391, 392)
(321, 392) (321, 392)
(321, 392) (370, 441)
(321, 392) (321, 462)
(321, 392) (370, 441)
(321, 392) (321, 392)
(321, 392) (321, 392)
(321, 392) (321, 392)
(235, 410) (235, 340)
(235, 410) (284, 360)
(235, 410) (172, 378)
(235, 410) (281, 357)
(235, 410) (297, 378)
(235, 410) (174, 373)
(235, 410) (235, 410)
(235, 410) (235, 480)
(235, 410) (235, 480)
(235, 410) (235, 410)
(235, 410) (266, 347)
(235, 410) (305, 410)
(235, 410) (235, 410)
(235, 410) (284, 459)
(235, 410) (305, 410)
(235, 410) (235, 340)
(235, 410) (235, 410)
(235, 410) (284, 459)
(303, 387) (371, 400)
(303, 387) (371, 399)
(303, 387) (370, 405)
(303, 387) (339, 447)
(303, 387) (370, 406)
(303, 387) (319, 319)
(303, 387) (365, 355)
(303, 387) (373, 387)
(303, 387) (233, 387)
(303, 387) (303, 317)
(303, 387) (334, 449)
(303, 387) (352, 436)
(303, 387) (373, 387)
(303, 387) (303, 317)
(303, 387) (373, 387)
(303, 387) (303, 317)
(303, 387) (233, 387)
(303, 387) (303, 387)
Best 
 valPSNR [24.633864830617842, 34.885935625164464, 34.916534642218686, 34.93806920838371, 35.23000289339468]
valMax 35.23000289339468 pos 5
Imagen  11
./432B/BestPnsrden15_P432Blamb0/BestPnsrden15_P432B_0kodim11.png
./432B/BestPnsrden15_P432Blamb0/BestIMGP432B_0kodim11.png
./420/BestPnsrden15_P420lamb0.005/BestPnsrden15_P420_0.005kodim11.png
./420/BestPnsrden15_P420lamb0.005/BestIMGP420_0.005kodim11.png
./430C/BestPnsrden15_P430Clamb0.0075/BestPnsrden15_P430C_0.0075kodim11.png
./430C/BestPnsrden15_P430Clamb0.0075/BestIMGP430C_0.0075kodim11.png
./430B/BestPnsrden15_P430Blamb0.01/BestPnsrden15_P430B_0.01kodim11.png
./430B/BestPnsrden15_P430Blamb0.01/BestIMGP430B_0.01kodim11.png
First 
valPSNR [24.74949080873454, 32.56014883129279, 32.66021211926113, 32.66052510906147, 32.88814423705679]
valMax 32.88814423705679 pos 5
Parches valPSNR [24.74949080873454, 32.56014883129279, 32.66021211926113, 32.66052510906147, 32.88814423705679]
valMax 32.88814423705679 pos 5
valPSNR [24.940231493911426, 30.182062501980532, 30.333841684930995, 30.425501630382364, 30.645324541702365]
valMax 30.645324541702365 pos 5
Parche 
 valPSNR [24.75522719505483, 32.7774260529122, 32.873364925527994, 32.813004923338, 33.054866320503336]
valMax 33.054866320503336 pos 5
shape 97 97 3
shape 510 766 3
shape 510 766 3
shape 510 766 3
shape 510 766 3
shape 510 766 3
shape 510 766 3
[(127, 27), (462, 550), (198, 225)]
(127, 27) (127, 27)
(127, 27) (127, -43)
(127, 27) (127, -43)
(127, 27) (175, 77)
(127, 27) (73, -19)
(127, 27) (65, -7)
(127, 27) (127, -43)
(127, 27) (127, -43)
(127, 27) (197, 27)
(127, 27) (197, 27)
(127, 27) (158, -36)
(127, 27) (191, 1)
(127, 27) (127, 97)
(127, 27) (88, -32)
(127, 27) (189, 58)
(127, 27) (88, -32)
(127, 27) (110, -41)
(127, 27) (127, -43)
(462, 550) (511, 599)
(462, 550) (511, 599)
(462, 550) (511, 599)
(462, 550) (468, 619)
(462, 550) (531, 555)
(462, 550) (523, 583)
(462, 550) (462, 550)
(462, 550) (412, 500)
(462, 550) (392, 550)
(462, 550) (430, 612)
(462, 550) (448, 618)
(462, 550) (462, 620)
(462, 550) (462, 620)
(462, 550) (493, 612)
(462, 550) (478, 617)
(462, 550) (462, 620)
(462, 550) (462, 620)
(462, 550) (392, 550)
(198, 225) (134, 196)
(198, 225) (133, 197)
(198, 225) (134, 195)
(198, 225) (142, 182)
(198, 225) (155, 169)
(198, 225) (136, 191)
(198, 225) (141, 184)
(198, 225) (139, 186)
(198, 225) (142, 182)
(198, 225) (141, 184)
(198, 225) (139, 187)
(198, 225) (141, 183)
(198, 225) (139, 186)
(198, 225) (144, 179)
(198, 225) (146, 178)
(198, 225) (139, 185)
(198, 225) (141, 183)
(198, 225) (144, 179)
Best 
 valPSNR [24.74949080873454, 32.56014883129279, 32.66021211926113, 32.66052510906147, 32.88814423705679]
valMax 32.88814423705679 pos 5
Imagen  12
./432B/BestPnsrden15_P432Blamb0/BestPnsrden15_P432B_0kodim12.png
./432B/BestPnsrden15_P432Blamb0/BestIMGP432B_0kodim12.png
./420/BestPnsrden15_P420lamb0.005/BestPnsrden15_P420_0.005kodim12.png
./420/BestPnsrden15_P420lamb0.005/BestIMGP420_0.005kodim12.png
./430C/BestPnsrden15_P430Clamb0.0075/BestPnsrden15_P430C_0.0075kodim12.png
./430C/BestPnsrden15_P430Clamb0.0075/BestIMGP430C_0.0075kodim12.png
./430B/BestPnsrden15_P430Blamb0.01/BestPnsrden15_P430B_0.01kodim12.png
./430B/BestPnsrden15_P430Blamb0.01/BestIMGP430B_0.01kodim12.png
First 
valPSNR [24.672968890224595, 34.54453131912893, 34.61586267119762, 34.7115554486699, 34.9104414837279]
valMax 34.9104414837279 pos 5
Parches valPSNR [24.672968890224595, 34.54453131912893, 34.61586267119762, 34.7115554486699, 34.9104414837279]
valMax 34.9104414837279 pos 5
valPSNR [24.826916427286903, 32.9513612681586, 33.03651494063751, 33.10672470716068, 33.423103186875295]
valMax 33.423103186875295 pos 5
Parche 
 valPSNR [24.685490862592268, 35.6732205918428, 35.74427720785033, 35.89151631665664, 36.03780003707332]
valMax 36.03780003707332 pos 5
shape 97 97 3
shape 510 766 3
shape 510 766 3
shape 510 766 3
shape 510 766 3
shape 510 766 3
shape 510 766 3
[(281, 658), (307, 390), (138, 157)]
(281, 658) (339, 696)
(281, 658) (343, 689)
(281, 658) (345, 683)
(281, 658) (218, 626)
(281, 658) (285, 727)
(281, 658) (290, 588)
(281, 658) (297, 590)
(281, 658) (267, 589)
(281, 658) (297, 590)
(281, 658) (281, 588)
(281, 658) (249, 595)
(281, 658) (281, 588)
(281, 658) (330, 608)
(281, 658) (330, 608)
(281, 658) (330, 608)
(281, 658) (281, 588)
(281, 658) (281, 588)
(281, 658) (312, 595)
(307, 390) (347, 447)
(307, 390) (352, 443)
(307, 390) (349, 445)
(307, 390) (240, 369)
(307, 390) (331, 455)
(307, 390) (237, 382)
(307, 390) (369, 421)
(307, 390) (356, 439)
(307, 390) (374, 406)
(307, 390) (244, 358)
(307, 390) (244, 358)
(307, 390) (248, 351)
(307, 390) (329, 456)
(307, 390) (257, 439)
(307, 390) (329, 456)
(307, 390) (377, 390)
(307, 390) (307, 320)
(307, 390) (369, 358)
(138, 157) (108, 220)
(138, 157) (108, 220)
(138, 157) (115, 223)
(138, 157) (109, 220)
(138, 157) (128, 226)
(138, 157) (104, 218)
(138, 157) (142, 226)
(138, 157) (151, 225)
(138, 157) (156, 224)
(138, 157) (138, 227)
(138, 157) (138, 227)
(138, 157) (142, 226)
(138, 157) (138, 227)
(138, 157) (138, 227)
(138, 157) (133, 226)
(138, 157) (142, 226)
(138, 157) (138, 227)
(138, 157) (142, 226)
Best 
 valPSNR [24.672968890224595, 34.54453131912893, 34.61586267119762, 34.7115554486699, 34.9104414837279]
valMax 34.9104414837279 pos 5
Imagen  13
./432B/BestPnsrden15_P432Blamb0/BestPnsrden15_P432B_0kodim13.png
./432B/BestPnsrden15_P432Blamb0/BestIMGP432B_0kodim13.png
./420/BestPnsrden15_P420lamb0.005/BestPnsrden15_P420_0.005kodim13.png
./420/BestPnsrden15_P420lamb0.005/BestIMGP420_0.005kodim13.png
./430C/BestPnsrden15_P430Clamb0.0075/BestPnsrden15_P430C_0.0075kodim13.png
./430C/BestPnsrden15_P430Clamb0.0075/BestIMGP430C_0.0075kodim13.png
./430B/BestPnsrden15_P430Blamb0.01/BestPnsrden15_P430B_0.01kodim13.png
./430B/BestPnsrden15_P430Blamb0.01/BestIMGP430B_0.01kodim13.png
First 
valPSNR [24.711950867398386, 29.29534484319177, 29.331610531240496, 29.26145312311632, 29.511783881466638]
valMax 29.511783881466638 pos 5
Parches valPSNR [24.711950867398386, 29.29534484319177, 29.331610531240496, 29.26145312311632, 29.511783881466638]
valMax 29.511783881466638 pos 5
valPSNR [24.83006094606089, 29.9278780809558, 30.053522560124435, 29.806361821530093, 29.95060224305885]
valMax 30.053522560124435 pos 3
Parche 
 valPSNR [24.861372467751632, 29.562705162376535, 29.47786328333271, 29.43280401448876, 29.777728854842177]
valMax 29.777728854842177 pos 5
shape 97 97 3
shape 510 766 3
shape 510 766 3
shape 510 766 3
shape 510 766 3
shape 510 766 3
shape 510 766 3
[(301, 446), (207, 321), (279, 690)]
(301, 446) (274, 510)
(301, 446) (275, 511)
(301, 446) (277, 511)
(301, 446) (305, 515)
(301, 446) (279, 512)
(301, 446) (236, 471)
(301, 446) (270, 508)
(301, 446) (267, 507)
(301, 446) (271, 509)
(301, 446) (258, 501)
(301, 446) (263, 505)
(301, 446) (253, 497)
(301, 446) (275, 511)
(301, 446) (277, 511)
(301, 446) (268, 508)
(301, 446) (268, 507)
(301, 446) (276, 511)
(301, 446) (270, 509)
(207, 321) (157, 370)
(207, 321) (175, 383)
(207, 321) (207, 391)
(207, 321) (151, 363)
(207, 321) (243, 381)
(207, 321) (169, 380)
(207, 321) (144, 352)
(207, 321) (157, 370)
(207, 321) (159, 372)
(207, 321) (179, 385)
(207, 321) (162, 375)
(207, 321) (161, 374)
(207, 321) (166, 378)
(207, 321) (143, 350)
(207, 321) (157, 370)
(207, 321) (170, 380)
(207, 321) (179, 385)
(207, 321) (188, 388)
(279, 690) (231, 638)
(279, 690) (228, 641)
(279, 690) (228, 641)
(279, 690) (235, 635)
(279, 690) (229, 640)
(279, 690) (215, 661)
(279, 690) (234, 635)
(279, 690) (233, 636)
(279, 690) (229, 640)
(279, 690) (233, 636)
(279, 690) (233, 636)
(279, 690) (230, 639)
(279, 690) (245, 628)
(279, 690) (240, 631)
(279, 690) (237, 633)
(279, 690) (228, 641)
(279, 690) (228, 641)
(279, 690) (229, 641)
Best 
 valPSNR [24.711950867398386, 29.29534484319177, 29.331610531240496, 29.26145312311632, 29.511783881466638]
valMax 29.511783881466638 pos 5
Imagen  14
./432B/BestPnsrden15_P432Blamb0/BestPnsrden15_P432B_0kodim14.png
./432B/BestPnsrden15_P432Blamb0/BestIMGP432B_0kodim14.png
./420/BestPnsrden15_P420lamb0.005/BestPnsrden15_P420_0.005kodim14.png
./420/BestPnsrden15_P420lamb0.005/BestIMGP420_0.005kodim14.png
./430C/BestPnsrden15_P430Clamb0.0075/BestPnsrden15_P430C_0.0075kodim14.png
./430C/BestPnsrden15_P430Clamb0.0075/BestIMGP430C_0.0075kodim14.png
./430B/BestPnsrden15_P430Blamb0.01/BestPnsrden15_P430B_0.01kodim14.png
./430B/BestPnsrden15_P430Blamb0.01/BestIMGP430B_0.01kodim14.png
First 
valPSNR [24.710884084964903, 31.748820953937248, 31.773912929101556, 31.726846495195588, 32.03359834466433]
valMax 32.03359834466433 pos 5
Parches valPSNR [24.710884084964903, 31.748820953937248, 31.773912929101556, 31.726846495195588, 32.03359834466433]
valMax 32.03359834466433 pos 5
valPSNR [24.82797332262836, 31.607987236281375, 31.529305795921584, 31.534690813263346, 31.861097926870894]
valMax 31.861097926870894 pos 5
Parche 
 valPSNR [24.875635949250807, 31.408881280172437, 31.55525814282462, 31.507270386527757, 31.721187338314152]
valMax 31.721187338314152 pos 5
shape 97 97 3
shape 510 766 3
shape 510 766 3
shape 510 766 3
shape 510 766 3
shape 510 766 3
shape 510 766 3
[(172, 665), (146, 656), (103, 449)]
(172, 665) (203, 602)
(172, 665) (188, 597)
(172, 665) (188, 597)
(172, 665) (140, 602)
(172, 665) (203, 602)
(172, 665) (169, 734)
(172, 665) (122, 615)
(172, 665) (113, 626)
(172, 665) (102, 665)
(172, 665) (130, 609)
(172, 665) (149, 598)
(172, 665) (109, 633)
(172, 665) (221, 714)
(172, 665) (234, 633)
(172, 665) (221, 714)
(172, 665) (221, 615)
(172, 665) (172, 595)
(172, 665) (221, 714)
(146, 656) (184, 714)
(146, 656) (184, 714)
(146, 656) (190, 709)
(146, 656) (203, 695)
(146, 656) (206, 690)
(146, 656) (81, 630)
(146, 656) (195, 705)
(146, 656) (83, 687)
(146, 656) (157, 725)
(146, 656) (146, 726)
(146, 656) (114, 718)
(146, 656) (146, 586)
(146, 656) (146, 726)
(146, 656) (195, 705)
(146, 656) (213, 672)
(146, 656) (159, 724)
(146, 656) (129, 723)
(146, 656) (168, 722)
(103, 449) (125, 515)
(103, 449) (141, 507)
(103, 449) (134, 511)
(103, 449) (152, 498)
(103, 449) (144, 505)
(103, 449) (44, 411)
(103, 449) (165, 480)
(103, 449) (152, 399)
(103, 449) (169, 471)
(103, 449) (161, 410)
(103, 449) (80, 382)
(103, 449) (103, 379)
(103, 449) (169, 471)
(103, 449) (163, 485)
(103, 449) (134, 511)
(103, 449) (53, 399)
(103, 449) (53, 399)
(103, 449) (71, 386)
Best 
 valPSNR [24.710884084964903, 31.748820953937248, 31.773912929101556, 31.726846495195588, 32.03359834466433]
valMax 32.03359834466433 pos 5
Imagen  15
./432B/BestPnsrden15_P432Blamb0/BestPnsrden15_P432B_0kodim15.png
./432B/BestPnsrden15_P432Blamb0/BestIMGP432B_0kodim15.png
./420/BestPnsrden15_P420lamb0.005/BestPnsrden15_P420_0.005kodim15.png
./420/BestPnsrden15_P420lamb0.005/BestIMGP420_0.005kodim15.png
./430C/BestPnsrden15_P430Clamb0.0075/BestPnsrden15_P430C_0.0075kodim15.png
./430C/BestPnsrden15_P430Clamb0.0075/BestIMGP430C_0.0075kodim15.png
./430B/BestPnsrden15_P430Blamb0.01/BestPnsrden15_P430B_0.01kodim15.png
./430B/BestPnsrden15_P430Blamb0.01/BestIMGP430B_0.01kodim15.png
First 
valPSNR [24.955895033076434, 33.64829559027005, 33.76686152857107, 33.839673250067705, 33.95183844695908]
valMax 33.95183844695908 pos 5
Parches valPSNR [24.955895033076434, 33.64829559027005, 33.76686152857107, 33.839673250067705, 33.95183844695908]
valMax 33.95183844695908 pos 5
valPSNR [25.513494211132265, 33.87946034889708, 33.83142913630448, 33.97548368990642, 34.11640316886927]
valMax 34.11640316886927 pos 5
Parche 
 valPSNR [25.079498766924992, 32.59947152929146, 32.7272015783513, 32.82340940319944, 32.859305107874896]
valMax 32.859305107874896 pos 5
shape 97 97 3
shape 510 766 3
shape 510 766 3
shape 510 766 3
shape 510 766 3
shape 510 766 3
shape 510 766 3
[(40, 167), (387, 235), (164, 555)]
(40, 167) (107, 183)
(40, 167) (107, 183)
(40, 167) (100, 203)
(40, 167) (8, 229)
(40, 167) (-18, 127)
(40, 167) (87, 115)
(40, 167) (98, 128)
(40, 167) (107, 150)
(40, 167) (-28, 150)
(40, 167) (110, 167)
(40, 167) (62, 233)
(40, 167) (-19, 205)
(40, 167) (110, 167)
(40, 167) (-23, 198)
(40, 167) (-27, 144)
(40, 167) (-21, 130)
(40, 167) (-25, 141)
(40, 167) (-21, 130)
(387, 235) (355, 172)
(387, 235) (343, 180)
(387, 235) (343, 180)
(387, 235) (349, 175)
(387, 235) (345, 178)
(387, 235) (446, 271)
(387, 235) (425, 176)
(387, 235) (449, 203)
(387, 235) (457, 235)
(387, 235) (449, 203)
(387, 235) (457, 235)
(387, 235) (441, 278)
(387, 235) (387, 165)
(387, 235) (409, 168)
(387, 235) (425, 176)
(387, 235) (370, 167)
(387, 235) (364, 168)
(387, 235) (352, 174)
(164, 555) (213, 505)
(164, 555) (213, 505)
(164, 555) (186, 488)
(164, 555) (227, 584)
(164, 555) (132, 492)
(164, 555) (132, 492)
(164, 555) (234, 555)
(164, 555) (228, 529)
(164, 555) (231, 538)
(164, 555) (114, 505)
(164, 555) (234, 555)
(164, 555) (213, 505)
(164, 555) (164, 555)
(164, 555) (226, 586)
(164, 555) (164, 485)
(164, 555) (164, 485)
(164, 555) (234, 555)
(164, 555) (195, 492)
Best 
 valPSNR [24.955895033076434, 33.64829559027005, 33.76686152857107, 33.839673250067705, 33.95183844695908]
valMax 33.95183844695908 pos 5
Imagen  16
./432B/BestPnsrden15_P432Blamb0/BestPnsrden15_P432B_0kodim16.png
./432B/BestPnsrden15_P432Blamb0/BestIMGP432B_0kodim16.png
./420/BestPnsrden15_P420lamb0.005/BestPnsrden15_P420_0.005kodim16.png
./420/BestPnsrden15_P420lamb0.005/BestIMGP420_0.005kodim16.png
./430C/BestPnsrden15_P430Clamb0.0075/BestPnsrden15_P430C_0.0075kodim16.png
./430C/BestPnsrden15_P430Clamb0.0075/BestIMGP430C_0.0075kodim16.png
./430B/BestPnsrden15_P430Blamb0.01/BestPnsrden15_P430B_0.01kodim16.png
./430B/BestPnsrden15_P430Blamb0.01/BestIMGP430B_0.01kodim16.png
First 
valPSNR [24.631132821683998, 33.67430875448282, 33.77133825260203, 33.73426593075333, 34.020263481015725]
valMax 34.020263481015725 pos 5
Parches valPSNR [24.631132821683998, 33.67430875448282, 33.77133825260203, 33.73426593075333, 34.020263481015725]
valMax 34.020263481015725 pos 5
valPSNR [24.782279915321304, 38.310843139544815, 39.22677040311011, 39.30489796632119, 39.601822671077]
valMax 39.601822671077 pos 5
Parche 
 valPSNR [24.7681199930598, 34.29873467135089, 34.23354340713903, 33.98211924869074, 34.21074483249043]
valMax 34.29873467135089 pos 2
shape 97 97 3
shape 510 766 3
shape 510 766 3
shape 510 766 3
shape 510 766 3
shape 510 766 3
shape 510 766 3
[(214, 431), (439, 153), (151, 41)]
(214, 431) (167, 378)
(214, 431) (175, 372)
(214, 431) (179, 370)
(214, 431) (276, 462)
(214, 431) (195, 363)
(214, 431) (281, 450)
(214, 431) (166, 379)
(214, 431) (185, 366)
(214, 431) (201, 362)
(214, 431) (182, 368)
(214, 431) (199, 362)
(214, 431) (230, 363)
(214, 431) (166, 379)
(214, 431) (182, 368)
(214, 431) (180, 369)
(214, 431) (184, 367)
(214, 431) (207, 361)
(214, 431) (222, 361)
(439, 153) (430, 83)
(439, 153) (430, 83)
(439, 153) (430, 83)
(439, 153) (472, 214)
(439, 153) (481, 97)
(439, 153) (495, 194)
(439, 153) (400, 211)
(439, 153) (389, 202)
(439, 153) (439, 223)
(439, 153) (447, 222)
(439, 153) (425, 221)
(439, 153) (439, 223)
(439, 153) (402, 213)
(439, 153) (422, 220)
(439, 153) (372, 175)
(439, 153) (455, 220)
(439, 153) (422, 220)
(439, 153) (416, 219)
(151, 41) (87, 69)
(151, 41) (105, 94)
(151, 41) (101, 90)
(151, 41) (195, 95)
(151, 41) (86, 14)
(151, 41) (221, 41)
(151, 41) (131, 108)
(151, 41) (123, 105)
(151, 41) (131, 108)
(151, 41) (84, 63)
(151, 41) (125, 105)
(151, 41) (119, 103)
(151, 41) (151, 111)
(151, 41) (109, 97)
(151, 41) (112, 99)
(151, 41) (119, 103)
(151, 41) (101, 90)
(151, 41) (119, 103)
Best 
 valPSNR [24.631132821683998, 33.67430875448282, 33.77133825260203, 33.73426593075333, 34.020263481015725]
valMax 34.020263481015725 pos 5
Imagen  17
./432B/BestPnsrden15_P432Blamb0/BestPnsrden15_P432B_0kodim17.png
./432B/BestPnsrden15_P432Blamb0/BestIMGP432B_0kodim17.png
./420/BestPnsrden15_P420lamb0.005/BestPnsrden15_P420_0.005kodim17.png
./420/BestPnsrden15_P420lamb0.005/BestIMGP420_0.005kodim17.png
./430C/BestPnsrden15_P430Clamb0.0075/BestPnsrden15_P430C_0.0075kodim17.png
./430C/BestPnsrden15_P430Clamb0.0075/BestIMGP430C_0.0075kodim17.png
./430B/BestPnsrden15_P430Blamb0.01/BestPnsrden15_P430B_0.01kodim17.png
./430B/BestPnsrden15_P430Blamb0.01/BestIMGP430B_0.01kodim17.png
First 
valPSNR [24.866138954014943, 34.092884146251954, 34.24286348527764, 34.26733156529248, 34.53101533561694]
valMax 34.53101533561694 pos 5
Parches valPSNR [24.866138954014943, 34.092884146251954, 34.24286348527764, 34.26733156529248, 34.53101533561694]
valMax 34.53101533561694 pos 5
valPSNR [25.232267437227755, 29.415056782873343, 29.57794483819412, 29.538294920627255, 30.056984935654178]
valMax 30.056984935654178 pos 5
Parche 
 valPSNR [24.835872594470715, 32.26708402312694, 32.51895120039146, 32.536233723124, 32.7623315179971]
valMax 32.7623315179971 pos 5
shape 97 97 3
shape 766 510 3
shape 766 510 3
shape 766 510 3
shape 766 510 3
shape 766 510 3
shape 766 510 3
[(759, 454), (443, 142), (353, 487)]
(759, 454) (828, 442)
(759, 454) (823, 479)
(759, 454) (827, 467)
(759, 454) (695, 425)
(759, 454) (820, 487)
(759, 454) (782, 519)
(759, 454) (808, 404)
(759, 454) (817, 492)
(759, 454) (825, 476)
(759, 454) (808, 404)
(759, 454) (828, 442)
(759, 454) (829, 454)
(759, 454) (829, 454)
(759, 454) (817, 492)
(759, 454) (821, 485)
(759, 454) (759, 384)
(759, 454) (821, 485)
(759, 454) (829, 454)
(443, 142) (433, 72)
(443, 142) (456, 73)
(443, 142) (449, 72)
(443, 142) (417, 207)
(443, 142) (421, 75)
(443, 142) (510, 160)
(443, 142) (513, 142)
(443, 142) (459, 74)
(443, 142) (458, 73)
(443, 142) (393, 92)
(443, 142) (513, 142)
(443, 142) (510, 158)
(443, 142) (426, 74)
(443, 142) (492, 92)
(443, 142) (505, 110)
(443, 142) (459, 74)
(443, 142) (485, 86)
(443, 142) (503, 105)
(353, 487) (387, 547)
(353, 487) (380, 551)
(353, 487) (398, 540)
(353, 487) (417, 512)
(353, 487) (353, 557)
(353, 487) (375, 420)
(353, 487) (321, 549)
(353, 487) (341, 556)
(353, 487) (353, 557)
(353, 487) (285, 503)
(353, 487) (303, 536)
(353, 487) (292, 523)
(353, 487) (303, 536)
(353, 487) (303, 536)
(353, 487) (286, 509)
(353, 487) (283, 487)
(353, 487) (321, 549)
(353, 487) (290, 518)
Best 
 valPSNR [24.866138954014943, 34.092884146251954, 34.24286348527764, 34.26733156529248, 34.53101533561694]
valMax 34.53101533561694 pos 5
Imagen  18
./432B/BestPnsrden15_P432Blamb0/BestPnsrden15_P432B_0kodim18.png
./432B/BestPnsrden15_P432Blamb0/BestIMGP432B_0kodim18.png
./420/BestPnsrden15_P420lamb0.005/BestPnsrden15_P420_0.005kodim18.png
./420/BestPnsrden15_P420lamb0.005/BestIMGP420_0.005kodim18.png
./430C/BestPnsrden15_P430Clamb0.0075/BestPnsrden15_P430C_0.0075kodim18.png
./430C/BestPnsrden15_P430Clamb0.0075/BestIMGP430C_0.0075kodim18.png
./430B/BestPnsrden15_P430Blamb0.01/BestPnsrden15_P430B_0.01kodim18.png
./430B/BestPnsrden15_P430Blamb0.01/BestIMGP430B_0.01kodim18.png
First 
valPSNR [24.768007062025184, 31.40232559069656, 31.477786729658206, 31.42624044369073, 31.689914750208597]
valMax 31.689914750208597 pos 5
Parches valPSNR [24.768007062025184, 31.40232559069656, 31.477786729658206, 31.42624044369073, 31.689914750208597]
valMax 31.689914750208597 pos 5
valPSNR [24.856632175746604, 33.71517164027246, 33.91698718466157, 33.869106128633184, 34.178583242457854]
valMax 34.178583242457854 pos 5
Parche 
 valPSNR [24.88628654933283, 31.899883576258127, 31.912157435938035, 31.81107698771904, 32.139845784213975]
valMax 32.139845784213975 pos 5
shape 97 97 3
shape 766 510 3
shape 766 510 3
shape 766 510 3
shape 766 510 3
shape 766 510 3
shape 766 510 3
[(11, 249), (561, 493), (544, 271)]
(11, 249) (11, 179)
(11, 249) (11, 179)
(11, 249) (11, 179)
(11, 249) (-6, 181)
(11, 249) (60, 298)
(11, 249) (53, 304)
(11, 249) (-59, 237)
(11, 249) (-33, 194)
(11, 249) (-59, 249)
(11, 249) (-21, 186)
(11, 249) (-39, 199)
(11, 249) (60, 199)
(11, 249) (-39, 298)
(11, 249) (-59, 249)
(11, 249) (-39, 298)
(11, 249) (-59, 249)
(11, 249) (-59, 249)
(11, 249) (11, 319)
(561, 493) (496, 467)
(561, 493) (498, 461)
(561, 493) (499, 459)
(561, 493) (497, 463)
(561, 493) (529, 430)
(561, 493) (589, 429)
(561, 493) (522, 434)
(561, 493) (554, 423)
(561, 493) (522, 434)
(561, 493) (610, 443)
(561, 493) (627, 470)
(561, 493) (511, 443)
(561, 493) (610, 443)
(561, 493) (615, 449)
(561, 493) (610, 443)
(561, 493) (561, 423)
(561, 493) (580, 425)
(561, 493) (555, 423)
(544, 271) (606, 302)
(544, 271) (602, 309)
(544, 271) (610, 293)
(544, 271) (585, 327)
(544, 271) (604, 306)
(544, 271) (498, 217)
(544, 271) (494, 221)
(544, 271) (474, 271)
(544, 271) (521, 204)
(544, 271) (544, 271)
(544, 271) (474, 271)
(544, 271) (606, 239)
(544, 271) (544, 341)
(544, 271) (593, 320)
(544, 271) (544, 271)
(544, 271) (544, 271)
(544, 271) (614, 271)
(544, 271) (614, 271)
Best 
 valPSNR [24.768007062025184, 31.40232559069656, 31.477786729658206, 31.42624044369073, 31.689914750208597]
valMax 31.689914750208597 pos 5
Imagen  19
./432B/BestPnsrden15_P432Blamb0/BestPnsrden15_P432B_0kodim19.png
./432B/BestPnsrden15_P432Blamb0/BestIMGP432B_0kodim19.png
./420/BestPnsrden15_P420lamb0.005/BestPnsrden15_P420_0.005kodim19.png
./420/BestPnsrden15_P420lamb0.005/BestIMGP420_0.005kodim19.png
./430C/BestPnsrden15_P430Clamb0.0075/BestPnsrden15_P430C_0.0075kodim19.png
./430C/BestPnsrden15_P430Clamb0.0075/BestIMGP430C_0.0075kodim19.png
./430B/BestPnsrden15_P430Blamb0.01/BestPnsrden15_P430B_0.01kodim19.png
./430B/BestPnsrden15_P430Blamb0.01/BestIMGP430B_0.01kodim19.png
First 
valPSNR [24.670460394850625, 32.895706056999565, 32.962995943281086, 32.851203659358305, 33.10442104969938]
valMax 33.10442104969938 pos 5
Parches valPSNR [24.670460394850625, 32.895706056999565, 32.962995943281086, 32.851203659358305, 33.10442104969938]
valMax 33.10442104969938 pos 5
valPSNR [24.88032898284391, 34.09802181007531, 34.15590787921326, 34.21977047724934, 34.524263117107]
valMax 34.524263117107 pos 5
Parche 
 valPSNR [25.035139046774468, 31.537189289829627, 31.55745287601727, 31.511090240533143, 31.92510368579894]
valMax 31.92510368579894 pos 5
shape 97 97 3
shape 766 510 3
shape 766 510 3
shape 766 510 3
shape 766 510 3
shape 766 510 3
shape 766 510 3
[(483, 469), (761, 492), (677, 87)]
(483, 469) (413, 479)
(483, 469) (413, 479)
(483, 469) (413, 479)
(483, 469) (415, 487)
(483, 469) (415, 449)
(483, 469) (413, 477)
(483, 469) (413, 475)
(483, 469) (413, 471)
(483, 469) (413, 470)
(483, 469) (413, 473)
(483, 469) (413, 472)
(483, 469) (413, 469)
(483, 469) (413, 474)
(483, 469) (413, 469)
(483, 469) (413, 469)
(483, 469) (413, 469)
(483, 469) (413, 470)
(483, 469) (413, 467)
(761, 492) (752, 422)
(761, 492) (744, 424)
(761, 492) (769, 422)
(761, 492) (737, 426)
(761, 492) (795, 553)
(761, 492) (810, 541)
(761, 492) (761, 562)
(761, 492) (698, 523)
(761, 492) (698, 523)
(761, 492) (821, 528)
(761, 492) (814, 537)
(761, 492) (799, 550)
(761, 492) (804, 546)
(761, 492) (774, 560)
(761, 492) (817, 534)
(761, 492) (831, 492)
(761, 492) (831, 492)
(761, 492) (831, 492)
(677, 87) (607, 87)
(677, 87) (677, 87)
(677, 87) (677, 87)
(677, 87) (668, 17)
(677, 87) (640, 27)
(677, 87) (724, 138)
(677, 87) (693, 154)
(677, 87) (693, 154)
(677, 87) (688, 156)
(677, 87) (708, 149)
(677, 87) (693, 154)
(677, 87) (686, 156)
(677, 87) (645, 149)
(677, 87) (688, 156)
(677, 87) (654, 153)
(677, 87) (708, 149)
(677, 87) (690, 155)
(677, 87) (696, 154)
Best 
 valPSNR [24.670460394850625, 32.895706056999565, 32.962995943281086, 32.851203659358305, 33.10442104969938]
valMax 33.10442104969938 pos 5
Imagen  20
./432B/BestPnsrden15_P432Blamb0/BestPnsrden15_P432B_0kodim20.png
./432B/BestPnsrden15_P432Blamb0/BestIMGP432B_0kodim20.png
./420/BestPnsrden15_P420lamb0.005/BestPnsrden15_P420_0.005kodim20.png
./420/BestPnsrden15_P420lamb0.005/BestIMGP420_0.005kodim20.png
./430C/BestPnsrden15_P430Clamb0.0075/BestPnsrden15_P430C_0.0075kodim20.png
./430C/BestPnsrden15_P430Clamb0.0075/BestIMGP430C_0.0075kodim20.png
./430B/BestPnsrden15_P430Blamb0.01/BestPnsrden15_P430B_0.01kodim20.png
./430B/BestPnsrden15_P430Blamb0.01/BestIMGP430B_0.01kodim20.png
First 
valPSNR [25.610238609529876, 32.55582243637861, 32.6206505407842, 32.59892536956461, 32.75359579907772]
valMax 32.75359579907772 pos 5
Parches valPSNR [25.610238609529876, 32.55582243637861, 32.6206505407842, 32.59892536956461, 32.75359579907772]
valMax 32.75359579907772 pos 5
valPSNR [26.89285806305037, 33.245212042129275, 33.57319406420867, 33.5601809441902, 33.5053366563905]
valMax 33.57319406420867 pos 3
Parche 
 valPSNR [25.051837126346506, 33.192574426668024, 33.13385375278126, 33.0218721456761, 33.44556024780163]
valMax 33.44556024780163 pos 5
shape 97 97 3
shape 510 766 3
shape 510 766 3
shape 510 766 3
shape 510 766 3
shape 510 766 3
shape 510 766 3
[(335, 248), (285, 498), (500, 336)]
(335, 248) (276, 209)
(335, 248) (276, 209)
(335, 248) (268, 225)
(335, 248) (324, 317)
(335, 248) (404, 245)
(335, 248) (353, 180)
(335, 248) (272, 279)
(335, 248) (303, 310)
(335, 248) (335, 318)
(335, 248) (285, 297)
(335, 248) (265, 248)
(335, 248) (272, 279)
(335, 248) (296, 306)
(335, 248) (303, 310)
(335, 248) (285, 297)
(335, 248) (373, 306)
(335, 248) (335, 318)
(335, 248) (335, 318)
(285, 498) (235, 448)
(285, 498) (253, 435)
(285, 498) (285, 498)
(285, 498) (354, 493)
(285, 498) (215, 486)
(285, 498) (355, 498)
(285, 498) (285, 498)
(285, 498) (285, 568)
(285, 498) (235, 448)
(285, 498) (262, 431)
(285, 498) (355, 498)
(285, 498) (285, 498)
(285, 498) (285, 428)
(285, 498) (253, 435)
(285, 498) (285, 498)
(285, 498) (355, 498)
(285, 498) (285, 428)
(285, 498) (285, 498)
(500, 336) (435, 363)
(500, 336) (433, 358)
(500, 336) (435, 363)
(500, 336) (482, 403)
(500, 336) (433, 313)
(500, 336) (444, 378)
(500, 336) (434, 359)
(500, 336) (431, 349)
(500, 336) (431, 350)
(500, 336) (437, 367)
(500, 336) (432, 353)
(500, 336) (432, 354)
(500, 336) (433, 358)
(500, 336) (430, 345)
(500, 336) (430, 336)
(500, 336) (439, 371)
(500, 336) (434, 361)
(500, 336) (437, 367)
Best 
 valPSNR [25.610238609529876, 32.55582243637861, 32.6206505407842, 32.59892536956461, 32.75359579907772]
valMax 32.75359579907772 pos 5
Imagen  21
./432B/BestPnsrden15_P432Blamb0/BestPnsrden15_P432B_0kodim21.png
./432B/BestPnsrden15_P432Blamb0/BestIMGP432B_0kodim21.png
./420/BestPnsrden15_P420lamb0.005/BestPnsrden15_P420_0.005kodim21.png
./420/BestPnsrden15_P420lamb0.005/BestIMGP420_0.005kodim21.png
./430C/BestPnsrden15_P430Clamb0.0075/BestPnsrden15_P430C_0.0075kodim21.png
./430C/BestPnsrden15_P430Clamb0.0075/BestIMGP430C_0.0075kodim21.png
./430B/BestPnsrden15_P430Blamb0.01/BestPnsrden15_P430B_0.01kodim21.png
./430B/BestPnsrden15_P430Blamb0.01/BestIMGP430B_0.01kodim21.png
First 
valPSNR [24.64200699837299, 32.41059492277729, 32.49908473595547, 32.529866494406434, 32.79959543830346]
valMax 32.79959543830346 pos 5
Parches valPSNR [24.64200699837299, 32.41059492277729, 32.49908473595547, 32.529866494406434, 32.79959543830346]
valMax 32.79959543830346 pos 5
valPSNR [25.05427042890888, 33.03902029764695, 33.25515008036548, 33.290946880272585, 33.496176527216804]
valMax 33.496176527216804 pos 5
Parche 
 valPSNR [24.895354681263278, 30.617984020338763, 30.59789228358727, 30.589358282469487, 30.818907021164513]
valMax 30.818907021164513 pos 5
shape 97 97 3
shape 510 766 3
shape 510 766 3
shape 510 766 3
shape 510 766 3
shape 510 766 3
shape 510 766 3
[(236, 50), (225, 79), (428, 595)]
(236, 50) (298, 81)
(236, 50) (298, 81)
(236, 50) (292, 92)
(236, 50) (272, 109)
(236, 50) (251, 118)
(236, 50) (181, 93)
(236, 50) (285, 0)
(236, 50) (285, 99)
(236, 50) (236, -20)
(236, 50) (267, 112)
(236, 50) (289, 94)
(236, 50) (306, 50)
(236, 50) (298, 81)
(236, 50) (236, -20)
(236, 50) (186, 0)
(236, 50) (236, 120)
(236, 50) (236, 50)
(236, 50) (180, 8)
(225, 79) (287, 110)
(225, 79) (283, 117)
(225, 79) (283, 117)
(225, 79) (225, 9)
(225, 79) (261, 138)
(225, 79) (266, 135)
(225, 79) (287, 110)
(225, 79) (166, 117)
(225, 79) (274, 128)
(225, 79) (274, 128)
(225, 79) (202, 145)
(225, 79) (225, 149)
(225, 79) (274, 128)
(225, 79) (256, 141)
(225, 79) (295, 79)
(225, 79) (193, 16)
(225, 79) (225, 149)
(225, 79) (186, 20)
(428, 595) (365, 563)
(428, 595) (378, 545)
(428, 595) (414, 526)
(428, 595) (490, 626)
(428, 595) (458, 531)
(428, 595) (496, 611)
(428, 595) (487, 557)
(428, 595) (465, 535)
(428, 595) (465, 535)
(428, 595) (491, 565)
(428, 595) (468, 537)
(428, 595) (473, 541)
(428, 595) (436, 525)
(428, 595) (461, 533)
(428, 595) (459, 532)
(428, 595) (479, 547)
(428, 595) (473, 542)
(428, 595) (481, 549)
Best 
 valPSNR [24.64200699837299, 32.41059492277729, 32.49908473595547, 32.529866494406434, 32.79959543830346]
valMax 32.79959543830346 pos 5
Imagen  22
./432B/BestPnsrden15_P432Blamb0/BestPnsrden15_P432B_0kodim22.png
./432B/BestPnsrden15_P432Blamb0/BestIMGP432B_0kodim22.png
./420/BestPnsrden15_P420lamb0.005/BestPnsrden15_P420_0.005kodim22.png
./420/BestPnsrden15_P420lamb0.005/BestIMGP420_0.005kodim22.png
./430C/BestPnsrden15_P430Clamb0.0075/BestPnsrden15_P430C_0.0075kodim22.png
./430C/BestPnsrden15_P430Clamb0.0075/BestIMGP430C_0.0075kodim22.png
./430B/BestPnsrden15_P430Blamb0.01/BestPnsrden15_P430B_0.01kodim22.png
./430B/BestPnsrden15_P430Blamb0.01/BestIMGP430B_0.01kodim22.png
First 
valPSNR [24.64264062245845, 32.288360664465706, 32.348828926288974, 32.371833062408264, 32.547627872685936]
valMax 32.547627872685936 pos 5
Parches valPSNR [24.64264062245845, 32.288360664465706, 32.348828926288974, 32.371833062408264, 32.547627872685936]
valMax 32.547627872685936 pos 5
valPSNR [25.1306953706025, 31.77072648941038, 31.50070862889233, 31.562657166307545, 31.59940720581792]
valMax 31.77072648941038 pos 2
Parche 
 valPSNR [24.821018852733147, 33.68088268057134, 33.73472626145326, 33.706925977475905, 33.960738263079676]
valMax 33.960738263079676 pos 5
shape 97 97 3
shape 510 766 3
shape 510 766 3
shape 510 766 3
shape 510 766 3
shape 510 766 3
shape 510 766 3
[(320, 9), (423, 727), (387, 311)]
(320, 9) (250, -1)
(320, 9) (250, 3)
(320, 9) (250, -1)
(320, 9) (254, -16)
(320, 9) (307, 77)
(320, 9) (295, 74)
(320, 9) (270, 58)
(320, 9) (253, -14)
(320, 9) (250, 18)
(320, 9) (257, -23)
(320, 9) (253, -14)
(320, 9) (257, -23)
(320, 9) (261, -30)
(320, 9) (270, -41)
(320, 9) (270, -41)
(320, 9) (257, 40)
(320, 9) (257, -23)
(320, 9) (257, -23)
(423, 727) (493, 727)
(423, 727) (489, 749)
(423, 727) (481, 688)
(423, 727) (397, 662)
(423, 727) (370, 680)
(423, 727) (433, 657)
(423, 727) (487, 701)
(423, 727) (493, 727)
(423, 727) (493, 727)
(423, 727) (445, 660)
(423, 727) (400, 660)
(423, 727) (472, 677)
(423, 727) (481, 688)
(423, 727) (373, 677)
(423, 727) (490, 710)
(423, 727) (454, 789)
(423, 727) (373, 776)
(423, 727) (485, 758)
(387, 311) (387, 311)
(387, 311) (317, 311)
(387, 311) (457, 311)
(387, 311) (377, 241)
(387, 311) (317, 313)
(387, 311) (438, 358)
(387, 311) (337, 261)
(387, 311) (317, 311)
(387, 311) (337, 261)
(387, 311) (457, 311)
(387, 311) (449, 342)
(387, 311) (454, 327)
(387, 311) (418, 248)
(387, 311) (387, 381)
(387, 311) (409, 244)
(387, 311) (418, 248)
(387, 311) (425, 369)
(387, 311) (454, 291)
Best 
 valPSNR [24.64264062245845, 32.288360664465706, 32.348828926288974, 32.371833062408264, 32.547627872685936]
valMax 32.547627872685936 pos 5
Imagen  23
./432B/BestPnsrden15_P432Blamb0/BestPnsrden15_P432B_0kodim23.png
./432B/BestPnsrden15_P432Blamb0/BestIMGP432B_0kodim23.png
./420/BestPnsrden15_P420lamb0.005/BestPnsrden15_P420_0.005kodim23.png
./420/BestPnsrden15_P420lamb0.005/BestIMGP420_0.005kodim23.png
./430C/BestPnsrden15_P430Clamb0.0075/BestPnsrden15_P430C_0.0075kodim23.png
./430C/BestPnsrden15_P430Clamb0.0075/BestIMGP430C_0.0075kodim23.png
./430B/BestPnsrden15_P430Blamb0.01/BestPnsrden15_P430B_0.01kodim23.png
./430B/BestPnsrden15_P430Blamb0.01/BestIMGP430B_0.01kodim23.png
First 
valPSNR [24.696791569610706, 35.8834528666543, 35.997210817187174, 36.10484731049348, 36.31485509292857]
valMax 36.31485509292857 pos 5
Parches valPSNR [24.696791569610706, 35.8834528666543, 35.997210817187174, 36.10484731049348, 36.31485509292857]
valMax 36.31485509292857 pos 5
valPSNR [24.830609433047044, 39.142540361007214, 39.05303987946492, 39.20825585535519, 39.53792321888106]
valMax 39.53792321888106 pos 5
Parche 
 valPSNR [24.74888636941193, 37.92794085816275, 37.9958627320386, 38.033149009002614, 38.19039143573039]
valMax 38.19039143573039 pos 5
shape 97 97 3
shape 510 766 3
shape 510 766 3
shape 510 766 3
shape 510 766 3
shape 510 766 3
shape 510 766 3
[(254, 286), (414, 733), (176, 735)]
(254, 286) (184, 286)
(254, 286) (198, 244)
(254, 286) (186, 266)
(254, 286) (286, 347)
(254, 286) (297, 340)
(254, 286) (272, 218)
(254, 286) (187, 263)
(254, 286) (204, 236)
(254, 286) (198, 244)
(254, 286) (184, 286)
(254, 286) (195, 247)
(254, 286) (191, 254)
(254, 286) (184, 286)
(254, 286) (184, 286)
(254, 286) (186, 269)
(254, 286) (222, 348)
(254, 286) (254, 286)
(254, 286) (191, 317)
(414, 733) (344, 733)
(414, 733) (344, 733)
(414, 733) (344, 733)
(414, 733) (442, 796)
(414, 733) (402, 801)
(414, 733) (463, 683)
(414, 733) (414, 803)
(414, 733) (414, 803)
(414, 733) (436, 799)
(414, 733) (347, 755)
(414, 733) (375, 791)
(414, 733) (347, 710)
(414, 733) (346, 749)
(414, 733) (414, 803)
(414, 733) (414, 803)
(414, 733) (358, 775)
(414, 733) (372, 789)
(414, 733) (391, 799)
(176, 735) (246, 735)
(176, 735) (246, 735)
(176, 735) (246, 735)
(176, 735) (211, 674)
(176, 735) (237, 701)
(176, 735) (134, 791)
(176, 735) (246, 735)
(176, 735) (176, 735)
(176, 735) (225, 784)
(176, 735) (176, 735)
(176, 735) (176, 735)
(176, 735) (176, 665)
(176, 735) (246, 735)
(176, 735) (176, 665)
(176, 735) (225, 685)
(176, 735) (176, 735)
(176, 735) (176, 735)
(176, 735) (176, 735)
Best 
 valPSNR [24.696791569610706, 35.8834528666543, 35.997210817187174, 36.10484731049348, 36.31485509292857]
valMax 36.31485509292857 pos 5
Imagen  24
./432B/BestPnsrden15_P432Blamb0/BestPnsrden15_P432B_0kodim24.png
./432B/BestPnsrden15_P432Blamb0/BestIMGP432B_0kodim24.png
./420/BestPnsrden15_P420lamb0.005/BestPnsrden15_P420_0.005kodim24.png
./420/BestPnsrden15_P420lamb0.005/BestIMGP420_0.005kodim24.png
./430C/BestPnsrden15_P430Clamb0.0075/BestPnsrden15_P430C_0.0075kodim24.png
./430C/BestPnsrden15_P430Clamb0.0075/BestIMGP430C_0.0075kodim24.png
./430B/BestPnsrden15_P430Blamb0.01/BestPnsrden15_P430B_0.01kodim24.png
./430B/BestPnsrden15_P430Blamb0.01/BestIMGP430B_0.01kodim24.png
First 
valPSNR [24.760263498976016, 31.55840632749765, 31.72743822926634, 31.611438996327998, 31.969575277751602]
valMax 31.969575277751602 pos 5
Parches valPSNR [24.760263498976016, 31.55840632749765, 31.72743822926634, 31.611438996327998, 31.969575277751602]
valMax 31.969575277751602 pos 5
valPSNR [24.766678676867336, 33.19890986896671, 33.49493699503296, 33.33212634255416, 33.68428914211479]
valMax 33.68428914211479 pos 5
Parche 
 valPSNR [24.777500866134474, 31.901527483600738, 32.105946302481755, 31.947625394367325, 32.40317368469771]
valMax 32.40317368469771 pos 5
shape 97 97 3
shape 510 766 3
shape 510 766 3
shape 510 766 3
shape 510 766 3
shape 510 766 3
shape 510 766 3
[(230, 142), (12, 138), (379, 119)]
(230, 142) (211, 74)
(230, 142) (230, 72)
(230, 142) (230, 72)
(230, 142) (273, 86)
(230, 142) (289, 179)
(230, 142) (206, 75)
(230, 142) (213, 74)
(230, 142) (279, 92)
(230, 142) (292, 110)
(230, 142) (180, 92)
(230, 142) (279, 92)
(230, 142) (191, 83)
(230, 142) (193, 81)
(230, 142) (300, 142)
(230, 142) (213, 74)
(230, 142) (230, 72)
(230, 142) (300, 142)
(230, 142) (230, 72)
(12, 138) (41, 201)
(12, 138) (12, 208)
(12, 138) (12, 208)
(12, 138) (36, 203)
(12, 138) (-9, 205)
(12, 138) (-4, 206)
(12, 138) (23, 207)
(12, 138) (15, 207)
(12, 138) (15, 207)
(12, 138) (21, 207)
(12, 138) (20, 207)
(12, 138) (23, 207)
(12, 138) (19, 207)
(12, 138) (16, 207)
(12, 138) (16, 207)
(12, 138) (34, 204)
(12, 138) (20, 207)
(12, 138) (30, 205)
(379, 119) (309, 115)
(379, 119) (309, 116)
(379, 119) (309, 116)
(379, 119) (319, 156)
(379, 119) (309, 112)
(379, 119) (309, 121)
(379, 119) (309, 119)
(379, 119) (309, 116)
(379, 119) (309, 116)
(379, 119) (309, 116)
(379, 119) (309, 110)
(379, 119) (309, 114)
(379, 119) (309, 114)
(379, 119) (310, 107)
(379, 119) (309, 111)
(379, 119) (309, 114)
(379, 119) (309, 112)
(379, 119) (309, 112)
Best 
 valPSNR [24.760263498976016, 31.55840632749765, 31.72743822926634, 31.611438996327998, 31.969575277751602]
valMax 31.969575277751602 pos 5
kodim1  &  0.1616  &  1.1979  &  0.4329  &  0.4467  &  0.4404  &  0.3607  \\
kodim2  &  0.4171  &  1.4621  &  0.7201  &  0.7203  &  0.6861  &  0.5722  \\
kodim3  &  0.2476  &  1.4713  &  0.6250  &  0.5628  &  0.4729  &  0.3541  \\
kodim4  &  0.3105  &  1.4481  &  0.6067  &  0.6410  &  0.5857  &  0.4675  \\
kodim5  &  0.2544  &  1.2337  &  0.4663  &  0.4882  &  0.4855  &  0.4218  \\
kodim6  &  0.1775  &  1.2786  &  0.4529  &  0.4618  &  0.4087  &  0.3120  \\
kodim7  &  0.2706  &  1.4362  &  0.6046  &  0.5462  &  0.4102  &  0.3322  \\
kodim8  &  0.1958  &  1.1422  &  0.4003  &  0.4022  &  0.4271  &  0.3481  \\
kodim9  &  0.2854  &  1.4528  &  0.5824  &  0.5530  &  0.4146  &  0.2912  \\
kodim10  &  0.2862  &  1.4513  &  0.6156  &  0.6040  &  0.4983  &  0.3666  \\
kodim11  &  0.2180  &  1.3675  &  0.5471  &  0.5564  &  0.5161  &  0.4114  \\
kodim12  &  0.2283  &  1.4561  &  0.5440  &  0.5805  &  0.4604  &  0.3645  \\
kodim13  &  0.1553  &  1.1022  &  0.3966  &  0.4222  &  0.4073  &  0.2818  \\
kodim14  &  0.2531  &  1.3382  &  0.5124  &  0.5243  &  0.5548  &  0.4244  \\
kodim15  &  0.2631  &  1.4245  &  0.5680  &  0.5272  &  0.4891  &  0.3943  \\
kodim16  &  0.2126  &  1.4070  &  0.5611  &  0.5279  &  0.4908  &  0.3371  \\
kodim17  &  0.2484  &  1.4324  &  0.5063  &  0.5103  &  0.4003  &  0.2957  \\
kodim18  &  0.2915  &  1.3174  &  0.5777  &  0.5577  &  0.5538  &  0.4563  \\
kodim19  &  0.2698  &  1.3496  &  0.5590  &  0.5246  &  0.4656  &  0.3467  \\
kodim20  &  0.1421  &  1.3052  &  0.3348  &  0.3249  &  0.2715  &  0.2192  \\
kodim21  &  0.2816  &  1.3482  &  0.6494  &  0.5715  &  0.4531  &  0.3247  \\
kodim22  &  0.3326  &  1.3957  &  0.5951  &  0.6116  &  0.6053  &  0.4904  \\
kodim23  &  0.3871  &  1.4950  &  0.7277  &  0.6805  &  0.6089  &  0.4930  \\
kodim24  &  0.2210  &  1.3045  &  0.5740  &  0.5600  &  0.5564  &  0.4500  \\
kodim25  &  0.2546  &  1.3591  &  0.5483  &  0.5377  &  0.4859  &  0.3798  \\
Tue 24 Oct 2023 05:19:02 PM CST
