g-0-1
Sun 02 Apr 2023 01:25:29 PM CST
kodim1  &  0.005  &  29.580878990347934  &  6765  &  29.174895031625002  \\
kodim2  &  0.005  &  33.04026131419944  &  5025  &  30.037971285074235  \\
kodim3  &  0.005  &  34.80876052492409  &  5221  &  31.79686499537762  \\
kodim4  &  0.001  &  33.00480638053054  &  5561  &  32.41616969859159  \\
kodim5  &  0.005  &  29.91331344147339  &  6326  &  29.472428310849196  \\
kodim6  &  0.005  &  30.700619221229584  &  7134  &  26.9614202235566  \\
kodim7  &  0.005  &  34.301552084011  &  4735  &  31.17576809870784  \\
kodim8  &  0.005  &  29.74439508878197  &  7542  &  29.531536929928343  \\
kodim9  &  0.005  &  34.27659212157313  &  4821  &  30.926060832845618  \\
kodim10  &  0.005  &  34.10490757914206  &  5225  &  31.1637231197394  \\
kodim11  &  0.005  &  31.515136348572312  &  6839  &  30.56499162816992  \\
kodim12  &  0.005  &  33.849339403429866  &  5987  &  31.127788148963184  \\
kodim13  &  0.005  &  28.04229049154491  &  9916  &  28.040265511049206  \\
kodim14  &  0.005  &  30.511944124832585  &  6300  &  29.7490635008271  \\
kodim15  &  0.0005  &  32.598554683639506  &  7496  &  28.266842937354298  \\
kodim16  &  0.005  &  32.80979194282945  &  5966  &  32.1725814625963  \\
kodim17  &  1e-05  &  33.10793073070057  &  5645  &  30.61928717202884  \\
kodim18  &  0.001  &  30.066786242117818  &  6276  &  29.17141319164763  \\
kodim19  &  0.005  &  31.898461337037183  &  6208  &  30.883323762746887  \\
kodim20  &  0.005  &  30.918872141126187  &  8014  &  23.828993205797403  \\
kodim21  &  0.005  &  31.46095991963913  &  6156  &  30.454504441638797  \\
kodim22  &  0.005  &  31.196973201828378  &  5913  &  29.990628148370778  \\
kodim23  &  0.005  &  35.04015984629807  &  5553  &  32.514822596434854  \\
kodim24  &  0.005  &  30.22117968105805  &  7015  &  27.740788000661063  \\
Únicos:     [1.e-05 5.e-04 1.e-03 5.e-03]
Frecuencia: [ 1  1  2 20]
['1e-05', '0.0005', '0.001', '0.005']
Sun 02 Apr 2023 01:25:40 PM CST
