g-0-6
Tue 24 Oct 2023 07:12:00 PM CST
Imagen  1
First 
valPSNR [20.27387223999329, 27.867027312640214, 27.941701069690698, 27.9254506944655, 28.100513677839967]
valMax 28.100513677839967 pos 5
Parches valPSNR [20.27387223999329, 27.867027312640214, 27.941701069690698, 27.9254506944655, 28.100513677839967]
valMax 28.100513677839967 pos 5
valPSNR [20.44324087224937, 27.042867319785472, 27.39726313185124, 27.227232458738193, 27.43554480781691]
valMax 27.43554480781691 pos 5
Parche 
 valPSNR [20.346370830921558, 26.89963998185854, 26.92476309019686, 26.97701001006175, 27.0439816755197]
valMax 27.0439816755197 pos 5
shape 510 766 3
shape 510 766 3
shape 510 766 3
shape 510 766 3
shape 510 766 3
shape 510 766 3
[(54, 110), (313, 739), (412, 475)]
(54, 110) (-16, 106)
(54, 110) (-16, 106)
(54, 110) (-16, 106)
(54, 110) (-1, 153)
(54, 110) (114, 145)
(54, 110) (-2, 152)
(54, 110) (-16, 108)
(54, 110) (-16, 104)
(54, 110) (-16, 106)
(54, 110) (-16, 98)
(54, 110) (-16, 98)
(54, 110) (-16, 101)
(54, 110) (-16, 103)
(54, 110) (-16, 104)
(54, 110) (-16, 101)
(54, 110) (-16, 104)
(54, 110) (-16, 101)
(54, 110) (-16, 104)
(313, 739) (362, 788)
(313, 739) (313, 809)
(313, 739) (313, 809)
(313, 739) (366, 784)
(313, 739) (360, 790)
(313, 739) (294, 671)
(313, 739) (313, 809)
(313, 739) (243, 739)
(313, 739) (263, 689)
(313, 739) (263, 788)
(313, 739) (281, 801)
(313, 739) (263, 788)
(313, 739) (313, 809)
(313, 739) (243, 739)
(313, 739) (281, 801)
(313, 739) (313, 809)
(313, 739) (263, 788)
(313, 739) (290, 805)
(412, 475) (378, 536)
(412, 475) (380, 537)
(412, 475) (380, 537)
(412, 475) (435, 540)
(412, 475) (386, 540)
(412, 475) (369, 530)
(412, 475) (443, 537)
(412, 475) (458, 527)
(412, 475) (457, 528)
(412, 475) (475, 505)
(412, 475) (467, 517)
(412, 475) (466, 519)
(412, 475) (457, 528)
(412, 475) (473, 509)
(412, 475) (460, 525)
(412, 475) (470, 513)
(412, 475) (478, 497)
(412, 475) (476, 502)
Best 
 valPSNR [20.27387223999329, 27.867027312640214, 27.941701069690698, 27.9254506944655, 28.100513677839967]
valMax 28.100513677839967 pos 5
Imagen  2
First 
valPSNR [20.582909643318523, 31.69094353144475, 31.71028960479632, 31.723624468013057, 31.813701424310615]
valMax 31.813701424310615 pos 5
Parches valPSNR [20.582909643318523, 31.69094353144475, 31.71028960479632, 31.723624468013057, 31.813701424310615]
valMax 31.813701424310615 pos 5
valPSNR [20.604943413983897, 29.90091164771629, 30.065649511152053, 29.994508890235146, 30.061885289246746]
valMax 30.065649511152053 pos 3
Parche 
 valPSNR [20.80355996875028, 33.84412164402048, 33.90790649366329, 33.92516503197361, 33.976301725263184]
valMax 33.976301725263184 pos 5
shape 510 766 3
shape 510 766 3
shape 510 766 3
shape 510 766 3
shape 510 766 3
shape 510 766 3
[(463, 255), (322, 75), (273, 232)]
(463, 255) (533, 255)
(463, 255) (533, 255)
(463, 255) (533, 255)
(463, 255) (506, 309)
(463, 255) (416, 202)
(463, 255) (432, 192)
(463, 255) (463, 325)
(463, 255) (400, 223)
(463, 255) (413, 304)
(463, 255) (463, 255)
(463, 255) (463, 255)
(463, 255) (512, 304)
(463, 255) (463, 325)
(463, 255) (393, 255)
(463, 255) (463, 255)
(463, 255) (463, 255)
(463, 255) (463, 255)
(463, 255) (463, 255)
(322, 75) (371, 25)
(322, 75) (290, 12)
(322, 75) (322, 5)
(322, 75) (255, 97)
(322, 75) (374, 120)
(322, 75) (268, 29)
(322, 75) (322, 5)
(322, 75) (322, 5)
(322, 75) (280, 19)
(322, 75) (322, 5)
(322, 75) (299, 8)
(322, 75) (371, 124)
(322, 75) (384, 43)
(322, 75) (392, 75)
(322, 75) (322, 5)
(322, 75) (322, 75)
(322, 75) (392, 75)
(322, 75) (272, 25)
(273, 232) (304, 294)
(273, 232) (322, 182)
(273, 232) (343, 232)
(273, 232) (203, 232)
(273, 232) (288, 300)
(273, 232) (340, 251)
(273, 232) (343, 232)
(273, 232) (273, 232)
(273, 232) (311, 290)
(273, 232) (343, 232)
(273, 232) (273, 232)
(273, 232) (343, 232)
(273, 232) (343, 232)
(273, 232) (343, 232)
(273, 232) (322, 182)
(273, 232) (223, 182)
(273, 232) (210, 200)
(273, 232) (343, 232)
Best 
 valPSNR [20.582909643318523, 31.69094353144475, 31.71028960479632, 31.723624468013057, 31.813701424310615]
valMax 31.813701424310615 pos 5
Imagen  3
First 
valPSNR [20.373455562780958, 33.19782179271403, 33.261550356691956, 33.22327715131985, 33.34764011845944]
valMax 33.34764011845944 pos 5
Parches valPSNR [20.373455562780958, 33.19782179271403, 33.261550356691956, 33.22327715131985, 33.34764011845944]
valMax 33.34764011845944 pos 5
valPSNR [20.513220064047836, 31.77496309908754, 31.973953634362367, 31.92711335889369, 32.18820463805311]
valMax 32.18820463805311 pos 5
Parche 
 valPSNR [20.53861444584173, 33.928285358254705, 33.95250025815746, 33.99309330286129, 33.87117173759757]
valMax 33.99309330286129 pos 4
shape 510 766 3
shape 510 766 3
shape 510 766 3
shape 510 766 3
shape 510 766 3
shape 510 766 3
[(162, 359), (485, 655), (400, 145)]
(162, 359) (211, 408)
(162, 359) (211, 408)
(162, 359) (211, 408)
(162, 359) (186, 293)
(162, 359) (215, 313)
(162, 359) (110, 311)
(162, 359) (112, 309)
(162, 359) (232, 359)
(162, 359) (92, 359)
(162, 359) (162, 429)
(162, 359) (162, 359)
(162, 359) (92, 359)
(162, 359) (162, 289)
(162, 359) (232, 359)
(162, 359) (162, 289)
(162, 359) (193, 421)
(162, 359) (211, 408)
(162, 359) (92, 359)
(485, 655) (448, 594)
(485, 655) (453, 592)
(485, 655) (443, 599)
(485, 655) (416, 642)
(485, 655) (422, 623)
(485, 655) (476, 724)
(485, 655) (485, 585)
(485, 655) (485, 725)
(485, 655) (435, 704)
(485, 655) (415, 655)
(485, 655) (435, 704)
(485, 655) (485, 725)
(485, 655) (435, 704)
(485, 655) (415, 655)
(485, 655) (485, 725)
(485, 655) (435, 605)
(485, 655) (435, 605)
(485, 655) (415, 655)
(400, 145) (330, 145)
(400, 145) (330, 145)
(400, 145) (330, 145)
(400, 145) (460, 108)
(400, 145) (466, 123)
(400, 145) (402, 214)
(400, 145) (449, 194)
(400, 145) (400, 75)
(400, 145) (400, 145)
(400, 145) (400, 145)
(400, 145) (400, 145)
(400, 145) (470, 145)
(400, 145) (400, 75)
(400, 145) (449, 95)
(400, 145) (400, 75)
(400, 145) (400, 75)
(400, 145) (400, 75)
(400, 145) (400, 75)
Best 
 valPSNR [20.373455562780958, 33.19782179271403, 33.261550356691956, 33.22327715131985, 33.34764011845944]
valMax 33.34764011845944 pos 5
Imagen  4
First 
valPSNR [20.342463333887395, 31.798089905133867, 31.753459545987827, 31.75730368184969, 31.871592530593695]
valMax 31.871592530593695 pos 5
Parches valPSNR [20.342463333887395, 31.798089905133867, 31.753459545987827, 31.75730368184969, 31.871592530593695]
valMax 31.871592530593695 pos 5
valPSNR [20.571656528192644, 27.889592761057326, 27.77134373549262, 27.85537809751906, 27.94763892932094]
valMax 27.94763892932094 pos 5
Parche 
 valPSNR [20.476299037366005, 32.710836742812845, 32.91030972437391, 32.663167886051156, 32.82452288197592]
valMax 32.91030972437391 pos 3
shape 766 510 3
shape 766 510 3
shape 766 510 3
shape 766 510 3
shape 766 510 3
shape 766 510 3
[(574, 383), (333, 128), (370, 310)]
(574, 383) (574, 313)
(574, 383) (574, 313)
(574, 383) (574, 313)
(574, 383) (643, 390)
(574, 383) (599, 317)
(574, 383) (504, 388)
(574, 383) (524, 333)
(574, 383) (557, 315)
(574, 383) (623, 432)
(574, 383) (524, 333)
(574, 383) (623, 333)
(574, 383) (574, 313)
(574, 383) (623, 432)
(574, 383) (574, 313)
(574, 383) (574, 453)
(574, 383) (574, 383)
(574, 383) (574, 313)
(574, 383) (574, 453)
(333, 128) (349, 195)
(333, 128) (349, 195)
(333, 128) (349, 195)
(333, 128) (279, 83)
(333, 128) (393, 162)
(333, 128) (391, 166)
(333, 128) (395, 159)
(333, 128) (400, 144)
(333, 128) (333, 128)
(333, 128) (283, 177)
(333, 128) (333, 58)
(333, 128) (283, 177)
(333, 128) (333, 128)
(333, 128) (333, 128)
(333, 128) (263, 128)
(333, 128) (333, 128)
(333, 128) (263, 128)
(333, 128) (333, 128)
(370, 310) (440, 310)
(370, 310) (440, 310)
(370, 310) (440, 310)
(370, 310) (326, 254)
(370, 310) (355, 241)
(370, 310) (302, 292)
(370, 310) (440, 310)
(370, 310) (436, 287)
(370, 310) (436, 287)
(370, 310) (440, 310)
(370, 310) (437, 293)
(370, 310) (436, 287)
(370, 310) (437, 326)
(370, 310) (440, 310)
(370, 310) (436, 287)
(370, 310) (440, 310)
(370, 310) (440, 310)
(370, 310) (440, 310)
Best 
 valPSNR [20.342463333887395, 31.798089905133867, 31.753459545987827, 31.75730368184969, 31.871592530593695]
valMax 31.871592530593695 pos 5
Imagen  5
First 
valPSNR [20.50856595299674, 28.28596320408211, 28.30458370828854, 28.287329967206315, 28.463157888542952]
valMax 28.463157888542952 pos 5
Parches valPSNR [20.50856595299674, 28.28596320408211, 28.30458370828854, 28.287329967206315, 28.463157888542952]
valMax 28.463157888542952 pos 5
valPSNR [20.733103692282832, 27.2515985313413, 27.237505957477897, 27.28492230293988, 27.541498274245946]
valMax 27.541498274245946 pos 5
Parche 
 valPSNR [20.662404233098375, 27.829679786075133, 27.94741535951215, 27.841023021604418, 28.06012167622422]
valMax 28.06012167622422 pos 5
shape 510 766 3
shape 510 766 3
shape 510 766 3
shape 510 766 3
shape 510 766 3
shape 510 766 3
[(350, 108), (166, 366), (436, 55)]
(350, 108) (327, 41)
(350, 108) (419, 100)
(350, 108) (414, 82)
(350, 108) (327, 174)
(350, 108) (324, 43)
(350, 108) (419, 115)
(350, 108) (419, 117)
(350, 108) (420, 108)
(350, 108) (419, 117)
(350, 108) (406, 66)
(350, 108) (418, 94)
(350, 108) (419, 103)
(350, 108) (419, 98)
(350, 108) (419, 97)
(350, 108) (419, 112)
(350, 108) (419, 98)
(350, 108) (419, 102)
(350, 108) (419, 104)
(166, 366) (105, 331)
(166, 366) (105, 331)
(166, 366) (109, 325)
(166, 366) (97, 351)
(166, 366) (176, 435)
(166, 366) (178, 297)
(166, 366) (96, 358)
(166, 366) (99, 343)
(166, 366) (111, 321)
(166, 366) (96, 357)
(166, 366) (106, 328)
(166, 366) (110, 324)
(166, 366) (97, 353)
(166, 366) (105, 329)
(166, 366) (112, 320)
(166, 366) (106, 328)
(166, 366) (113, 319)
(166, 366) (113, 319)
(436, 55) (436, -15)
(436, 55) (436, -15)
(436, 55) (444, -15)
(436, 55) (370, 31)
(436, 55) (413, -12)
(436, 55) (468, -8)
(436, 55) (404, -8)
(436, 55) (412, -11)
(436, 55) (410, -11)
(436, 55) (420, -14)
(436, 55) (436, -15)
(436, 55) (441, -15)
(436, 55) (452, -13)
(436, 55) (461, -10)
(436, 55) (436, -15)
(436, 55) (420, -14)
(436, 55) (436, -15)
(436, 55) (442, -15)
Best 
 valPSNR [20.50856595299674, 28.28596320408211, 28.30458370828854, 28.287329967206315, 28.463157888542952]
valMax 28.463157888542952 pos 5
Imagen  6
First 
valPSNR [20.409705727743194, 29.078749465941684, 28.982021951466926, 29.096397410288326, 29.209878727195683]
valMax 29.209878727195683 pos 5
Parches valPSNR [20.409705727743194, 29.078749465941684, 28.982021951466926, 29.096397410288326, 29.209878727195683]
valMax 29.209878727195683 pos 5
valPSNR [20.489739931443054, 26.042468698156767, 26.02537739865255, 26.093862518192978, 26.241884461763604]
valMax 26.241884461763604 pos 5
Parche 
 valPSNR [20.426953517737783, 32.41406725066654, 32.440907114560396, 32.603661707717265, 32.518991816391875]
valMax 32.603661707717265 pos 4
shape 510 766 3
shape 510 766 3
shape 510 766 3
shape 510 766 3
shape 510 766 3
shape 510 766 3
[(290, 265), (74, 86), (487, 51)]
(290, 265) (316, 329)
(290, 265) (317, 329)
(290, 265) (315, 330)
(290, 265) (312, 331)
(290, 265) (321, 327)
(290, 265) (322, 326)
(290, 265) (285, 334)
(290, 265) (312, 331)
(290, 265) (305, 333)
(290, 265) (262, 329)
(290, 265) (296, 334)
(290, 265) (292, 334)
(290, 265) (319, 328)
(290, 265) (327, 324)
(290, 265) (324, 325)
(290, 265) (312, 331)
(290, 265) (315, 329)
(290, 265) (312, 331)
(74, 86) (37, 146)
(74, 86) (74, 86)
(74, 86) (74, 86)
(74, 86) (21, 132)
(74, 86) (61, 154)
(74, 86) (74, 86)
(74, 86) (74, 86)
(74, 86) (74, 86)
(74, 86) (74, 16)
(74, 86) (74, 156)
(74, 86) (74, 86)
(74, 86) (74, 86)
(74, 86) (24, 135)
(74, 86) (74, 86)
(74, 86) (74, 86)
(74, 86) (74, 86)
(74, 86) (74, 86)
(74, 86) (74, 86)
(487, 51) (461, -14)
(487, 51) (477, -19)
(487, 51) (477, -19)
(487, 51) (419, 30)
(487, 51) (441, -3)
(487, 51) (491, -19)
(487, 51) (466, -16)
(487, 51) (478, -19)
(487, 51) (467, -17)
(487, 51) (459, -14)
(487, 51) (474, -18)
(487, 51) (472, -18)
(487, 51) (442, -4)
(487, 51) (463, -15)
(487, 51) (445, -6)
(487, 51) (450, -10)
(487, 51) (466, -17)
(487, 51) (473, -18)
Best 
 valPSNR [20.409705727743194, 29.078749465941684, 28.982021951466926, 29.096397410288326, 29.209878727195683]
valMax 29.209878727195683 pos 5
Imagen  7
First 
valPSNR [20.30001298891314, 32.668279954449915, 32.811035168633694, 32.80096930499849, 32.9255627400077]
valMax 32.9255627400077 pos 5
Parches valPSNR [20.30001298891314, 32.668279954449915, 32.811035168633694, 32.80096930499849, 32.9255627400077]
valMax 32.9255627400077 pos 5
valPSNR [20.557551428737476, 34.11663760488748, 33.62118771993113, 34.18700989619793, 33.897522820301006]
valMax 34.18700989619793 pos 4
Parche 
 valPSNR [20.273071688747475, 37.57554358058889, 38.056844696506026, 37.711532824486966, 38.09805097085131]
valMax 38.09805097085131 pos 5
shape 510 766 3
shape 510 766 3
shape 510 766 3
shape 510 766 3
shape 510 766 3
shape 510 766 3
[(186, 676), (73, 25), (412, 596)]
(186, 676) (186, 606)
(186, 676) (186, 676)
(186, 676) (186, 676)
(186, 676) (249, 704)
(186, 676) (147, 734)
(186, 676) (122, 705)
(186, 676) (186, 606)
(186, 676) (116, 676)
(186, 676) (136, 725)
(186, 676) (186, 746)
(186, 676) (186, 746)
(186, 676) (256, 676)
(186, 676) (186, 746)
(186, 676) (256, 676)
(186, 676) (116, 676)
(186, 676) (186, 746)
(186, 676) (116, 676)
(186, 676) (116, 676)
(73, 25) (95, -42)
(73, 25) (41, -38)
(73, 25) (50, -42)
(73, 25) (50, -42)
(73, 25) (13, -12)
(73, 25) (110, -35)
(73, 25) (135, -7)
(73, 25) (122, -25)
(73, 25) (73, -45)
(73, 25) (73, 25)
(73, 25) (73, -45)
(73, 25) (73, 25)
(73, 25) (122, 74)
(73, 25) (73, -45)
(73, 25) (73, -45)
(73, 25) (23, -25)
(73, 25) (73, 25)
(73, 25) (73, 25)
(412, 596) (412, 596)
(412, 596) (412, 666)
(412, 596) (412, 666)
(412, 596) (359, 642)
(412, 596) (342, 603)
(412, 596) (370, 540)
(412, 596) (412, 666)
(412, 596) (450, 654)
(412, 596) (398, 664)
(412, 596) (380, 658)
(412, 596) (389, 662)
(412, 596) (412, 666)
(412, 596) (443, 658)
(412, 596) (461, 645)
(412, 596) (434, 662)
(412, 596) (443, 658)
(412, 596) (434, 662)
(412, 596) (412, 666)
Best 
 valPSNR [20.30001298891314, 32.668279954449915, 32.811035168633694, 32.80096930499849, 32.9255627400077]
valMax 32.9255627400077 pos 5
Imagen  8
First 
valPSNR [20.44366832450043, 27.9924434171361, 27.99293271625366, 28.02486942856454, 28.02492601623882]
valMax 28.02492601623882 pos 5
Parches valPSNR [20.44366832450043, 27.9924434171361, 27.99293271625366, 28.02486942856454, 28.02492601623882]
valMax 28.02492601623882 pos 5
valPSNR [20.528142001466296, 26.76135384532966, 26.89106797809341, 26.85833723557382, 27.06550246722602]
valMax 27.06550246722602 pos 5
Parche 
 valPSNR [20.770559391209726, 31.157294266557333, 31.525272371197754, 31.396899531635057, 31.33375648375498]
valMax 31.525272371197754 pos 3
shape 510 766 3
shape 510 766 3
shape 510 766 3
shape 510 766 3
shape 510 766 3
shape 510 766 3
[(205, 614), (4, 170), (202, 355)]
(205, 614) (207, 683)
(205, 614) (196, 683)
(205, 614) (199, 683)
(205, 614) (231, 549)
(205, 614) (151, 659)
(205, 614) (256, 660)
(205, 614) (189, 682)
(205, 614) (214, 683)
(205, 614) (209, 683)
(205, 614) (189, 682)
(205, 614) (192, 682)
(205, 614) (187, 681)
(205, 614) (193, 683)
(205, 614) (205, 684)
(205, 614) (196, 683)
(205, 614) (172, 676)
(205, 614) (176, 677)
(205, 614) (181, 680)
(4, 170) (4, 170)
(4, 170) (74, 170)
(4, 170) (70, 147)
(4, 170) (-48, 122)
(4, 170) (50, 222)
(4, 170) (72, 153)
(4, 170) (4, 170)
(4, 170) (4, 240)
(4, 170) (4, 240)
(4, 170) (4, 170)
(4, 170) (4, 170)
(4, 170) (53, 219)
(4, 170) (53, 120)
(4, 170) (4, 170)
(4, 170) (20, 237)
(4, 170) (4, 100)
(4, 170) (-46, 120)
(4, 170) (4, 100)
(202, 355) (160, 411)
(202, 355) (157, 409)
(202, 355) (161, 412)
(202, 355) (157, 409)
(202, 355) (227, 420)
(202, 355) (143, 392)
(202, 355) (175, 419)
(202, 355) (174, 419)
(202, 355) (177, 420)
(202, 355) (177, 420)
(202, 355) (179, 421)
(202, 355) (177, 420)
(202, 355) (168, 416)
(202, 355) (165, 415)
(202, 355) (163, 413)
(202, 355) (177, 420)
(202, 355) (181, 421)
(202, 355) (173, 419)
Best 
 valPSNR [20.44366832450043, 27.9924434171361, 27.99293271625366, 28.02486942856454, 28.02492601623882]
valMax 28.02492601623882 pos 5
Imagen  9
First 
valPSNR [20.204157807362805, 32.82572804430384, 32.79867430417865, 32.87821482677445, 32.98415665185321]
valMax 32.98415665185321 pos 5
Parches valPSNR [20.204157807362805, 32.82572804430384, 32.79867430417865, 32.87821482677445, 32.98415665185321]
valMax 32.98415665185321 pos 5
valPSNR [20.2947297106884, 38.18068805936784, 38.27623354189629, 38.145124956591886, 38.4297395787536]
valMax 38.4297395787536 pos 5
Parche 
 valPSNR [20.570595908578508, 32.00296504148175, 32.22301055673225, 32.35663936987153, 32.43744228635538]
valMax 32.43744228635538 pos 5
shape 766 510 3
shape 766 510 3
shape 766 510 3
shape 766 510 3
shape 766 510 3
shape 766 510 3
[(386, 365), (286, 334), (493, 299)]
(386, 365) (336, 315)
(386, 365) (336, 315)
(386, 365) (336, 315)
(386, 365) (319, 344)
(386, 365) (438, 410)
(386, 365) (342, 310)
(386, 365) (386, 435)
(386, 365) (386, 435)
(386, 365) (386, 295)
(386, 365) (386, 295)
(386, 365) (386, 365)
(386, 365) (386, 295)
(386, 365) (417, 302)
(386, 365) (386, 365)
(386, 365) (386, 295)
(386, 365) (386, 365)
(386, 365) (386, 365)
(386, 365) (386, 295)
(286, 334) (308, 267)
(286, 334) (317, 271)
(286, 334) (335, 284)
(286, 334) (333, 385)
(286, 334) (341, 376)
(286, 334) (286, 264)
(286, 334) (286, 264)
(286, 334) (286, 264)
(286, 334) (236, 284)
(286, 334) (335, 383)
(286, 334) (236, 284)
(286, 334) (216, 334)
(286, 334) (356, 334)
(286, 334) (286, 264)
(286, 334) (335, 284)
(286, 334) (216, 334)
(286, 334) (216, 334)
(286, 334) (216, 334)
(493, 299) (426, 276)
(493, 299) (430, 267)
(493, 299) (428, 273)
(493, 299) (481, 229)
(493, 299) (437, 257)
(493, 299) (425, 280)
(493, 299) (493, 229)
(493, 299) (461, 236)
(493, 299) (493, 229)
(493, 299) (493, 229)
(493, 299) (493, 299)
(493, 299) (423, 299)
(493, 299) (443, 348)
(493, 299) (493, 299)
(493, 299) (542, 348)
(493, 299) (493, 299)
(493, 299) (443, 249)
(493, 299) (443, 249)
Best 
 valPSNR [20.204157807362805, 32.82572804430384, 32.79867430417865, 32.87821482677445, 32.98415665185321]
valMax 32.98415665185321 pos 5
Imagen  10
First 
valPSNR [20.236935542055047, 32.48481358347918, 32.63513958717488, 32.580750090256906, 32.74971650293993]
valMax 32.74971650293993 pos 5
Parches valPSNR [20.236935542055047, 32.48481358347918, 32.63513958717488, 32.580750090256906, 32.74971650293993]
valMax 32.74971650293993 pos 5
valPSNR [20.38292101463027, 35.3961554527484, 35.55642830959348, 35.509448915250005, 35.6175135344867]
valMax 35.6175135344867 pos 5
Parche 
 valPSNR [20.35907304043198, 32.547321291953125, 32.66022977694777, 32.585577692553386, 32.79965875515692]
valMax 32.79965875515692 pos 5
shape 766 510 3
shape 766 510 3
shape 766 510 3
shape 766 510 3
shape 766 510 3
shape 766 510 3
[(709, 414), (734, 102), (687, 202)]
(709, 414) (751, 470)
(709, 414) (767, 452)
(709, 414) (767, 375)
(709, 414) (778, 416)
(709, 414) (758, 463)
(709, 414) (774, 439)
(709, 414) (709, 484)
(709, 414) (688, 481)
(709, 414) (697, 483)
(709, 414) (686, 480)
(709, 414) (646, 382)
(709, 414) (677, 476)
(709, 414) (683, 478)
(709, 414) (709, 484)
(709, 414) (731, 480)
(709, 414) (725, 481)
(709, 414) (709, 484)
(709, 414) (686, 480)
(734, 102) (702, 39)
(734, 102) (692, 46)
(734, 102) (702, 39)
(734, 102) (678, 59)
(734, 102) (725, 32)
(734, 102) (677, 60)
(734, 102) (695, 43)
(734, 102) (684, 52)
(734, 102) (702, 39)
(734, 102) (664, 102)
(734, 102) (664, 102)
(734, 102) (702, 39)
(734, 102) (734, 32)
(734, 102) (684, 52)
(734, 102) (684, 52)
(734, 102) (702, 39)
(734, 102) (692, 46)
(734, 102) (765, 39)
(687, 202) (637, 251)
(687, 202) (647, 259)
(687, 202) (648, 260)
(687, 202) (638, 151)
(687, 202) (728, 258)
(687, 202) (645, 145)
(687, 202) (687, 272)
(687, 202) (655, 264)
(687, 202) (661, 266)
(687, 202) (670, 269)
(687, 202) (709, 268)
(687, 202) (655, 264)
(687, 202) (687, 272)
(687, 202) (703, 269)
(687, 202) (677, 271)
(687, 202) (687, 272)
(687, 202) (687, 272)
(687, 202) (655, 264)
Best 
 valPSNR [20.236935542055047, 32.48481358347918, 32.63513958717488, 32.580750090256906, 32.74971650293993]
valMax 32.74971650293993 pos 5
Imagen  11
First 
valPSNR [20.438328435780008, 29.92207253938249, 29.935061037181573, 29.956063428267406, 30.080198203279586]
valMax 30.080198203279586 pos 5
Parches valPSNR [20.438328435780008, 29.92207253938249, 29.935061037181573, 29.956063428267406, 30.080198203279586]
valMax 30.080198203279586 pos 5
valPSNR [20.713713290340007, 27.373702108583412, 27.480657819831606, 27.395314982545123, 27.610243699622803]
valMax 27.610243699622803 pos 5
Parche 
 valPSNR [20.316489819356597, 30.799916202798208, 30.781289356678162, 30.914684165177007, 30.951639809169457]
valMax 30.951639809169457 pos 5
shape 510 766 3
shape 510 766 3
shape 510 766 3
shape 510 766 3
shape 510 766 3
shape 510 766 3
[(400, 56), (388, 286), (462, 399)]
(400, 56) (377, -11)
(400, 56) (383, -12)
(400, 56) (370, -8)
(400, 56) (458, 93)
(400, 56) (438, -3)
(400, 56) (333, 33)
(400, 56) (470, 56)
(400, 56) (470, 56)
(400, 56) (368, -7)
(400, 56) (350, 105)
(400, 56) (400, -14)
(400, 56) (350, 105)
(400, 56) (400, 126)
(400, 56) (350, 105)
(400, 56) (337, 87)
(400, 56) (330, 56)
(400, 56) (330, 56)
(400, 56) (330, 56)
(388, 286) (367, 219)
(388, 286) (369, 218)
(388, 286) (371, 217)
(388, 286) (445, 326)
(388, 286) (454, 308)
(388, 286) (457, 294)
(388, 286) (349, 227)
(388, 286) (374, 217)
(388, 286) (368, 218)
(388, 286) (388, 216)
(388, 286) (388, 216)
(388, 286) (365, 219)
(388, 286) (388, 216)
(388, 286) (410, 219)
(388, 286) (388, 216)
(388, 286) (388, 216)
(388, 286) (388, 216)
(388, 286) (365, 219)
(462, 399) (419, 343)
(462, 399) (415, 346)
(462, 399) (425, 338)
(462, 399) (531, 408)
(462, 399) (519, 439)
(462, 399) (438, 333)
(462, 399) (524, 430)
(462, 399) (532, 399)
(462, 399) (399, 367)
(462, 399) (430, 336)
(462, 399) (511, 349)
(462, 399) (462, 329)
(462, 399) (412, 349)
(462, 399) (462, 329)
(462, 399) (462, 329)
(462, 399) (462, 329)
(462, 399) (462, 329)
(462, 399) (445, 331)
Best 
 valPSNR [20.438328435780008, 29.92207253938249, 29.935061037181573, 29.956063428267406, 30.080198203279586]
valMax 30.080198203279586 pos 5
Imagen  12
First 
valPSNR [20.31790300397564, 32.40280734206284, 32.32907981515663, 32.30615639008142, 32.43695126882443]
valMax 32.43695126882443 pos 5
Parches valPSNR [20.31790300397564, 32.40280734206284, 32.32907981515663, 32.30615639008142, 32.43695126882443]
valMax 32.43695126882443 pos 5
valPSNR [20.56236430118732, 30.435562095456095, 30.53926702413235, 30.432592448853946, 30.591208066351992]
valMax 30.591208066351992 pos 5
Parche 
 valPSNR [20.390076467805734, 34.68411095664206, 34.699957565599895, 34.72460502979675, 34.773959520607654]
valMax 34.773959520607654 pos 5
shape 510 766 3
shape 510 766 3
shape 510 766 3
shape 510 766 3
shape 510 766 3
shape 510 766 3
[(141, 285), (173, 373), (270, 449)]
(141, 285) (103, 225)
(141, 285) (107, 223)
(141, 285) (101, 227)
(141, 285) (196, 327)
(141, 285) (172, 222)
(141, 285) (78, 252)
(141, 285) (72, 298)
(141, 285) (88, 331)
(141, 285) (71, 285)
(141, 285) (109, 347)
(141, 285) (78, 316)
(141, 285) (211, 285)
(141, 285) (91, 235)
(141, 285) (71, 273)
(141, 285) (141, 215)
(141, 285) (71, 285)
(141, 285) (91, 334)
(141, 285) (141, 285)
(173, 373) (181, 442)
(173, 373) (188, 441)
(173, 373) (184, 441)
(173, 373) (230, 332)
(173, 373) (205, 434)
(173, 373) (242, 376)
(173, 373) (222, 323)
(173, 373) (204, 435)
(173, 373) (222, 422)
(173, 373) (195, 439)
(173, 373) (173, 443)
(173, 373) (204, 435)
(173, 373) (110, 404)
(173, 373) (103, 373)
(173, 373) (110, 341)
(173, 373) (186, 441)
(173, 373) (189, 440)
(173, 373) (204, 435)
(270, 449) (277, 518)
(270, 449) (277, 518)
(270, 449) (273, 518)
(270, 449) (305, 509)
(270, 449) (201, 433)
(270, 449) (295, 384)
(270, 449) (286, 381)
(270, 449) (256, 380)
(270, 449) (270, 379)
(270, 449) (270, 449)
(270, 449) (200, 449)
(270, 449) (270, 519)
(270, 449) (340, 449)
(270, 449) (319, 399)
(270, 449) (319, 399)
(270, 449) (270, 379)
(270, 449) (247, 382)
(270, 449) (270, 379)
Best 
 valPSNR [20.31790300397564, 32.40280734206284, 32.32907981515663, 32.30615639008142, 32.43695126882443]
valMax 32.43695126882443 pos 5
Imagen  13
First 
valPSNR [20.39962856438379, 26.108558825286693, 26.1529853978151, 26.081457990427523, 26.33996044765623]
valMax 26.33996044765623 pos 5
Parches valPSNR [20.39962856438379, 26.108558825286693, 26.1529853978151, 26.081457990427523, 26.33996044765623]
valMax 26.33996044765623 pos 5
valPSNR [20.53967879055469, 27.381561891350138, 27.31812276738343, 27.29847470143791, 27.435912316846522]
valMax 27.435912316846522 pos 5
Parche 
 valPSNR [20.400714966303433, 26.181822093006076, 26.23455622266919, 26.248845075350424, 26.461793407732294]
valMax 26.461793407732294 pos 5
shape 510 766 3
shape 510 766 3
shape 510 766 3
shape 510 766 3
shape 510 766 3
shape 510 766 3
[(170, 249), (170, 762), (301, 31)]
(170, 249) (100, 252)
(170, 249) (100, 257)
(170, 249) (100, 255)
(170, 249) (139, 186)
(170, 249) (101, 260)
(170, 249) (100, 254)
(170, 249) (100, 257)
(170, 249) (101, 260)
(170, 249) (104, 274)
(170, 249) (101, 262)
(170, 249) (100, 254)
(170, 249) (103, 271)
(170, 249) (111, 287)
(170, 249) (101, 261)
(170, 249) (113, 289)
(170, 249) (105, 274)
(170, 249) (101, 261)
(170, 249) (101, 261)
(170, 762) (101, 777)
(170, 762) (106, 791)
(170, 762) (106, 790)
(170, 762) (129, 704)
(170, 762) (100, 758)
(170, 762) (100, 769)
(170, 762) (100, 768)
(170, 762) (100, 771)
(170, 762) (109, 798)
(170, 762) (100, 753)
(170, 762) (100, 758)
(170, 762) (100, 768)
(170, 762) (101, 778)
(170, 762) (106, 791)
(170, 762) (104, 785)
(170, 762) (100, 773)
(170, 762) (107, 793)
(170, 762) (102, 778)
(301, 31) (281, -37)
(301, 31) (279, -36)
(301, 31) (280, -36)
(301, 31) (308, -39)
(301, 31) (278, -36)
(301, 31) (272, -34)
(301, 31) (285, -38)
(301, 31) (274, -34)
(301, 31) (271, -33)
(301, 31) (285, -38)
(301, 31) (279, -36)
(301, 31) (269, -32)
(301, 31) (279, -36)
(301, 31) (275, -35)
(301, 31) (268, -32)
(301, 31) (284, -38)
(301, 31) (282, -37)
(301, 31) (271, -33)
Best 
 valPSNR [20.39962856438379, 26.108558825286693, 26.1529853978151, 26.081457990427523, 26.33996044765623]
valMax 26.33996044765623 pos 5
Imagen  14
First 
valPSNR [20.43167240773635, 29.037533088370502, 29.112394071446968, 29.128345507661834, 29.261254717757094]
valMax 29.261254717757094 pos 5
Parches valPSNR [20.43167240773635, 29.037533088370502, 29.112394071446968, 29.128345507661834, 29.261254717757094]
valMax 29.261254717757094 pos 5
valPSNR [20.4228841138409, 28.78386503229921, 28.821680235215275, 28.806231269452937, 29.071488157149492]
valMax 29.071488157149492 pos 5
Parche 
 valPSNR [20.700028552296512, 29.077266830529997, 29.161374214171957, 29.21399865437479, 29.268585736746722]
valMax 29.268585736746722 pos 5
shape 510 766 3
shape 510 766 3
shape 510 766 3
shape 510 766 3
shape 510 766 3
shape 510 766 3
[(144, 546), (378, 246), (187, 588)]
(144, 546) (185, 602)
(144, 546) (185, 602)
(144, 546) (182, 604)
(144, 546) (74, 546)
(144, 546) (204, 580)
(144, 546) (178, 606)
(144, 546) (94, 595)
(144, 546) (193, 595)
(144, 546) (94, 496)
(144, 546) (144, 616)
(144, 546) (144, 616)
(144, 546) (193, 595)
(144, 546) (144, 616)
(144, 546) (74, 546)
(144, 546) (74, 546)
(144, 546) (202, 584)
(144, 546) (214, 546)
(144, 546) (144, 476)
(378, 246) (374, 315)
(378, 246) (375, 315)
(378, 246) (374, 315)
(378, 246) (408, 308)
(378, 246) (327, 197)
(378, 246) (382, 315)
(378, 246) (365, 314)
(378, 246) (367, 315)
(378, 246) (367, 315)
(378, 246) (378, 316)
(378, 246) (388, 315)
(378, 246) (378, 316)
(378, 246) (379, 315)
(378, 246) (375, 315)
(378, 246) (374, 315)
(378, 246) (392, 314)
(378, 246) (397, 313)
(378, 246) (386, 315)
(187, 588) (157, 524)
(187, 588) (157, 524)
(187, 588) (157, 524)
(187, 588) (240, 542)
(187, 588) (194, 518)
(187, 588) (256, 578)
(187, 588) (187, 588)
(187, 588) (187, 588)
(187, 588) (187, 588)
(187, 588) (187, 588)
(187, 588) (187, 588)
(187, 588) (187, 588)
(187, 588) (117, 588)
(187, 588) (118, 601)
(187, 588) (119, 604)
(187, 588) (128, 549)
(187, 588) (120, 565)
(187, 588) (128, 549)
Best 
 valPSNR [20.43167240773635, 29.037533088370502, 29.112394071446968, 29.128345507661834, 29.261254717757094]
valMax 29.261254717757094 pos 5
Imagen  15
First 
valPSNR [20.831241693497347, 31.320042958708246, 31.27889733158948, 31.28809315736706, 31.33599111100859]
valMax 31.33599111100859 pos 5
Parches valPSNR [20.831241693497347, 31.320042958708246, 31.27889733158948, 31.28809315736706, 31.33599111100859]
valMax 31.33599111100859 pos 5
valPSNR [21.569534667249805, 31.37950406861089, 31.28643269528108, 31.337966078617427, 31.48306558595747]
valMax 31.48306558595747 pos 5
Parche 
 valPSNR [21.168717020652174, 30.186579600967953, 29.865389023886596, 30.0200066748925, 30.20622956297558]
valMax 30.20622956297558 pos 5
shape 510 766 3
shape 510 766 3
shape 510 766 3
shape 510 766 3
shape 510 766 3
shape 510 766 3
[(370, 503), (54, 261), (52, 461)]
(370, 503) (419, 453)
(370, 503) (419, 453)
(370, 503) (419, 453)
(370, 503) (307, 470)
(370, 503) (417, 451)
(370, 503) (416, 555)
(370, 503) (370, 573)
(370, 503) (370, 573)
(370, 503) (386, 570)
(370, 503) (401, 565)
(370, 503) (370, 573)
(370, 503) (370, 573)
(370, 503) (401, 565)
(370, 503) (401, 565)
(370, 503) (401, 565)
(370, 503) (392, 569)
(370, 503) (370, 573)
(370, 503) (370, 573)
(54, 261) (-16, 258)
(54, 261) (-16, 261)
(54, 261) (-7, 296)
(54, 261) (-16, 251)
(54, 261) (14, 202)
(54, 261) (-15, 273)
(54, 261) (-16, 255)
(54, 261) (-16, 251)
(54, 261) (-16, 267)
(54, 261) (-16, 255)
(54, 261) (-16, 254)
(54, 261) (-16, 257)
(54, 261) (-16, 255)
(54, 261) (-16, 256)
(54, 261) (-16, 261)
(54, 261) (-16, 254)
(54, 261) (-15, 248)
(54, 261) (-16, 256)
(52, 461) (115, 430)
(52, 461) (114, 429)
(52, 461) (116, 432)
(52, 461) (69, 393)
(52, 461) (52, 391)
(52, 461) (101, 411)
(52, 461) (122, 461)
(52, 461) (52, 391)
(52, 461) (74, 527)
(52, 461) (52, 391)
(52, 461) (101, 411)
(52, 461) (110, 499)
(52, 461) (68, 393)
(52, 461) (52, 391)
(52, 461) (114, 429)
(52, 461) (20, 398)
(52, 461) (2, 411)
(52, 461) (20, 398)
Best 
 valPSNR [20.831241693497347, 31.320042958708246, 31.27889733158948, 31.28809315736706, 31.33599111100859]
valMax 31.33599111100859 pos 5
Imagen  16
First 
valPSNR [20.267712500530322, 31.32384021588613, 31.331652805941342, 31.2766009205631, 31.441902826302574]
valMax 31.441902826302574 pos 5
Parches valPSNR [20.267712500530322, 31.32384021588613, 31.331652805941342, 31.2766009205631, 31.441902826302574]
valMax 31.441902826302574 pos 5
valPSNR [20.323171034811097, 37.48320447115909, 37.9499618596741, 37.84080645674824, 38.03906549287181]
valMax 38.03906549287181 pos 5
Parche 
 valPSNR [20.44352309727352, 31.923993842975676, 31.832034907103527, 31.966507620491164, 31.848466738416956]
valMax 31.966507620491164 pos 4
shape 510 766 3
shape 510 766 3
shape 510 766 3
shape 510 766 3
shape 510 766 3
shape 510 766 3
[(225, 382), (259, 138), (60, 329)]
(225, 382) (259, 321)
(225, 382) (267, 326)
(225, 382) (276, 335)
(225, 382) (268, 436)
(225, 382) (231, 312)
(225, 382) (287, 350)
(225, 382) (221, 312)
(225, 382) (215, 312)
(225, 382) (225, 312)
(225, 382) (233, 312)
(225, 382) (220, 312)
(225, 382) (217, 312)
(225, 382) (220, 312)
(225, 382) (212, 313)
(225, 382) (213, 312)
(225, 382) (208, 313)
(225, 382) (211, 313)
(225, 382) (214, 312)
(259, 138) (329, 138)
(259, 138) (329, 138)
(259, 138) (329, 138)
(259, 138) (192, 115)
(259, 138) (328, 129)
(259, 138) (304, 85)
(259, 138) (209, 187)
(259, 138) (275, 205)
(259, 138) (259, 208)
(259, 138) (259, 208)
(259, 138) (259, 208)
(259, 138) (259, 208)
(259, 138) (259, 208)
(259, 138) (259, 208)
(259, 138) (329, 138)
(259, 138) (259, 208)
(259, 138) (270, 207)
(259, 138) (284, 202)
(60, 329) (10, 279)
(60, 329) (10, 279)
(60, 329) (10, 279)
(60, 329) (0, 365)
(60, 329) (91, 391)
(60, 329) (15, 274)
(60, 329) (10, 279)
(60, 329) (60, 399)
(60, 329) (-10, 329)
(60, 329) (60, 329)
(60, 329) (-10, 329)
(60, 329) (60, 259)
(60, 329) (60, 329)
(60, 329) (-10, 329)
(60, 329) (109, 378)
(60, 329) (60, 399)
(60, 329) (60, 399)
(60, 329) (60, 329)
Best 
 valPSNR [20.267712500530322, 31.32384021588613, 31.331652805941342, 31.2766009205631, 31.441902826302574]
valMax 31.441902826302574 pos 5
Imagen  17
First 
valPSNR [20.629174683920517, 31.418087097312647, 31.578227282920565, 31.429587105476525, 31.724431013974428]
valMax 31.724431013974428 pos 5
Parches valPSNR [20.629174683920517, 31.418087097312647, 31.578227282920565, 31.429587105476525, 31.724431013974428]
valMax 31.724431013974428 pos 5
valPSNR [21.060599630464537, 25.960970192645615, 26.2277915752609, 26.14365130986176, 26.23472921264542]
valMax 26.23472921264542 pos 5
Parche 
 valPSNR [20.374624071795363, 29.820710983315145, 30.078458842691823, 29.646504536703052, 30.24344588594856]
valMax 30.24344588594856 pos 5
shape 766 510 3
shape 766 510 3
shape 766 510 3
shape 766 510 3
shape 766 510 3
shape 766 510 3
[(493, 182), (483, 101), (473, 359)]
(493, 182) (430, 150)
(493, 182) (424, 168)
(493, 182) (424, 168)
(493, 182) (430, 150)
(493, 182) (547, 138)
(493, 182) (555, 213)
(493, 182) (430, 150)
(493, 182) (454, 123)
(493, 182) (426, 159)
(493, 182) (451, 126)
(493, 182) (430, 150)
(493, 182) (461, 119)
(493, 182) (428, 156)
(493, 182) (451, 126)
(493, 182) (423, 182)
(493, 182) (443, 132)
(493, 182) (443, 132)
(493, 182) (423, 182)
(483, 101) (446, 40)
(483, 101) (433, 51)
(483, 101) (483, 101)
(483, 101) (551, 113)
(483, 101) (552, 106)
(483, 101) (506, 167)
(483, 101) (469, 32)
(483, 101) (451, 38)
(483, 101) (451, 38)
(483, 101) (483, 31)
(483, 101) (457, 36)
(483, 101) (483, 31)
(483, 101) (460, 34)
(483, 101) (471, 31)
(483, 101) (469, 32)
(483, 101) (467, 32)
(483, 101) (473, 31)
(483, 101) (469, 32)
(473, 359) (419, 403)
(473, 359) (411, 325)
(473, 359) (413, 321)
(473, 359) (527, 403)
(473, 359) (403, 366)
(473, 359) (418, 314)
(473, 359) (419, 313)
(473, 359) (420, 312)
(473, 359) (432, 302)
(473, 359) (404, 343)
(473, 359) (411, 326)
(473, 359) (421, 311)
(473, 359) (431, 302)
(473, 359) (429, 303)
(473, 359) (427, 306)
(473, 359) (403, 347)
(473, 359) (409, 329)
(473, 359) (418, 315)
Best 
 valPSNR [20.629174683920517, 31.418087097312647, 31.578227282920565, 31.429587105476525, 31.724431013974428]
valMax 31.724431013974428 pos 5
Imagen  18
First 
valPSNR [20.534510769482477, 28.50698854942243, 28.64740221455634, 28.54660941943967, 28.740669825006876]
valMax 28.740669825006876 pos 5
Parches valPSNR [20.534510769482477, 28.50698854942243, 28.64740221455634, 28.54660941943967, 28.740669825006876]
valMax 28.740669825006876 pos 5
valPSNR [20.55205126191874, 31.89203429950095, 32.04779871132017, 31.86576222928705, 32.15095756366286]
valMax 32.15095756366286 pos 5
Parche 
 valPSNR [20.592603340254094, 29.152765269465448, 29.141873019951557, 29.02790174895136, 29.291055799436645]
valMax 29.291055799436645 pos 5
shape 766 510 3
shape 766 510 3
shape 766 510 3
shape 766 510 3
shape 766 510 3
shape 766 510 3
[(438, 44), (30, 138), (587, 86)]
(438, 44) (480, -12)
(438, 44) (469, -19)
(438, 44) (438, -26)
(438, 44) (450, -25)
(438, 44) (435, -26)
(438, 44) (470, 105)
(438, 44) (443, -26)
(438, 44) (448, -26)
(438, 44) (453, -25)
(438, 44) (406, -19)
(438, 44) (438, -26)
(438, 44) (438, -26)
(438, 44) (496, 5)
(438, 44) (469, -19)
(438, 44) (471, -18)
(438, 44) (453, -25)
(438, 44) (445, -26)
(438, 44) (457, -24)
(30, 138) (13, 70)
(30, 138) (7, 71)
(30, 138) (7, 71)
(30, 138) (72, 82)
(30, 138) (98, 152)
(30, 138) (64, 77)
(30, 138) (37, 68)
(30, 138) (30, 68)
(30, 138) (30, 68)
(30, 138) (30, 68)
(30, 138) (30, 68)
(30, 138) (21, 68)
(30, 138) (39, 68)
(30, 138) (61, 75)
(30, 138) (30, 68)
(30, 138) (45, 69)
(30, 138) (39, 68)
(30, 138) (45, 69)
(587, 86) (573, 17)
(587, 86) (555, 23)
(587, 86) (548, 27)
(587, 86) (653, 62)
(587, 86) (631, 32)
(587, 86) (613, 150)
(587, 86) (636, 135)
(587, 86) (517, 86)
(587, 86) (649, 117)
(587, 86) (587, 86)
(587, 86) (587, 86)
(587, 86) (657, 86)
(587, 86) (517, 86)
(587, 86) (587, 156)
(587, 86) (649, 117)
(587, 86) (587, 86)
(587, 86) (657, 86)
(587, 86) (636, 135)
Best 
 valPSNR [20.534510769482477, 28.50698854942243, 28.64740221455634, 28.54660941943967, 28.740669825006876]
valMax 28.740669825006876 pos 5
Imagen  19
First 
valPSNR [20.321082956903282, 30.528697389709386, 30.458732580457916, 30.553362333776604, 30.540479955491367]
valMax 30.553362333776604 pos 4
Parches valPSNR [20.321082956903282, 30.528697389709386, 30.458732580457916, 30.553362333776604, 30.540479955491367]
valMax 30.553362333776604 pos 4
valPSNR [20.616689980167102, 31.32288314753, 31.384556423210206, 31.341871856476637, 31.654270831689352]
valMax 31.654270831689352 pos 5
Parche 
 valPSNR [20.638921652719247, 28.423693625186452, 28.422301807196018, 28.423129463380306, 28.63468328926523]
valMax 28.63468328926523 pos 5
shape 766 510 3
shape 766 510 3
shape 766 510 3
shape 766 510 3
shape 766 510 3
shape 766 510 3
[(307, 60), (430, 381), (362, 350)]
(307, 60) (356, 109)
(307, 60) (356, 10)
(307, 60) (329, -7)
(307, 60) (309, -10)
(307, 60) (288, -8)
(307, 60) (253, 14)
(307, 60) (307, -10)
(307, 60) (356, 10)
(307, 60) (338, -3)
(307, 60) (356, 109)
(307, 60) (257, 10)
(307, 60) (307, -10)
(307, 60) (377, 60)
(307, 60) (307, -10)
(307, 60) (307, -10)
(307, 60) (307, -10)
(307, 60) (338, -3)
(307, 60) (338, -3)
(430, 381) (380, 430)
(430, 381) (378, 428)
(430, 381) (388, 437)
(430, 381) (422, 450)
(430, 381) (371, 418)
(430, 381) (364, 356)
(430, 381) (360, 390)
(430, 381) (361, 396)
(430, 381) (360, 392)
(430, 381) (367, 412)
(430, 381) (360, 381)
(430, 381) (360, 381)
(430, 381) (391, 439)
(430, 381) (391, 439)
(430, 381) (380, 430)
(430, 381) (374, 423)
(430, 381) (362, 397)
(430, 381) (360, 381)
(362, 350) (312, 300)
(362, 350) (292, 338)
(362, 350) (293, 336)
(362, 350) (306, 308)
(362, 350) (343, 417)
(362, 350) (429, 369)
(362, 350) (330, 412)
(362, 350) (312, 399)
(362, 350) (330, 412)
(362, 350) (362, 280)
(362, 350) (312, 300)
(362, 350) (292, 350)
(362, 350) (292, 350)
(362, 350) (292, 350)
(362, 350) (292, 350)
(362, 350) (362, 280)
(362, 350) (411, 300)
(362, 350) (362, 280)
Best 
 valPSNR [20.321082956903282, 30.528697389709386, 30.458732580457916, 30.553362333776604, 30.540479955491367]
valMax 30.553362333776604 pos 4
Imagen  20
First 
valPSNR [21.40513104009177, 29.254069661469494, 29.23342899595142, 29.235554184486094, 29.335126256353476]
valMax 29.335126256353476 pos 5
Parches valPSNR [21.40513104009177, 29.254069661469494, 29.23342899595142, 29.235554184486094, 29.335126256353476]
valMax 29.335126256353476 pos 5
valPSNR [22.778312433975, 29.31240272796952, 29.36918030725149, 29.322827053788036, 29.366376046948794]
valMax 29.36918030725149 pos 3
Parche 
 valPSNR [21.07411523768862, 30.47320760137305, 30.278760585085692, 30.39079659444148, 30.650751562099806]
valMax 30.650751562099806 pos 5
shape 510 766 3
shape 510 766 3
shape 510 766 3
shape 510 766 3
shape 510 766 3
shape 510 766 3
[(498, 141), (140, 107), (320, 99)]
(498, 141) (428, 141)
(498, 141) (428, 146)
(498, 141) (428, 130)
(498, 141) (431, 118)
(498, 141) (428, 150)
(498, 141) (519, 74)
(498, 141) (428, 141)
(498, 141) (429, 125)
(498, 141) (435, 109)
(498, 141) (429, 127)
(498, 141) (431, 118)
(498, 141) (435, 109)
(498, 141) (430, 124)
(498, 141) (428, 141)
(498, 141) (428, 129)
(498, 141) (433, 115)
(498, 141) (435, 109)
(498, 141) (433, 115)
(140, 107) (108, 44)
(140, 107) (140, 107)
(140, 107) (140, 107)
(140, 107) (206, 127)
(140, 107) (96, 52)
(140, 107) (209, 117)
(140, 107) (140, 107)
(140, 107) (210, 107)
(140, 107) (140, 107)
(140, 107) (70, 107)
(140, 107) (140, 107)
(140, 107) (140, 107)
(140, 107) (70, 107)
(140, 107) (210, 107)
(140, 107) (140, 107)
(140, 107) (140, 107)
(140, 107) (140, 107)
(140, 107) (140, 107)
(320, 99) (257, 67)
(320, 99) (252, 82)
(320, 99) (252, 82)
(320, 99) (257, 66)
(320, 99) (251, 114)
(320, 99) (385, 124)
(320, 99) (320, 99)
(320, 99) (369, 148)
(320, 99) (257, 130)
(320, 99) (390, 99)
(320, 99) (382, 130)
(320, 99) (342, 165)
(320, 99) (288, 36)
(320, 99) (331, 29)
(320, 99) (270, 49)
(320, 99) (351, 161)
(320, 99) (250, 99)
(320, 99) (252, 82)
Best 
 valPSNR [21.40513104009177, 29.254069661469494, 29.23342899595142, 29.235554184486094, 29.335126256353476]
valMax 29.335126256353476 pos 5
Imagen  21
First 
valPSNR [20.26020675998174, 29.836147659055918, 29.83385406261471, 29.825747315332762, 29.98253191153834]
valMax 29.98253191153834 pos 5
Parches valPSNR [20.26020675998174, 29.836147659055918, 29.83385406261471, 29.825747315332762, 29.98253191153834]
valMax 29.98253191153834 pos 5
valPSNR [20.62513439243552, 30.523702060991468, 30.514125902508713, 30.433764501266797, 30.775597188323594]
valMax 30.775597188323594 pos 5
Parche 
 valPSNR [20.701201627978346, 27.6860516869391, 27.618211659837964, 27.785863234431808, 27.746777518708626]
valMax 27.785863234431808 pos 4
shape 510 766 3
shape 510 766 3
shape 510 766 3
shape 510 766 3
shape 510 766 3
shape 510 766 3
[(61, 172), (282, 409), (241, 380)]
(61, 172) (131, 172)
(61, 172) (61, 102)
(61, 172) (61, 102)
(61, 172) (121, 207)
(61, 172) (31, 235)
(61, 172) (25, 111)
(61, 172) (92, 234)
(61, 172) (-9, 172)
(61, 172) (61, 102)
(61, 172) (61, 172)
(61, 172) (61, 172)
(61, 172) (61, 172)
(61, 172) (61, 242)
(61, 172) (110, 221)
(61, 172) (61, 172)
(61, 172) (61, 172)
(61, 172) (61, 172)
(61, 172) (61, 102)
(282, 409) (240, 352)
(282, 409) (239, 353)
(282, 409) (239, 353)
(282, 409) (289, 339)
(282, 409) (261, 342)
(282, 409) (215, 386)
(282, 409) (257, 343)
(282, 409) (250, 346)
(282, 409) (240, 352)
(282, 409) (238, 354)
(282, 409) (233, 358)
(282, 409) (230, 361)
(282, 409) (254, 344)
(282, 409) (244, 349)
(282, 409) (242, 351)
(282, 409) (244, 349)
(282, 409) (240, 352)
(282, 409) (238, 354)
(241, 380) (218, 446)
(241, 380) (174, 402)
(241, 380) (174, 402)
(241, 380) (229, 449)
(241, 380) (216, 314)
(241, 380) (218, 446)
(241, 380) (191, 429)
(241, 380) (290, 429)
(241, 380) (191, 330)
(241, 380) (191, 330)
(241, 380) (290, 330)
(241, 380) (178, 411)
(241, 380) (290, 330)
(241, 380) (191, 330)
(241, 380) (171, 380)
(241, 380) (241, 380)
(241, 380) (218, 313)
(241, 380) (178, 348)
Best 
 valPSNR [20.26020675998174, 29.836147659055918, 29.83385406261471, 29.825747315332762, 29.98253191153834]
valMax 29.98253191153834 pos 5
Imagen  22
First 
valPSNR [20.276825194921628, 29.89730674725387, 29.92764157695516, 29.953077000379107, 30.065765016497068]
valMax 30.065765016497068 pos 5
Parches valPSNR [20.276825194921628, 29.89730674725387, 29.92764157695516, 29.953077000379107, 30.065765016497068]
valMax 30.065765016497068 pos 5
valPSNR [20.924461881243943, 29.26767108743561, 29.27731141963563, 29.331486407941565, 29.30825161575396]
valMax 29.331486407941565 pos 4
Parche 
 valPSNR [20.422737429844705, 31.650629307047993, 31.714218832605304, 31.735323764624404, 31.9133035118694]
valMax 31.9133035118694 pos 5
shape 510 766 3
shape 510 766 3
shape 510 766 3
shape 510 766 3
shape 510 766 3
shape 510 766 3
[(421, 631), (371, 669), (350, 730)]
(421, 631) (405, 699)
(421, 631) (430, 700)
(421, 631) (401, 698)
(421, 631) (363, 590)
(421, 631) (469, 681)
(421, 631) (408, 562)
(421, 631) (421, 561)
(421, 631) (421, 701)
(421, 631) (443, 564)
(421, 631) (421, 631)
(421, 631) (483, 662)
(421, 631) (398, 564)
(421, 631) (351, 631)
(421, 631) (470, 581)
(421, 631) (470, 581)
(421, 631) (421, 701)
(421, 631) (491, 631)
(421, 631) (491, 631)
(371, 669) (402, 606)
(371, 669) (441, 669)
(371, 669) (441, 669)
(371, 669) (390, 601)
(371, 669) (351, 601)
(371, 669) (420, 718)
(371, 669) (441, 669)
(371, 669) (371, 599)
(371, 669) (371, 669)
(371, 669) (371, 669)
(371, 669) (371, 599)
(371, 669) (321, 619)
(371, 669) (420, 718)
(371, 669) (371, 599)
(371, 669) (433, 637)
(371, 669) (371, 739)
(371, 669) (420, 619)
(371, 669) (420, 718)
(350, 730) (281, 746)
(350, 730) (296, 774)
(350, 730) (297, 776)
(350, 730) (405, 772)
(350, 730) (337, 798)
(350, 730) (321, 666)
(350, 730) (280, 730)
(350, 730) (300, 779)
(350, 730) (313, 790)
(350, 730) (308, 674)
(350, 730) (350, 800)
(350, 730) (338, 799)
(350, 730) (280, 730)
(350, 730) (366, 797)
(350, 730) (305, 783)
(350, 730) (420, 730)
(350, 730) (388, 788)
(350, 730) (366, 797)
Best 
 valPSNR [20.276825194921628, 29.89730674725387, 29.92764157695516, 29.953077000379107, 30.065765016497068]
valMax 30.065765016497068 pos 5
Imagen  23
First 
valPSNR [20.382292727076003, 33.760111278863654, 33.81201960597387, 33.85450514222389, 33.99858288914593]
valMax 33.99858288914593 pos 5
Parches valPSNR [20.382292727076003, 33.760111278863654, 33.81201960597387, 33.85450514222389, 33.99858288914593]
valMax 33.99858288914593 pos 5
valPSNR [20.451979944357248, 37.668073934897926, 37.82608938827857, 37.621639009573514, 37.891265581670424]
valMax 37.891265581670424 pos 5
Parche 
 valPSNR [20.357472462799066, 35.947443860518675, 35.438270177310415, 35.91220767579642, 36.356275474288616]
valMax 36.356275474288616 pos 5
shape 510 766 3
shape 510 766 3
shape 510 766 3
shape 510 766 3
shape 510 766 3
shape 510 766 3
[(425, 209), (122, 498), (488, 168)]
(425, 209) (495, 209)
(425, 209) (358, 231)
(425, 209) (360, 183)
(425, 209) (425, 139)
(425, 209) (355, 215)
(425, 209) (358, 186)
(425, 209) (425, 209)
(425, 209) (425, 209)
(425, 209) (375, 159)
(425, 209) (425, 209)
(425, 209) (425, 279)
(425, 209) (425, 209)
(425, 209) (495, 209)
(425, 209) (425, 139)
(425, 209) (375, 159)
(425, 209) (425, 209)
(425, 209) (425, 209)
(425, 209) (375, 159)
(122, 498) (54, 514)
(122, 498) (59, 529)
(122, 498) (78, 552)
(122, 498) (122, 568)
(122, 498) (118, 567)
(122, 498) (53, 484)
(122, 498) (90, 435)
(122, 498) (153, 560)
(122, 498) (122, 568)
(122, 498) (72, 448)
(122, 498) (122, 568)
(122, 498) (122, 568)
(122, 498) (72, 547)
(122, 498) (99, 564)
(122, 498) (90, 560)
(122, 498) (52, 498)
(122, 498) (90, 560)
(122, 498) (72, 547)
(488, 168) (425, 199)
(488, 168) (429, 206)
(488, 168) (421, 145)
(488, 168) (537, 217)
(488, 168) (542, 124)
(488, 168) (510, 234)
(488, 168) (418, 168)
(488, 168) (488, 98)
(488, 168) (488, 168)
(488, 168) (425, 136)
(488, 168) (425, 136)
(488, 168) (488, 98)
(488, 168) (418, 168)
(488, 168) (456, 105)
(488, 168) (438, 118)
(488, 168) (438, 118)
(488, 168) (438, 118)
(488, 168) (438, 118)
Best 
 valPSNR [20.382292727076003, 33.760111278863654, 33.81201960597387, 33.85450514222389, 33.99858288914593]
valMax 33.99858288914593 pos 5
Imagen  24
First 
valPSNR [20.372133379581705, 28.504087551025044, 28.62152319092688, 28.57590054721289, 28.762013269535615]
valMax 28.762013269535615 pos 5
Parches valPSNR [20.372133379581705, 28.504087551025044, 28.62152319092688, 28.57590054721289, 28.762013269535615]
valMax 28.762013269535615 pos 5
valPSNR [20.410474468659462, 30.67418550014778, 30.787194860145426, 30.84493765667977, 30.964528478940963]
valMax 30.964528478940963 pos 5
Parche 
 valPSNR [20.435454414626673, 29.24350905590629, 29.25329129774271, 29.313921033216737, 29.569152782768438]
valMax 29.569152782768438 pos 5
shape 510 766 3
shape 510 766 3
shape 510 766 3
shape 510 766 3
shape 510 766 3
shape 510 766 3
[(40, 217), (340, 388), (414, 478)]
(40, 217) (89, 167)
(40, 217) (62, 150)
(40, 217) (62, 150)
(40, 217) (2, 157)
(40, 217) (109, 218)
(40, 217) (7, 155)
(40, 217) (89, 167)
(40, 217) (80, 160)
(40, 217) (65, 152)
(40, 217) (71, 154)
(40, 217) (65, 152)
(40, 217) (46, 147)
(40, 217) (71, 154)
(40, 217) (56, 149)
(40, 217) (-30, 217)
(40, 217) (89, 167)
(40, 217) (83, 162)
(40, 217) (110, 217)
(340, 388) (389, 437)
(340, 388) (389, 437)
(340, 388) (389, 437)
(340, 388) (286, 342)
(340, 388) (322, 455)
(340, 388) (405, 363)
(340, 388) (340, 388)
(340, 388) (290, 338)
(340, 388) (340, 318)
(340, 388) (270, 388)
(340, 388) (273, 365)
(340, 388) (290, 338)
(340, 388) (279, 351)
(340, 388) (270, 388)
(340, 388) (290, 338)
(340, 388) (270, 388)
(340, 388) (270, 388)
(340, 388) (389, 437)
(414, 478) (482, 491)
(414, 478) (478, 504)
(414, 478) (483, 489)
(414, 478) (465, 430)
(414, 478) (466, 524)
(414, 478) (462, 528)
(414, 478) (472, 516)
(414, 478) (433, 545)
(414, 478) (467, 522)
(414, 478) (484, 478)
(414, 478) (382, 540)
(414, 478) (423, 547)
(414, 478) (478, 452)
(414, 478) (483, 489)
(414, 478) (484, 478)
(414, 478) (346, 494)
(414, 478) (388, 542)
(414, 478) (439, 542)
Best 
 valPSNR [20.372133379581705, 28.504087551025044, 28.62152319092688, 28.57590054721289, 28.762013269535615]
valMax 28.762013269535615 pos 5
kodim1  &  0.1616  &  1.3584  &  0.4599  &  0.4776  &  0.4479  &  0.3886  \\
kodim2  &  0.4171  &  1.5114  &  0.7198  &  0.6942  &  0.6917  &  0.5548  \\
kodim3  &  0.2476  &  1.5166  &  0.6403  &  0.5682  &  0.5710  &  0.3794  \\
kodim4  &  0.3105  &  1.5107  &  0.6153  &  0.6267  &  0.6100  &  0.4329  \\
kodim5  &  0.2544  &  1.3654  &  0.5014  &  0.5121  &  0.5151  &  0.4544  \\
kodim6  &  0.1775  &  1.3980  &  0.4542  &  0.4564  &  0.4160  &  0.3115  \\
kodim7  &  0.2706  &  1.4983  &  0.5620  &  0.4779  &  0.5117  &  0.3706  \\
kodim8  &  0.1958  &  1.2952  &  0.4424  &  0.4613  &  0.4438  &  0.4106  \\
kodim9  &  0.2854  &  1.5078  &  0.5887  &  0.5086  &  0.5131  &  0.3354  \\
kodim10  &  0.2862  &  1.5099  &  0.6585  &  0.5703  &  0.5521  &  0.3752  \\
kodim11  &  0.2180  &  1.4529  &  0.5591  &  0.5588  &  0.5165  &  0.4277  \\
kodim12  &  0.2283  &  1.5048  &  0.5746  &  0.5449  &  0.5962  &  0.4066  \\
kodim13  &  0.1553  &  1.2898  &  0.4526  &  0.4825  &  0.4702  &  0.4139  \\
kodim14  &  0.2531  &  1.4461  &  0.5581  &  0.5629  &  0.5302  &  0.4629  \\
kodim15  &  0.2631  &  1.4676  &  0.5909  &  0.4874  &  0.5317  &  0.3805  \\
kodim16  &  0.2126  &  1.4890  &  0.5572  &  0.5230  &  0.5494  &  0.3787  \\
kodim17  &  0.2484  &  1.4828  &  0.4873  &  0.4590  &  0.4483  &  0.2914  \\
kodim18  &  0.2915  &  1.4248  &  0.5472  &  0.5844  &  0.5642  &  0.4614  \\
kodim19  &  0.2698  &  1.4421  &  0.4907  &  0.5303  &  0.4780  &  0.3477  \\
kodim20  &  0.1421  &  1.3495  &  0.3823  &  0.3121  &  0.3337  &  0.2300  \\
kodim21  &  0.2816  &  1.4438  &  0.5638  &  0.4601  &  0.4770  &  0.3381  \\
kodim22  &  0.3326  &  1.4812  &  0.6112  &  0.6235  &  0.5790  &  0.5064  \\
kodim23  &  0.3871  &  1.5245  &  0.7039  &  0.6471  &  0.6246  &  0.4581  \\
kodim24  &  0.2210  &  1.4079  &  0.5710  &  0.5972  &  0.5967  &  0.5175  \\
kodim25  &  0.2546  &  1.4449  &  0.5538  &  0.5303  &  0.5237  &  0.4014  \\
Tue 24 Oct 2023 07:24:03 PM CST
