g-0-6
Tue 24 Oct 2023 05:33:29 PM CST
Imagen  1
First valPSNR [21.24475347607624, 27.3152970761642, 27.809276062098235, 27.871270100661697, 27.972689779238593]
valMax 27.972689779238593 pos 5
[21.24475347607624, 27.3152970761642, 27.809276062098235, 27.871270100661697, 27.972689779238593]
27.972689779238593
5
[23.675996496449457, 30.73369144031574, 31.615181840529285, 31.584294646863746, 31.921412021000528]
31.921412021000528
5
[22.713820492578915, 29.2098268710281, 29.743846289361446, 29.681985352111532, 29.7250293312878]
29.743846289361446
3
shape 20 32 3
shape 254 382 3
shape 254 382 3
shape 254 382 3
shape 254 382 3
shape 254 382 3
shape 254 382 3
[(51, 103), (152, 332), (141, 31)]
(51, 103) (92, 130)
(51, 103) (91, 133)
(51, 103) (82, 142)
(51, 103) (86, 138)
(51, 103) (51, 153)
(51, 103) (51, 153)
(51, 103) (21, 143)
(51, 103) (28, 147)
(51, 103) (51, 153)
(51, 103) (51, 153)
(51, 103) (15, 138)
(51, 103) (1, 103)
(51, 103) (51, 153)
(51, 103) (55, 152)
(51, 103) (69, 149)
(51, 103) (60, 152)
(51, 103) (51, 153)
(51, 103) (58, 152)
(152, 332) (193, 304)
(152, 332) (187, 296)
(152, 332) (187, 296)
(152, 332) (102, 332)
(152, 332) (102, 326)
(152, 332) (102, 322)
(152, 332) (129, 287)
(152, 332) (127, 288)
(152, 332) (140, 283)
(152, 332) (152, 282)
(152, 332) (152, 282)
(152, 332) (156, 282)
(152, 332) (116, 296)
(152, 332) (152, 282)
(152, 332) (174, 287)
(152, 332) (161, 282)
(152, 332) (167, 284)
(152, 332) (183, 292)
(141, 31) (141, 81)
(141, 31) (141, 81)
(141, 31) (125, 78)
(141, 31) (96, 8)
(141, 31) (96, 53)
(141, 31) (141, -19)
(141, 31) (191, 31)
(141, 31) (185, 53)
(141, 31) (182, 58)
(141, 31) (188, 15)
(141, 31) (191, 31)
(141, 31) (188, 46)
(141, 31) (118, -14)
(141, 31) (141, -19)
(141, 31) (141, -19)
(141, 31) (176, -5)
(141, 31) (176, -5)
(141, 31) (141, -19)
[21.24475347607624, 27.3152970761642, 27.809276062098235, 27.871270100661697, 27.972689779238593]
27.972689779238593
5
Imagen  2
First valPSNR [26.88714259610885, 31.534296171283145, 32.05717413682496, 32.148061133721505, 32.18989357161708]
valMax 32.18989357161708 pos 5
[26.88714259610885, 31.534296171283145, 32.05717413682496, 32.148061133721505, 32.18989357161708]
32.18989357161708
5
[25.665703699442215, 31.339610975973674, 31.779049472653558, 31.769689722420225, 31.786677571561924]
31.786677571561924
5
[30.534354297509157, 33.35170655688779, 34.336116766747026, 34.313513312227315, 34.249323114351384]
34.336116766747026
3
shape 20 32 3
shape 254 382 3
shape 254 382 3
shape 254 382 3
shape 254 382 3
shape 254 382 3
shape 254 382 3
[(73, 265), (16, 264), (11, 277)]
(73, 265) (28, 242)
(73, 265) (23, 255)
(73, 265) (23, 261)
(73, 265) (25, 249)
(73, 265) (28, 242)
(73, 265) (24, 275)
(73, 265) (28, 287)
(73, 265) (27, 285)
(73, 265) (24, 277)
(73, 265) (23, 265)
(73, 265) (23, 265)
(73, 265) (23, 268)
(73, 265) (24, 277)
(73, 265) (23, 265)
(73, 265) (25, 280)
(73, 265) (23, 274)
(73, 265) (23, 273)
(73, 265) (23, 272)
(16, 264) (63, 280)
(16, 264) (63, 280)
(16, 264) (62, 282)
(16, 264) (38, 308)
(16, 264) (63, 279)
(16, 264) (-29, 241)
(16, 264) (48, 302)
(16, 264) (55, 295)
(16, 264) (53, 296)
(16, 264) (35, 309)
(16, 264) (16, 314)
(16, 264) (43, 305)
(16, 264) (64, 277)
(16, 264) (0, 311)
(16, 264) (56, 294)
(16, 264) (59, 288)
(16, 264) (51, 299)
(16, 264) (60, 286)
(11, 277) (11, 227)
(11, 277) (-7, 230)
(11, 277) (-18, 235)
(11, 277) (11, 327)
(11, 277) (55, 299)
(11, 277) (46, 312)
(11, 277) (54, 251)
(11, 277) (56, 256)
(11, 277) (54, 252)
(11, 277) (60, 270)
(11, 277) (60, 269)
(11, 277) (60, 267)
(11, 277) (11, 277)
(11, 277) (11, 277)
(11, 277) (11, 277)
(11, 277) (59, 264)
(11, 277) (59, 266)
(11, 277) (59, 264)
[26.88714259610885, 31.534296171283145, 32.05717413682496, 32.148061133721505, 32.18989357161708]
32.18989357161708
5
Imagen  3
First valPSNR [26.850805365818495, 32.22994148782307, 32.77982431776914, 32.811314547407314, 32.91531795418947]
valMax 32.91531795418947 pos 5
[26.850805365818495, 32.22994148782307, 32.77982431776914, 32.811314547407314, 32.91531795418947]
32.91531795418947
5
[20.661888840080927, 28.120249385260113, 28.80688901950839, 28.840372850099648, 28.939020144954025]
28.939020144954025
5
[26.621267434874913, 33.167731610358004, 33.766595269235225, 33.8305685971706, 33.881113802659726]
33.881113802659726
5
shape 20 32 3
shape 254 382 3
shape 254 382 3
shape 254 382 3
shape 254 382 3
shape 254 382 3
shape 254 382 3
[(124, 273), (1, 356), (65, 301)]
(124, 273) (159, 237)
(124, 273) (155, 233)
(124, 273) (149, 230)
(124, 273) (136, 321)
(124, 273) (165, 245)
(124, 273) (159, 237)
(124, 273) (88, 308)
(124, 273) (74, 273)
(124, 273) (79, 250)
(124, 273) (146, 228)
(124, 273) (146, 228)
(124, 273) (159, 237)
(124, 273) (146, 228)
(124, 273) (124, 223)
(124, 273) (168, 250)
(124, 273) (108, 225)
(124, 273) (108, 225)
(124, 273) (139, 225)
(1, 356) (1, 306)
(1, 356) (-1, 306)
(1, 356) (1, 306)
(1, 356) (4, 306)
(1, 356) (-2, 306)
(1, 356) (-6, 306)
(1, 356) (-4, 306)
(1, 356) (1, 306)
(1, 356) (-1, 306)
(1, 356) (-4, 306)
(1, 356) (-1, 306)
(1, 356) (1, 306)
(1, 356) (10, 306)
(1, 356) (1, 306)
(1, 356) (2, 306)
(1, 356) (1, 306)
(1, 356) (2, 306)
(1, 356) (3, 306)
(65, 301) (65, 251)
(65, 301) (65, 251)
(65, 301) (65, 251)
(65, 301) (52, 252)
(65, 301) (65, 251)
(65, 301) (115, 301)
(65, 301) (95, 261)
(65, 301) (112, 285)
(65, 301) (77, 252)
(65, 301) (65, 251)
(65, 301) (77, 252)
(65, 301) (77, 252)
(65, 301) (65, 251)
(65, 301) (65, 251)
(65, 301) (83, 254)
(65, 301) (109, 278)
(65, 301) (74, 251)
(65, 301) (95, 261)
[26.850805365818495, 32.22994148782307, 32.77982431776914, 32.811314547407314, 32.91531795418947]
32.91531795418947
5
Imagen  4
First valPSNR [25.544460964652053, 30.330081546955032, 30.666423080046453, 30.670296019091072, 30.78781148444091]
valMax 30.78781148444091 pos 5
[25.544460964652053, 30.330081546955032, 30.666423080046453, 30.670296019091072, 30.78781148444091]
30.78781148444091
5
[25.064699607470132, 28.01353157016478, 28.139211198193582, 28.323500652585313, 28.384603179817248]
28.384603179817248
5
[32.721054467396364, 34.102667167527486, 35.1089012476987, 34.92396101180529, 35.153787845713666]
35.153787845713666
5
shape 20 32 3
shape 382 254 3
shape 382 254 3
shape 382 254 3
shape 382 254 3
shape 382 254 3
shape 382 254 3
[(346, 16), (51, 165), (80, 185)]
(346, 16) (361, 63)
(346, 16) (360, 63)
(346, 16) (299, -4)
(346, 16) (394, 3)
(346, 16) (346, -34)
(346, 16) (381, 51)
(346, 16) (301, -7)
(346, 16) (373, 57)
(346, 16) (296, 16)
(346, 16) (381, 51)
(346, 16) (333, 64)
(346, 16) (310, 51)
(346, 16) (346, 66)
(346, 16) (304, 43)
(346, 16) (300, -4)
(346, 16) (368, 60)
(346, 16) (346, 66)
(346, 16) (346, 66)
(51, 165) (15, 129)
(51, 165) (95, 142)
(51, 165) (5, 185)
(51, 165) (91, 195)
(51, 165) (86, 200)
(51, 165) (83, 202)
(51, 165) (3, 149)
(51, 165) (15, 129)
(51, 165) (8, 139)
(51, 165) (35, 117)
(51, 165) (35, 117)
(51, 165) (11, 133)
(51, 165) (9, 137)
(51, 165) (1, 165)
(51, 165) (1, 156)
(51, 165) (11, 133)
(51, 165) (23, 123)
(51, 165) (1, 169)
(80, 185) (42, 152)
(80, 185) (38, 157)
(80, 185) (60, 138)
(80, 185) (67, 233)
(80, 185) (93, 136)
(80, 185) (93, 136)
(80, 185) (44, 220)
(80, 185) (39, 214)
(80, 185) (80, 235)
(80, 185) (66, 233)
(80, 185) (80, 235)
(80, 185) (57, 229)
(80, 185) (57, 229)
(80, 185) (80, 235)
(80, 185) (57, 229)
(80, 185) (64, 232)
(80, 185) (72, 234)
(80, 185) (57, 229)
[25.544460964652053, 30.330081546955032, 30.666423080046453, 30.670296019091072, 30.78781148444091]
30.78781148444091
5
Imagen  5
First valPSNR [19.30576548225699, 24.135923881344734, 24.419220700997478, 24.35845713395006, 24.458536265055912]
valMax 24.458536265055912 pos 5
[19.30576548225699, 24.135923881344734, 24.419220700997478, 24.35845713395006, 24.458536265055912]
24.458536265055912
5
[17.895207373014287, 23.149959649964394, 23.693740364894037, 23.66005972721652, 23.74136320154274]
23.74136320154274
5
[21.24466770173224, 26.005898797359855, 26.282597830123766, 26.25911581419419, 26.347733860396087]
26.347733860396087
5
shape 20 32 3
shape 254 382 3
shape 254 382 3
shape 254 382 3
shape 254 382 3
shape 254 382 3
shape 254 382 3
[(134, 374), (138, 96), (196, 129)]
(134, 374) (95, 341)
(134, 374) (95, 342)
(134, 374) (97, 340)
(134, 374) (174, 404)
(134, 374) (178, 396)
(134, 374) (169, 409)
(134, 374) (140, 324)
(134, 374) (128, 324)
(134, 374) (118, 326)
(134, 374) (166, 336)
(134, 374) (166, 336)
(134, 374) (134, 324)
(134, 374) (173, 343)
(134, 374) (169, 338)
(134, 374) (149, 326)
(134, 374) (142, 324)
(134, 374) (173, 342)
(134, 374) (134, 324)
(138, 96) (173, 131)
(138, 96) (160, 140)
(138, 96) (160, 140)
(138, 96) (115, 51)
(138, 96) (138, 146)
(138, 96) (156, 142)
(138, 96) (102, 60)
(138, 96) (162, 52)
(138, 96) (138, 46)
(138, 96) (97, 66)
(138, 96) (185, 111)
(138, 96) (138, 46)
(138, 96) (185, 80)
(138, 96) (160, 51)
(138, 96) (133, 46)
(138, 96) (93, 73)
(138, 96) (187, 102)
(138, 96) (138, 46)
(196, 129) (153, 154)
(196, 129) (151, 151)
(196, 129) (192, 178)
(196, 129) (226, 89)
(196, 129) (240, 106)
(196, 129) (236, 159)
(196, 129) (245, 136)
(196, 129) (228, 90)
(196, 129) (244, 140)
(196, 129) (211, 176)
(196, 129) (182, 177)
(196, 129) (221, 171)
(196, 129) (242, 147)
(196, 129) (226, 169)
(196, 129) (228, 167)
(196, 129) (208, 177)
(196, 129) (196, 179)
(196, 129) (219, 172)
[19.30576548225699, 24.135923881344734, 24.419220700997478, 24.35845713395006, 24.458536265055912]
24.458536265055912
5
Imagen  6
First valPSNR [23.098145120764777, 27.406937863543128, 27.994975850349604, 28.06047329675839, 28.209702587293563]
valMax 28.209702587293563 pos 5
[23.098145120764777, 27.406937863543128, 27.994975850349604, 28.06047329675839, 28.209702587293563]
28.209702587293563
5
[20.351401158285178, 27.419518285145664, 28.31616276858027, 28.410843125838852, 28.41065734597904]
28.410843125838852
4
[19.538067954677132, 22.402239172843657, 23.120964194353, 23.181934189391328, 23.335255094697807]
23.335255094697807
5
shape 20 32 3
shape 254 382 3
shape 254 382 3
shape 254 382 3
shape 254 382 3
shape 254 382 3
shape 254 382 3
[(180, 73), (170, 28), (215, 34)]
(180, 73) (136, 48)
(180, 73) (134, 51)
(180, 73) (130, 73)
(180, 73) (138, 45)
(180, 73) (144, 37)
(180, 73) (140, 43)
(180, 73) (143, 38)
(180, 73) (144, 37)
(180, 73) (141, 41)
(180, 73) (135, 50)
(180, 73) (132, 57)
(180, 73) (130, 80)
(180, 73) (136, 48)
(180, 73) (132, 56)
(180, 73) (132, 57)
(180, 73) (134, 51)
(180, 73) (134, 53)
(180, 73) (130, 66)
(170, 28) (160, -22)
(170, 28) (160, -22)
(170, 28) (164, -22)
(170, 28) (195, 70)
(170, 28) (120, 28)
(170, 28) (178, 77)
(170, 28) (198, -14)
(170, 28) (197, -14)
(170, 28) (196, -15)
(170, 28) (186, -20)
(170, 28) (190, -18)
(170, 28) (186, -20)
(170, 28) (170, -22)
(170, 28) (182, -21)
(170, 28) (181, -21)
(170, 28) (177, -22)
(170, 28) (179, -22)
(170, 28) (181, -21)
(215, 34) (165, 39)
(215, 34) (167, 48)
(215, 34) (165, 38)
(215, 34) (250, 69)
(215, 34) (215, 84)
(215, 34) (192, 78)
(215, 34) (215, 84)
(215, 34) (191, 77)
(215, 34) (186, 74)
(215, 34) (181, -4)
(215, 34) (181, -3)
(215, 34) (171, 9)
(215, 34) (172, 8)
(215, 34) (170, 11)
(215, 34) (182, -5)
(215, 34) (206, -16)
(215, 34) (185, -7)
(215, 34) (181, -4)
[23.098145120764777, 27.406937863543128, 27.994975850349604, 28.06047329675839, 28.209702587293563]
28.209702587293563
5
Imagen  7
First valPSNR [22.87093687732526, 29.538156481416348, 29.485913375407954, 29.45449843975702, 29.59651941687109]
valMax 29.59651941687109 pos 5
[22.87093687732526, 29.538156481416348, 29.485913375407954, 29.45449843975702, 29.59651941687109]
29.59651941687109
5
[24.012334222407112, 31.681259821685384, 29.003937825104952, 29.158208982938728, 29.023004893909736]
31.681259821685384
2
[29.258923016357258, 37.00955823344036, 38.3531473223203, 38.52505259687858, 38.87790839879862]
38.87790839879862
5
shape 20 32 3
shape 254 382 3
shape 254 382 3
shape 254 382 3
shape 254 382 3
shape 254 382 3
shape 254 382 3
[(239, 128), (26, 175), (138, 106)]
(239, 128) (289, 128)
(239, 128) (239, 78)
(239, 128) (274, 163)
(239, 128) (274, 92)
(239, 128) (261, 83)
(239, 128) (280, 155)
(239, 128) (274, 92)
(239, 128) (274, 163)
(239, 128) (286, 143)
(239, 128) (274, 163)
(239, 128) (274, 92)
(239, 128) (261, 83)
(239, 128) (239, 78)
(239, 128) (274, 163)
(239, 128) (239, 128)
(239, 128) (239, 128)
(239, 128) (289, 128)
(239, 128) (289, 128)
(26, 175) (38, 223)
(26, 175) (38, 223)
(26, 175) (26, 225)
(26, 175) (44, 221)
(26, 175) (38, 223)
(26, 175) (35, 224)
(26, 175) (75, 184)
(26, 175) (76, 175)
(26, 175) (67, 202)
(26, 175) (75, 183)
(26, 175) (70, 197)
(26, 175) (75, 184)
(26, 175) (55, 215)
(26, 175) (57, 214)
(26, 175) (64, 207)
(26, 175) (68, 200)
(26, 175) (65, 205)
(26, 175) (66, 204)
(138, 106) (102, 70)
(138, 106) (138, 156)
(138, 106) (102, 141)
(138, 106) (138, 56)
(138, 106) (188, 106)
(138, 106) (138, 56)
(138, 106) (148, 154)
(138, 106) (155, 152)
(138, 106) (146, 155)
(138, 106) (133, 155)
(138, 106) (133, 155)
(138, 106) (147, 155)
(138, 106) (157, 151)
(138, 106) (138, 156)
(138, 106) (122, 153)
(138, 106) (120, 152)
(138, 106) (125, 154)
(138, 106) (138, 156)
[22.87093687732526, 29.538156481416348, 29.485913375407954, 29.45449843975702, 29.59651941687109]
29.59651941687109
5
Imagen  8
First valPSNR [17.412128716304693, 25.09412360525802, 25.56509006641804, 25.6455914165611, 25.79593567000296]
valMax 25.79593567000296 pos 5
[17.412128716304693, 25.09412360525802, 25.56509006641804, 25.6455914165611, 25.79593567000296]
25.79593567000296
5
[22.11422626534204, 27.049128402876065, 28.107621930808033, 28.036196179548263, 28.22474833015142]
28.22474833015142
5
[18.496062246409153, 24.88230256887755, 25.74839527125941, 25.805133547467477, 26.03170966791272]
26.03170966791272
5
shape 20 32 3
shape 254 382 3
shape 254 382 3
shape 254 382 3
shape 254 382 3
shape 254 382 3
shape 254 382 3
[(216, 167), (39, 119), (32, 277)]
(216, 167) (265, 166)
(216, 167) (265, 165)
(216, 167) (266, 167)
(216, 167) (238, 122)
(216, 167) (255, 135)
(216, 167) (248, 128)
(216, 167) (265, 157)
(216, 167) (265, 157)
(216, 167) (264, 155)
(216, 167) (265, 162)
(216, 167) (265, 158)
(216, 167) (264, 155)
(216, 167) (263, 152)
(216, 167) (264, 155)
(216, 167) (264, 154)
(216, 167) (265, 157)
(216, 167) (265, 158)
(216, 167) (264, 156)
(39, 119) (74, 83)
(39, 119) (66, 77)
(39, 119) (80, 91)
(39, 119) (89, 119)
(39, 119) (3, 154)
(39, 119) (-9, 103)
(39, 119) (88, 111)
(39, 119) (82, 143)
(39, 119) (81, 93)
(39, 119) (80, 91)
(39, 119) (39, 169)
(39, 119) (83, 96)
(39, 119) (-11, 119)
(39, 119) (66, 160)
(39, 119) (89, 119)
(39, 119) (30, 69)
(39, 119) (39, 69)
(39, 119) (66, 77)
(32, 277) (-15, 257)
(32, 277) (-15, 258)
(32, 277) (-18, 268)
(32, 277) (80, 287)
(32, 277) (81, 286)
(32, 277) (79, 291)
(32, 277) (77, 296)
(32, 277) (79, 292)
(32, 277) (77, 297)
(32, 277) (9, 232)
(32, 277) (76, 299)
(32, 277) (80, 287)
(32, 277) (-18, 277)
(32, 277) (77, 297)
(32, 277) (74, 303)
(32, 277) (82, 277)
(32, 277) (81, 282)
(32, 277) (77, 298)
[17.412128716304693, 25.09412360525802, 25.56509006641804, 25.6455914165611, 25.79593567000296]
25.79593567000296
5
Imagen  9
First valPSNR [24.027403193264018, 30.683670475716447, 31.19024485565997, 31.245240589333875, 31.40338472713076]
valMax 31.40338472713076 pos 5
[24.027403193264018, 30.683670475716447, 31.19024485565997, 31.245240589333875, 31.40338472713076]
31.40338472713076
5
[42.89737377721985, 40.783489692423345, 42.731794419630205, 42.24284550630655, 42.463876968925405]
42.89737377721985
1
[31.70242406123367, 37.84045966374291, 39.73336503740564, 39.96168488056365, 40.01921060380724]
40.01921060380724
5
shape 20 32 3
shape 382 254 3
shape 382 254 3
shape 382 254 3
shape 382 254 3
shape 382 254 3
shape 382 254 3
[(143, 26), (158, 129), (260, 223)]
(143, 26) (187, 3)
(143, 26) (143, 26)
(143, 26) (187, 3)
(143, 26) (95, 10)
(143, 26) (107, -10)
(143, 26) (187, 3)
(143, 26) (95, 10)
(143, 26) (93, 26)
(143, 26) (95, 41)
(143, 26) (178, 61)
(143, 26) (143, 26)
(143, 26) (143, 76)
(143, 26) (107, -10)
(143, 26) (93, 26)
(143, 26) (143, 26)
(143, 26) (98, 3)
(143, 26) (107, 61)
(143, 26) (93, 26)
(158, 129) (207, 126)
(158, 129) (207, 129)
(158, 129) (208, 129)
(158, 129) (116, 156)
(158, 129) (108, 122)
(158, 129) (158, 179)
(158, 129) (205, 143)
(158, 129) (207, 136)
(158, 129) (206, 141)
(158, 129) (207, 133)
(158, 129) (207, 130)
(158, 129) (207, 135)
(158, 129) (207, 131)
(158, 129) (207, 134)
(158, 129) (207, 134)
(158, 129) (207, 138)
(158, 129) (207, 136)
(158, 129) (207, 135)
(260, 223) (302, 250)
(260, 223) (302, 249)
(260, 223) (303, 248)
(260, 223) (295, 187)
(260, 223) (282, 178)
(260, 223) (310, 223)
(260, 223) (287, 181)
(260, 223) (289, 182)
(260, 223) (286, 180)
(260, 223) (300, 193)
(260, 223) (293, 186)
(260, 223) (300, 193)
(260, 223) (305, 203)
(260, 223) (302, 196)
(260, 223) (305, 201)
(260, 223) (301, 195)
(260, 223) (295, 187)
(260, 223) (298, 190)
[24.027403193264018, 30.683670475716447, 31.19024485565997, 31.245240589333875, 31.40338472713076]
31.40338472713076
5
Imagen  10
First valPSNR [24.795919846817547, 30.159400292220575, 30.63622371305364, 30.689998855876183, 30.883825255970322]
valMax 30.883825255970322 pos 5
[24.795919846817547, 30.159400292220575, 30.63622371305364, 30.689998855876183, 30.883825255970322]
30.883825255970322
5
[23.330759813072703, 30.009507869425192, 30.909055955601133, 31.001471992197587, 31.02036672157602]
31.02036672157602
5
[29.39135745302933, 37.7580479496615, 38.57787786979265, 39.002882085765656, 38.71070026473805]
39.002882085765656
4
shape 20 32 3
shape 382 254 3
shape 382 254 3
shape 382 254 3
shape 382 254 3
shape 382 254 3
shape 382 254 3
[(158, 203), (292, 68), (2, 178)]
(158, 203) (207, 209)
(158, 203) (207, 212)
(158, 203) (207, 212)
(158, 203) (158, 253)
(158, 203) (198, 233)
(158, 203) (142, 155)
(158, 203) (170, 251)
(158, 203) (173, 250)
(158, 203) (158, 253)
(158, 203) (173, 155)
(158, 203) (122, 238)
(158, 203) (122, 238)
(158, 203) (193, 238)
(158, 203) (158, 253)
(158, 203) (173, 250)
(158, 203) (193, 167)
(158, 203) (158, 203)
(158, 203) (135, 247)
(292, 68) (292, 18)
(292, 68) (292, 18)
(292, 68) (292, 18)
(292, 68) (292, 18)
(292, 68) (269, 23)
(292, 68) (327, 32)
(292, 68) (292, 18)
(292, 68) (295, 18)
(292, 68) (294, 18)
(292, 68) (292, 18)
(292, 68) (284, 18)
(292, 68) (285, 18)
(292, 68) (284, 18)
(292, 68) (293, 18)
(292, 68) (287, 18)
(292, 68) (289, 18)
(292, 68) (290, 18)
(292, 68) (287, 18)
(2, 178) (-21, 222)
(2, 178) (32, 218)
(2, 178) (17, 225)
(2, 178) (2, 228)
(2, 178) (2, 178)
(2, 178) (-21, 133)
(2, 178) (33, 217)
(2, 178) (49, 193)
(2, 178) (45, 202)
(2, 178) (47, 198)
(2, 178) (37, 213)
(2, 178) (39, 210)
(2, 178) (45, 202)
(2, 178) (37, 213)
(2, 178) (34, 216)
(2, 178) (42, 208)
(2, 178) (44, 204)
(2, 178) (42, 208)
[24.795919846817547, 30.159400292220575, 30.63622371305364, 30.689998855876183, 30.883825255970322]
30.883825255970322
5
Imagen  11
First valPSNR [23.342081807986453, 28.292543535669754, 28.871639941733093, 28.915322282526862, 29.063715540421356]
valMax 29.063715540421356 pos 5
[23.342081807986453, 28.292543535669754, 28.871639941733093, 28.915322282526862, 29.063715540421356]
29.063715540421356
5
[23.270624071411472, 31.17850041573218, 31.419347543311872, 32.040321897919775, 32.31406270647481]
32.31406270647481
5
[23.945823887945558, 29.140234116540107, 29.637217127698435, 29.723467805929403, 29.760542415942265]
29.760542415942265
5
shape 20 32 3
shape 254 382 3
shape 254 382 3
shape 254 382 3
shape 254 382 3
shape 254 382 3
shape 254 382 3
[(163, 245), (188, 177), (237, 255)]
(163, 245) (159, 294)
(163, 245) (156, 294)
(163, 245) (156, 294)
(163, 245) (177, 292)
(163, 245) (154, 294)
(163, 245) (163, 295)
(163, 245) (113, 245)
(163, 245) (115, 260)
(163, 245) (121, 272)
(163, 245) (133, 205)
(163, 245) (120, 219)
(163, 245) (124, 212)
(163, 245) (113, 235)
(163, 245) (113, 245)
(163, 245) (118, 222)
(163, 245) (114, 257)
(163, 245) (113, 253)
(163, 245) (114, 258)
(188, 177) (235, 192)
(188, 177) (235, 191)
(188, 177) (233, 157)
(188, 177) (152, 212)
(188, 177) (188, 227)
(188, 177) (238, 177)
(188, 177) (236, 166)
(188, 177) (228, 147)
(188, 177) (219, 137)
(188, 177) (234, 194)
(188, 177) (223, 212)
(188, 177) (223, 212)
(188, 177) (237, 186)
(188, 177) (229, 204)
(188, 177) (235, 161)
(188, 177) (238, 177)
(188, 177) (238, 177)
(188, 177) (223, 141)
(237, 255) (262, 297)
(237, 255) (262, 297)
(237, 255) (255, 301)
(237, 255) (287, 255)
(237, 255) (209, 213)
(237, 255) (259, 299)
(237, 255) (264, 296)
(237, 255) (228, 304)
(237, 255) (227, 304)
(237, 255) (272, 290)
(237, 255) (201, 290)
(237, 255) (187, 255)
(237, 255) (272, 219)
(237, 255) (192, 277)
(237, 255) (214, 299)
(237, 255) (201, 290)
(237, 255) (201, 290)
(237, 255) (214, 299)
[23.342081807986453, 28.292543535669754, 28.871639941733093, 28.915322282526862, 29.063715540421356]
29.063715540421356
5
Imagen  12
First valPSNR [24.979569449711512, 31.79649852698818, 32.53189663180957, 32.696717108891335, 32.77977449252496]
valMax 32.77977449252496 pos 5
[24.979569449711512, 31.79649852698818, 32.53189663180957, 32.696717108891335, 32.77977449252496]
32.77977449252496
5
[31.281214517011655, 36.76922400848103, 37.92112301987119, 38.27163419331444, 38.304746009333435]
38.304746009333435
5
[33.1794617250386, 33.901494743104344, 34.822511277992206, 34.94266027436148, 35.0342318679473]
35.0342318679473
5
shape 20 32 3
shape 254 382 3
shape 254 382 3
shape 254 382 3
shape 254 382 3
shape 254 382 3
shape 254 382 3
[(219, 193), (26, 34), (131, 174)]
(219, 193) (269, 193)
(219, 193) (269, 193)
(219, 193) (269, 193)
(219, 193) (254, 228)
(219, 193) (219, 243)
(219, 193) (219, 143)
(219, 193) (241, 237)
(219, 193) (267, 205)
(219, 193) (219, 193)
(219, 193) (174, 170)
(219, 193) (219, 143)
(219, 193) (241, 237)
(219, 193) (219, 243)
(219, 193) (219, 193)
(219, 193) (174, 170)
(219, 193) (183, 157)
(219, 193) (219, 143)
(219, 193) (219, 243)
(26, 34) (26, 34)
(26, 34) (76, 34)
(26, 34) (26, -16)
(26, 34) (26, 84)
(26, 34) (-10, -2)
(26, 34) (26, -16)
(26, 34) (-19, 56)
(26, 34) (-10, 69)
(26, 34) (26, 34)
(26, 34) (48, -11)
(26, 34) (26, -16)
(26, 34) (26, -16)
(26, 34) (26, -16)
(26, 34) (26, 34)
(26, 34) (3, -11)
(26, 34) (26, -16)
(26, 34) (61, -2)
(26, 34) (61, 69)
(131, 174) (81, 183)
(131, 174) (86, 196)
(131, 174) (81, 174)
(131, 174) (95, 209)
(131, 174) (95, 209)
(131, 174) (82, 186)
(131, 174) (153, 218)
(131, 174) (161, 214)
(131, 174) (162, 213)
(131, 174) (166, 138)
(131, 174) (175, 151)
(131, 174) (131, 224)
(131, 174) (181, 174)
(131, 174) (153, 218)
(131, 174) (81, 174)
(131, 174) (131, 124)
(131, 174) (131, 124)
(131, 174) (81, 174)
[24.979569449711512, 31.79649852698818, 32.53189663180957, 32.696717108891335, 32.77977449252496]
32.77977449252496
5
Imagen  13
First valPSNR [20.09432772056295, 23.735353665592914, 24.184756906722523, 24.14423534700571, 24.224897988355707]
valMax 24.224897988355707 pos 5
[20.09432772056295, 23.735353665592914, 24.184756906722523, 24.14423534700571, 24.224897988355707]
24.224897988355707
5
[26.627960494417064, 29.35020634768625, 29.72817116875285, 29.69636049890432, 30.089767812402187]
30.089767812402187
5
[18.598435944431053, 21.98034133306686, 22.406865094490882, 22.275296299623246, 22.306655571805297]
22.406865094490882
3
shape 20 32 3
shape 254 382 3
shape 254 382 3
shape 254 382 3
shape 254 382 3
shape 254 382 3
shape 254 382 3
[(29, 344), (147, 148), (114, 342)]
(29, 344) (38, 294)
(29, 344) (39, 295)
(29, 344) (43, 296)
(29, 344) (-7, 308)
(29, 344) (-7, 308)
(29, 344) (-7, 379)
(29, 344) (78, 338)
(29, 344) (73, 321)
(29, 344) (58, 303)
(29, 344) (78, 352)
(29, 344) (75, 362)
(29, 344) (75, 362)
(29, 344) (79, 344)
(29, 344) (56, 385)
(29, 344) (76, 328)
(29, 344) (75, 325)
(29, 344) (68, 375)
(29, 344) (79, 344)
(147, 148) (102, 125)
(147, 148) (105, 119)
(147, 148) (104, 120)
(147, 148) (131, 100)
(147, 148) (179, 109)
(147, 148) (147, 98)
(147, 148) (107, 117)
(147, 148) (112, 111)
(147, 148) (109, 115)
(147, 148) (97, 143)
(147, 148) (98, 136)
(147, 148) (99, 133)
(147, 148) (100, 130)
(147, 148) (101, 126)
(147, 148) (102, 125)
(147, 148) (99, 131)
(147, 148) (102, 126)
(147, 148) (102, 125)
(114, 342) (66, 357)
(114, 342) (73, 370)
(114, 342) (70, 366)
(114, 342) (164, 342)
(114, 342) (155, 369)
(114, 342) (129, 389)
(114, 342) (69, 364)
(114, 342) (64, 342)
(114, 342) (64, 332)
(114, 342) (149, 377)
(114, 342) (161, 326)
(114, 342) (155, 369)
(114, 342) (114, 292)
(114, 342) (114, 292)
(114, 342) (143, 301)
(114, 342) (91, 297)
(114, 342) (149, 306)
(114, 342) (149, 306)
[20.09432772056295, 23.735353665592914, 24.184756906722523, 24.14423534700571, 24.224897988355707]
24.224897988355707
5
Imagen  14
First valPSNR [22.18049034282583, 26.620269271983222, 27.131387012794374, 27.135898633191662, 27.279026024652026]
valMax 27.279026024652026 pos 5
[22.18049034282583, 26.620269271983222, 27.131387012794374, 27.135898633191662, 27.279026024652026]
27.279026024652026
5
[28.120075629241, 30.29158319684643, 30.436312876256103, 30.620264207891577, 30.749260667653893]
30.749260667653893
5
[19.747100446631887, 25.254505032562655, 25.771273475820177, 25.73748437421625, 25.784229933080166]
25.784229933080166
5
shape 20 32 3
shape 254 382 3
shape 254 382 3
shape 254 382 3
shape 254 382 3
shape 254 382 3
shape 254 382 3
[(107, 207), (26, 329), (127, 172)]
(107, 207) (145, 238)
(107, 207) (143, 241)
(107, 207) (141, 242)
(107, 207) (114, 256)
(107, 207) (107, 257)
(107, 207) (129, 251)
(107, 207) (155, 221)
(107, 207) (154, 221)
(107, 207) (154, 221)
(107, 207) (152, 227)
(107, 207) (147, 235)
(107, 207) (145, 238)
(107, 207) (148, 234)
(107, 207) (149, 233)
(107, 207) (142, 242)
(107, 207) (154, 221)
(107, 207) (155, 219)
(107, 207) (151, 229)
(26, 329) (38, 377)
(26, 329) (46, 374)
(26, 329) (51, 371)
(26, 329) (61, 293)
(26, 329) (44, 282)
(26, 329) (74, 315)
(26, 329) (39, 280)
(26, 329) (57, 289)
(26, 329) (46, 283)
(26, 329) (61, 293)
(26, 329) (53, 287)
(26, 329) (70, 306)
(26, 329) (70, 306)
(26, 329) (75, 337)
(26, 329) (69, 304)
(26, 329) (67, 301)
(26, 329) (75, 320)
(26, 329) (71, 308)
(127, 172) (119, 122)
(127, 172) (112, 124)
(127, 172) (84, 145)
(127, 172) (131, 122)
(127, 172) (115, 123)
(127, 172) (120, 122)
(127, 172) (121, 122)
(127, 172) (125, 122)
(127, 172) (108, 125)
(127, 172) (123, 122)
(127, 172) (119, 122)
(127, 172) (108, 125)
(127, 172) (121, 122)
(127, 172) (120, 122)
(127, 172) (110, 124)
(127, 172) (121, 122)
(127, 172) (123, 122)
(127, 172) (114, 123)
[22.18049034282583, 26.620269271983222, 27.131387012794374, 27.135898633191662, 27.279026024652026]
27.279026024652026
5
Imagen  15
First valPSNR [23.198708975279793, 31.11834469963142, 31.48586610125402, 31.516415361929347, 31.611246996132152]
valMax 31.611246996132152 pos 5
[23.198708975279793, 31.11834469963142, 31.48586610125402, 31.516415361929347, 31.611246996132152]
31.611246996132152
5
[28.34613806257822, 31.74662295353615, 31.963727595744537, 31.936958935882124, 32.08232741999502]
32.08232741999502
5
[43.74248822203701, 43.12553662571922, 45.24462805554101, 45.692331772869196, 45.18060414144087]
45.692331772869196
4
shape 20 32 3
shape 254 382 3
shape 254 382 3
shape 254 382 3
shape 254 382 3
shape 254 382 3
shape 254 382 3
[(183, 211), (71, 333), (167, 152)]
(183, 211) (231, 198)
(183, 211) (223, 181)
(183, 211) (227, 188)
(183, 211) (198, 163)
(183, 211) (183, 261)
(183, 211) (155, 169)
(183, 211) (183, 261)
(183, 211) (133, 211)
(183, 211) (160, 166)
(183, 211) (147, 175)
(183, 211) (138, 188)
(183, 211) (155, 169)
(183, 211) (147, 175)
(183, 211) (133, 202)
(183, 211) (141, 183)
(183, 211) (147, 175)
(183, 211) (134, 198)
(183, 211) (160, 166)
(71, 333) (117, 314)
(71, 333) (110, 301)
(71, 333) (106, 297)
(71, 333) (21, 333)
(71, 333) (26, 355)
(71, 333) (55, 380)
(71, 333) (106, 297)
(71, 333) (48, 288)
(71, 333) (35, 297)
(71, 333) (106, 368)
(71, 333) (93, 377)
(71, 333) (115, 355)
(71, 333) (121, 333)
(71, 333) (93, 288)
(71, 333) (71, 283)
(71, 333) (115, 355)
(71, 333) (118, 348)
(71, 333) (106, 297)
(167, 152) (144, 107)
(167, 152) (167, 102)
(167, 152) (130, 118)
(167, 152) (202, 187)
(167, 152) (131, 116)
(167, 152) (119, 167)
(167, 152) (122, 129)
(167, 152) (117, 152)
(167, 152) (119, 167)
(167, 152) (217, 152)
(167, 152) (167, 152)
(167, 152) (131, 187)
(167, 152) (131, 116)
(167, 152) (217, 152)
(167, 152) (122, 129)
(167, 152) (117, 152)
(167, 152) (167, 102)
(167, 152) (118, 139)
[23.198708975279793, 31.11834469963142, 31.48586610125402, 31.516415361929347, 31.611246996132152]
31.611246996132152
5
Imagen  16
First valPSNR [26.998001500695764, 30.639699787721064, 31.07261890644685, 31.14540398863548, 31.285868615296614]
valMax 31.285868615296614 pos 5
[26.998001500695764, 30.639699787721064, 31.07261890644685, 31.14540398863548, 31.285868615296614]
31.285868615296614
5
[42.49072923192873, 41.34841217647859, 42.51615452119711, 43.13089606628364, 42.296047622084664]
43.13089606628364
4
[26.0993537061205, 29.920243640340445, 30.5035229130614, 30.7399858182503, 30.92396657299343]
30.92396657299343
5
shape 20 32 3
shape 254 382 3
shape 254 382 3
shape 254 382 3
shape 254 382 3
shape 254 382 3
shape 254 382 3
[(131, 247), (237, 379), (185, 191)]
(131, 247) (88, 220)
(131, 247) (84, 229)
(131, 247) (85, 226)
(131, 247) (120, 198)
(131, 247) (146, 199)
(131, 247) (158, 205)
(131, 247) (181, 247)
(131, 247) (153, 291)
(131, 247) (81, 247)
(131, 247) (108, 202)
(131, 247) (101, 207)
(131, 247) (86, 269)
(131, 247) (86, 224)
(131, 247) (88, 221)
(131, 247) (89, 219)
(131, 247) (95, 211)
(131, 247) (83, 231)
(131, 247) (89, 274)
(237, 379) (228, 329)
(237, 379) (231, 329)
(237, 379) (231, 329)
(237, 379) (188, 366)
(237, 379) (187, 379)
(237, 379) (188, 365)
(237, 379) (272, 414)
(237, 379) (250, 427)
(237, 379) (278, 406)
(237, 379) (268, 339)
(237, 379) (287, 379)
(237, 379) (284, 394)
(237, 379) (278, 351)
(237, 379) (287, 379)
(237, 379) (277, 349)
(237, 379) (259, 334)
(237, 379) (280, 354)
(237, 379) (268, 339)
(185, 191) (200, 143)
(185, 191) (212, 149)
(185, 191) (193, 141)
(185, 191) (172, 142)
(185, 191) (169, 143)
(185, 191) (185, 241)
(185, 191) (176, 141)
(185, 191) (175, 141)
(185, 191) (160, 147)
(185, 191) (162, 146)
(185, 191) (171, 142)
(185, 191) (172, 142)
(185, 191) (155, 151)
(185, 191) (175, 141)
(185, 191) (169, 143)
(185, 191) (175, 141)
(185, 191) (177, 141)
(185, 191) (175, 141)
[26.998001500695764, 30.639699787721064, 31.07261890644685, 31.14540398863548, 31.285868615296614]
31.285868615296614
5
Imagen  17
First valPSNR [24.339871742215603, 29.09525328998244, 29.49894012252311, 29.456137801621605, 29.60980528468162]
valMax 29.60980528468162 pos 5
[24.339871742215603, 29.09525328998244, 29.49894012252311, 29.456137801621605, 29.60980528468162]
29.60980528468162
5
[19.874199803576133, 24.53002392553182, 24.32105324525606, 24.438769097801853, 24.7462741839462]
24.7462741839462
5
[26.98212981316296, 32.340623004852176, 32.75292511875247, 32.90800890530051, 33.09243623597741]
33.09243623597741
5
shape 20 32 3
shape 382 254 3
shape 382 254 3
shape 382 254 3
shape 382 254 3
shape 382 254 3
shape 382 254 3
[(65, 14), (159, 142), (15, 46)]
(65, 14) (106, 41)
(65, 14) (106, 41)
(65, 14) (100, 49)
(65, 14) (87, 58)
(65, 14) (65, -36)
(65, 14) (65, -36)
(65, 14) (65, 64)
(65, 14) (100, 49)
(65, 14) (65, 14)
(65, 14) (65, 14)
(65, 14) (100, -22)
(65, 14) (42, -31)
(65, 14) (115, 14)
(65, 14) (100, 49)
(65, 14) (65, 14)
(65, 14) (29, -22)
(65, 14) (65, 14)
(65, 14) (20, -9)
(159, 142) (206, 157)
(159, 142) (206, 157)
(159, 142) (206, 157)
(159, 142) (189, 182)
(159, 142) (209, 142)
(159, 142) (209, 142)
(159, 142) (159, 92)
(159, 142) (194, 106)
(159, 142) (205, 123)
(159, 142) (199, 172)
(159, 142) (194, 177)
(159, 142) (174, 189)
(159, 142) (209, 142)
(159, 142) (159, 142)
(159, 142) (209, 142)
(159, 142) (209, 142)
(159, 142) (194, 106)
(159, 142) (209, 142)
(15, 46) (50, 10)
(15, 46) (-35, 46)
(15, 46) (-21, 10)
(15, 46) (-27, 18)
(15, 46) (50, 81)
(15, 46) (-13, 4)
(15, 46) (50, 81)
(15, 46) (15, 46)
(15, 46) (15, 46)
(15, 46) (65, 46)
(15, 46) (15, 46)
(15, 46) (50, 10)
(15, 46) (15, 46)
(15, 46) (65, 46)
(15, 46) (59, 23)
(15, 46) (65, 46)
(15, 46) (65, 46)
(15, 46) (59, 23)
[24.339871742215603, 29.09525328998244, 29.49894012252311, 29.456137801621605, 29.60980528468162]
29.60980528468162
5
Imagen  18
First valPSNR [22.261502913832622, 26.17937000906048, 26.68083520591789, 26.707336814636264, 26.79518324254637]
valMax 26.79518324254637 pos 5
[22.261502913832622, 26.17937000906048, 26.68083520591789, 26.707336814636264, 26.79518324254637]
26.79518324254637
5
[25.70834873098732, 28.405087642411125, 28.762970062821864, 28.786629321951263, 29.01173002939948]
29.01173002939948
5
[18.264321207908047, 22.41949689474125, 22.851451538084415, 22.698652481285247, 22.836594685239756]
22.851451538084415
3
shape 20 32 3
shape 382 254 3
shape 382 254 3
shape 382 254 3
shape 382 254 3
shape 382 254 3
shape 382 254 3
[(349, 117), (323, 162), (348, 217)]
(349, 117) (390, 144)
(349, 117) (381, 154)
(349, 117) (386, 149)
(349, 117) (313, 152)
(349, 117) (299, 117)
(349, 117) (371, 161)
(349, 117) (349, 117)
(349, 117) (309, 85)
(349, 117) (301, 101)
(349, 117) (361, 165)
(349, 117) (361, 165)
(349, 117) (319, 157)
(349, 117) (357, 166)
(349, 117) (336, 165)
(349, 117) (344, 166)
(349, 117) (340, 166)
(349, 117) (319, 157)
(349, 117) (317, 156)
(323, 162) (281, 134)
(323, 162) (273, 162)
(323, 162) (273, 162)
(323, 162) (373, 162)
(323, 162) (358, 126)
(323, 162) (367, 184)
(323, 162) (275, 146)
(323, 162) (323, 112)
(323, 162) (300, 117)
(323, 162) (273, 154)
(323, 162) (287, 126)
(323, 162) (371, 174)
(323, 162) (274, 148)
(323, 162) (307, 114)
(323, 162) (338, 114)
(323, 162) (276, 143)
(323, 162) (273, 154)
(323, 162) (323, 162)
(348, 217) (397, 218)
(348, 217) (397, 218)
(348, 217) (397, 215)
(348, 217) (339, 167)
(348, 217) (348, 167)
(348, 217) (348, 167)
(348, 217) (372, 173)
(348, 217) (376, 176)
(348, 217) (376, 175)
(348, 217) (375, 175)
(348, 217) (397, 211)
(348, 217) (397, 212)
(348, 217) (388, 187)
(348, 217) (370, 172)
(348, 217) (393, 196)
(348, 217) (383, 252)
(348, 217) (391, 192)
(348, 217) (387, 185)
[22.261502913832622, 26.17937000906048, 26.68083520591789, 26.707336814636264, 26.79518324254637]
26.79518324254637
5
Imagen  19
First valPSNR [21.854736164686656, 28.243259367399638, 29.10663608463677, 29.217827254373884, 29.39457284538832]
valMax 29.39457284538832 pos 5
[21.854736164686656, 28.243259367399638, 29.10663608463677, 29.217827254373884, 29.39457284538832]
29.39457284538832
5
[36.605849007279595, 36.66648303838858, 38.18396292173606, 37.846345259261234, 38.068355588078255]
38.18396292173606
3
[29.013074261841766, 35.541260898895366, 36.44100264285262, 36.80201876464574, 36.56245987810194]
36.80201876464574
4
shape 20 32 3
shape 382 254 3
shape 382 254 3
shape 382 254 3
shape 382 254 3
shape 382 254 3
shape 382 254 3
[(181, 223), (268, 250), (174, 69)]
(181, 223) (158, 178)
(181, 223) (145, 187)
(181, 223) (153, 181)
(181, 223) (131, 223)
(181, 223) (199, 269)
(181, 223) (199, 269)
(181, 223) (155, 180)
(181, 223) (131, 223)
(181, 223) (145, 258)
(181, 223) (225, 200)
(181, 223) (231, 223)
(181, 223) (131, 223)
(181, 223) (145, 187)
(181, 223) (196, 270)
(181, 223) (133, 238)
(181, 223) (131, 223)
(181, 223) (131, 223)
(181, 223) (134, 241)
(268, 250) (268, 300)
(268, 250) (268, 300)
(268, 250) (260, 299)
(268, 250) (259, 200)
(268, 250) (268, 200)
(268, 250) (309, 222)
(268, 250) (218, 250)
(268, 250) (318, 250)
(268, 250) (218, 250)
(268, 250) (232, 285)
(268, 250) (258, 299)
(268, 250) (218, 250)
(268, 250) (268, 300)
(268, 250) (249, 296)
(268, 250) (303, 285)
(268, 250) (277, 299)
(268, 250) (280, 298)
(268, 250) (281, 298)
(174, 69) (209, 104)
(174, 69) (221, 84)
(174, 69) (221, 84)
(174, 69) (174, 119)
(174, 69) (198, 112)
(174, 69) (186, 117)
(174, 69) (222, 81)
(174, 69) (224, 69)
(174, 69) (138, 33)
(174, 69) (222, 82)
(174, 69) (212, 101)
(174, 69) (218, 91)
(174, 69) (224, 69)
(174, 69) (215, 96)
(174, 69) (196, 24)
(174, 69) (223, 77)
(174, 69) (222, 81)
(174, 69) (174, 19)
[21.854736164686656, 28.243259367399638, 29.10663608463677, 29.217827254373884, 29.39457284538832]
29.39457284538832
5
Imagen  20
First valPSNR [22.83891915795682, 30.209297498090475, 30.838378038108708, 30.866927506561645, 31.04694857024277]
valMax 31.04694857024277 pos 5
[22.83891915795682, 30.209297498090475, 30.838378038108708, 30.866927506561645, 31.04694857024277]
31.04694857024277
5
[19.78140282984931, 33.52508101820834, 35.17160629870235, 35.730720149783345, 35.7195977916182]
35.730720149783345
4
[19.005630054229435, 29.53956641916763, 30.363841173494578, 30.408197585190457, 30.67846763550706]
30.67846763550706
5
shape 20 32 3
shape 254 382 3
shape 254 382 3
shape 254 382 3
shape 254 382 3
shape 254 382 3
shape 254 382 3
[(13, 84), (236, 333), (144, 377)]
(13, 84) (13, 84)
(13, 84) (13, 84)
(13, 84) (13, 84)
(13, 84) (-23, 119)
(13, 84) (63, 84)
(13, 84) (-23, 48)
(13, 84) (13, 84)
(13, 84) (63, 84)
(13, 84) (48, 119)
(13, 84) (13, 84)
(13, 84) (13, 84)
(13, 84) (13, 84)
(13, 84) (13, 84)
(13, 84) (13, 84)
(13, 84) (13, 84)
(13, 84) (13, 84)
(13, 84) (13, 84)
(13, 84) (13, 84)
(236, 333) (215, 287)
(236, 333) (204, 293)
(236, 333) (218, 286)
(236, 333) (191, 355)
(236, 333) (245, 382)
(236, 333) (191, 355)
(236, 333) (286, 333)
(236, 333) (266, 373)
(236, 333) (267, 372)
(236, 333) (251, 285)
(236, 333) (258, 377)
(236, 333) (258, 377)
(236, 333) (283, 317)
(236, 333) (240, 382)
(236, 333) (253, 379)
(236, 333) (236, 283)
(236, 333) (243, 382)
(236, 333) (255, 378)
(144, 377) (99, 399)
(144, 377) (94, 377)
(144, 377) (166, 421)
(144, 377) (156, 425)
(144, 377) (163, 422)
(144, 377) (135, 426)
(144, 377) (108, 412)
(144, 377) (94, 367)
(144, 377) (108, 341)
(144, 377) (144, 427)
(144, 377) (144, 427)
(144, 377) (121, 421)
(144, 377) (108, 341)
(144, 377) (179, 412)
(144, 377) (128, 424)
(144, 377) (108, 412)
(144, 377) (121, 421)
(144, 377) (144, 427)
[22.83891915795682, 30.209297498090475, 30.838378038108708, 30.866927506561645, 31.04694857024277]
31.04694857024277
5
Imagen  21
First valPSNR [22.361494551841268, 27.41992949145731, 28.006546649801983, 28.0296123810258, 28.18358423811318]
valMax 28.18358423811318 pos 5
[22.361494551841268, 27.41992949145731, 28.006546649801983, 28.0296123810258, 28.18358423811318]
28.18358423811318
5
[42.1082687678473, 39.38044903024921, 41.07808326375806, 41.17412992081977, 41.527019535272906]
42.1082687678473
1
[19.066995028656116, 24.506502550136666, 25.55869657354628, 25.797472443262684, 25.73467354803305]
25.797472443262684
4
shape 20 32 3
shape 254 382 3
shape 254 382 3
shape 254 382 3
shape 254 382 3
shape 254 382 3
shape 254 382 3
[(167, 198), (164, 109), (228, 77)]
(167, 198) (147, 151)
(167, 198) (147, 152)
(167, 198) (148, 151)
(167, 198) (154, 246)
(167, 198) (167, 248)
(167, 198) (179, 246)
(167, 198) (152, 150)
(167, 198) (150, 150)
(167, 198) (152, 150)
(167, 198) (175, 148)
(167, 198) (168, 148)
(167, 198) (164, 148)
(167, 198) (170, 148)
(167, 198) (167, 148)
(167, 198) (163, 148)
(167, 198) (160, 148)
(167, 198) (159, 148)
(167, 198) (156, 149)
(164, 109) (213, 118)
(164, 109) (212, 121)
(164, 109) (213, 114)
(164, 109) (116, 124)
(164, 109) (128, 144)
(164, 109) (114, 109)
(164, 109) (211, 123)
(164, 109) (213, 115)
(164, 109) (212, 119)
(164, 109) (213, 103)
(164, 109) (211, 123)
(164, 109) (213, 117)
(164, 109) (207, 84)
(164, 109) (200, 142)
(164, 109) (210, 126)
(164, 109) (212, 98)
(164, 109) (206, 134)
(164, 109) (213, 113)
(228, 77) (231, 126)
(228, 77) (234, 126)
(228, 77) (234, 126)
(228, 77) (240, 28)
(228, 77) (277, 67)
(228, 77) (236, 27)
(228, 77) (263, 112)
(228, 77) (270, 103)
(228, 77) (265, 110)
(228, 77) (263, 112)
(228, 77) (242, 124)
(228, 77) (258, 117)
(228, 77) (272, 99)
(228, 77) (253, 120)
(228, 77) (261, 114)
(228, 77) (255, 118)
(228, 77) (248, 122)
(228, 77) (255, 118)
[22.361494551841268, 27.41992949145731, 28.006546649801983, 28.0296123810258, 28.18358423811318]
28.18358423811318
5
Imagen  22
First valPSNR [24.180844116304247, 28.888705741933247, 29.40150592233204, 29.44626963216971, 29.56596310484102]
valMax 29.56596310484102 pos 5
[24.180844116304247, 28.888705741933247, 29.40150592233204, 29.44626963216971, 29.56596310484102]
29.56596310484102
5
[21.816533230812702, 25.926575996045912, 26.166546589370277, 26.059768916774225, 26.41265293771829]
26.41265293771829
5
[24.48226461825099, 27.45040229513798, 27.84780736870234, 27.860847786740898, 27.91471111161765]
27.91471111161765
5
shape 20 32 3
shape 254 382 3
shape 254 382 3
shape 254 382 3
shape 254 382 3
shape 254 382 3
shape 254 382 3
[(214, 167), (210, 88), (115, 322)]
(214, 167) (236, 122)
(214, 167) (189, 123)
(214, 167) (240, 124)
(214, 167) (258, 189)
(214, 167) (249, 131)
(214, 167) (249, 131)
(214, 167) (223, 117)
(214, 167) (214, 117)
(214, 167) (222, 117)
(214, 167) (260, 149)
(214, 167) (178, 131)
(214, 167) (241, 125)
(214, 167) (254, 137)
(214, 167) (178, 131)
(214, 167) (233, 121)
(214, 167) (249, 131)
(214, 167) (169, 189)
(214, 167) (214, 117)
(210, 88) (164, 67)
(210, 88) (160, 88)
(210, 88) (161, 75)
(210, 88) (260, 88)
(210, 88) (260, 88)
(210, 88) (254, 65)
(210, 88) (160, 78)
(210, 88) (161, 75)
(210, 88) (160, 88)
(210, 88) (160, 97)
(210, 88) (160, 96)
(210, 88) (160, 78)
(210, 88) (170, 58)
(210, 88) (170, 58)
(210, 88) (160, 97)
(210, 88) (160, 78)
(210, 88) (163, 70)
(210, 88) (161, 75)
(115, 322) (162, 337)
(115, 322) (146, 361)
(115, 322) (164, 329)
(115, 322) (115, 272)
(115, 322) (150, 357)
(115, 322) (165, 322)
(115, 322) (164, 317)
(115, 322) (137, 277)
(115, 322) (145, 282)
(115, 322) (152, 289)
(115, 322) (148, 284)
(115, 322) (148, 285)
(115, 322) (165, 322)
(115, 322) (160, 302)
(115, 322) (161, 303)
(115, 322) (158, 297)
(115, 322) (159, 299)
(115, 322) (150, 286)
[24.180844116304247, 28.888705741933247, 29.40150592233204, 29.44626963216971, 29.56596310484102]
29.56596310484102
5
Imagen  23
First valPSNR [25.575326441125963, 30.90183275390778, 31.269096174722186, 31.246572677209834, 31.370485719349503]
valMax 31.370485719349503 pos 5
[25.575326441125963, 30.90183275390778, 31.269096174722186, 31.246572677209834, 31.370485719349503]
31.370485719349503
5
[33.51390346686665, 37.48695788001898, 37.90621113263055, 37.73592015100616, 37.389114772134306]
37.90621113263055
3
[26.5005056893075, 31.928146915527627, 32.68808181189239, 32.69104722147858, 32.75195309228255]
32.75195309228255
5
shape 20 32 3
shape 254 382 3
shape 254 382 3
shape 254 382 3
shape 254 382 3
shape 254 382 3
shape 254 382 3
[(85, 94), (132, 51), (154, 112)]
(85, 94) (92, 143)
(85, 94) (85, 144)
(85, 94) (85, 144)
(85, 94) (57, 52)
(85, 94) (126, 66)
(85, 94) (85, 44)
(85, 94) (80, 143)
(85, 94) (70, 141)
(85, 94) (77, 143)
(85, 94) (104, 140)
(85, 94) (107, 138)
(85, 94) (80, 143)
(85, 94) (91, 143)
(85, 94) (104, 139)
(85, 94) (66, 140)
(85, 94) (102, 140)
(85, 94) (92, 143)
(85, 94) (95, 142)
(132, 51) (175, 75)
(132, 51) (172, 80)
(132, 51) (173, 78)
(132, 51) (180, 38)
(132, 51) (180, 63)
(132, 51) (154, 95)
(132, 51) (182, 51)
(132, 51) (178, 69)
(132, 51) (179, 66)
(132, 51) (182, 51)
(132, 51) (176, 74)
(132, 51) (178, 68)
(132, 51) (182, 51)
(132, 51) (180, 61)
(132, 51) (181, 57)
(132, 51) (180, 64)
(132, 51) (178, 70)
(132, 51) (178, 68)
(154, 112) (201, 127)
(154, 112) (204, 112)
(154, 112) (204, 112)
(154, 112) (185, 151)
(154, 112) (174, 157)
(154, 112) (163, 161)
(154, 112) (118, 76)
(154, 112) (104, 112)
(154, 112) (118, 76)
(154, 112) (138, 159)
(154, 112) (104, 112)
(154, 112) (131, 156)
(154, 112) (104, 112)
(154, 112) (104, 112)
(154, 112) (104, 112)
(154, 112) (104, 112)
(154, 112) (112, 84)
(154, 112) (104, 112)
[25.575326441125963, 30.90183275390778, 31.269096174722186, 31.246572677209834, 31.370485719349503]
31.370485719349503
5
Imagen  24
First valPSNR [21.28032740046207, 26.146290706040173, 26.494598448455022, 26.505174614069805, 26.640219506167657]
valMax 26.640219506167657 pos 5
[21.28032740046207, 26.146290706040173, 26.494598448455022, 26.505174614069805, 26.640219506167657]
26.640219506167657
5
[36.263344742814084, 35.214309938146926, 35.88684422237674, 36.40083773041744, 36.60394223560326]
36.60394223560326
5
[23.668709921870345, 26.948929965342472, 27.362901523094443, 27.29471882575837, 27.530005687229533]
27.530005687229533
5
shape 20 32 3
shape 254 382 3
shape 254 382 3
shape 254 382 3
shape 254 382 3
shape 254 382 3
shape 254 382 3
[(28, 257), (47, 40), (184, 253)]
(28, 257) (-22, 260)
(28, 257) (-22, 264)
(28, 257) (-21, 267)
(28, 257) (55, 298)
(28, 257) (-19, 275)
(28, 257) (28, 257)
(28, 257) (-22, 257)
(28, 257) (32, 306)
(28, 257) (28, 307)
(28, 257) (-8, 221)
(28, 257) (-15, 282)
(28, 257) (-22, 250)
(28, 257) (0, 298)
(28, 257) (-19, 275)
(28, 257) (-22, 257)
(28, 257) (-8, 292)
(28, 257) (0, 298)
(28, 257) (-15, 282)
(47, 40) (96, 47)
(47, 40) (93, 59)
(47, 40) (92, 60)
(47, 40) (69, -5)
(47, 40) (97, 40)
(47, 40) (97, 40)
(47, 40) (65, -7)
(47, 40) (66, -7)
(47, 40) (69, -5)
(47, 40) (61, -8)
(47, 40) (55, -10)
(47, 40) (62, -8)
(47, 40) (53, -10)
(47, 40) (44, -10)
(47, 40) (47, -10)
(47, 40) (36, -9)
(47, 40) (39, -10)
(47, 40) (44, -10)
(184, 253) (228, 275)
(184, 253) (219, 288)
(184, 253) (206, 297)
(184, 253) (219, 217)
(184, 253) (161, 297)
(184, 253) (139, 230)
(184, 253) (233, 261)
(184, 253) (234, 253)
(184, 253) (234, 253)
(184, 253) (209, 210)
(184, 253) (206, 208)
(184, 253) (193, 203)
(184, 253) (225, 225)
(184, 253) (232, 242)
(184, 253) (232, 240)
(184, 253) (219, 217)
(184, 253) (211, 211)
(184, 253) (228, 230)
[21.28032740046207, 26.146290706040173, 26.494598448455022, 26.505174614069805, 26.640219506167657]
26.640219506167657
5
kodim1  &  0.2247  &  0.9030  &  0.4604  &  0.4915  &  0.4922  &  0.4028  \\
kodim2  &  0.5880  &  1.2758  &  0.8987  &  0.9498  &  0.9514  &  0.9227  \\
kodim3  &  0.3817  &  1.1424  &  0.7609  &  0.7042  &  0.6363  &  0.5867  \\
kodim4  &  0.3933  &  1.0713  &  0.7882  &  0.7686  &  0.7044  &  0.6346  \\
kodim5  &  0.2958  &  0.8165  &  0.4593  &  0.6862  &  0.6310  &  0.5142  \\
kodim6  &  0.2346  &  1.0280  &  0.4337  &  0.6160  &  0.6262  &  0.5339  \\
kodim7  &  0.3795  &  0.9478  &  0.6260  &  0.7236  &  0.6380  &  0.5527  \\
kodim8  &  0.2502  &  0.6909  &  0.3991  &  0.5197  &  0.5001  &  0.3872  \\
kodim9  &  0.4692  &  1.0928  &  0.6775  &  0.7378  &  0.7326  &  0.6020  \\
kodim10  &  0.4188  &  1.0387  &  0.6286  &  0.7188  &  0.6871  &  0.6146  \\
kodim11  &  0.3161  &  1.0097  &  0.5794  &  0.7526  &  0.7676  &  0.6610  \\
kodim12  &  0.3404  &  1.1205  &  0.7419  &  0.7282  &  0.6255  &  0.6078  \\
kodim13  &  0.2011  &  0.8531  &  0.3918  &  0.5860  &  0.5905  &  0.4354  \\
kodim14  &  0.3167  &  1.0015  &  0.5181  &  0.7443  &  0.7275  &  0.5832  \\
kodim15  &  0.3859  &  1.0613  &  0.6509  &  0.6916  &  0.6178  &  0.5664  \\
kodim16  &  0.3048  &  1.0777  &  0.5912  &  0.6771  &  0.6268  &  0.5385  \\
kodim17  &  0.3141  &  0.9111  &  0.3918  &  0.5421  &  0.5670  &  0.4645  \\
kodim18  &  0.3780  &  0.9990  &  0.4413  &  0.7395  &  0.7253  &  0.5921  \\
kodim19  &  0.3602  &  1.0044  &  0.5009  &  0.6809  &  0.6634  &  0.5770  \\
kodim20  &  0.2043  &  0.8717  &  0.3761  &  0.4690  &  0.4638  &  0.3942  \\
kodim21  &  0.4356  &  0.9927  &  0.6384  &  0.7613  &  0.7886  &  0.7062  \\
kodim22  &  0.4530  &  1.0668  &  0.6274  &  0.7823  &  0.7702  &  0.6696  \\
kodim23  &  0.5864  &  1.1556  &  0.7613  &  0.8647  &  0.7951  &  0.7205  \\
kodim24  &  0.2910  &  0.8667  &  0.4606  &  0.6828  &  0.6517  &  0.5502  \\
kodim25  &  0.3552  &  1.0000  &  0.5751  &  0.6924  &  0.6658  &  0.5757  \\
Tue 24 Oct 2023 05:37:54 PM CST
