g-0-6
Tue 24 Oct 2023 05:28:28 PM CST
Imagen  1
First valPSNR [23.252497469435255, 25.802838928815305, 25.99703079788634, 25.98899726688877, 26.06048960655588]
valMax 26.06048960655588 pos 5
[23.252497469435255, 25.802838928815305, 25.99703079788634, 25.98899726688877, 26.06048960655588]
26.06048960655588
5
[26.79067832586126, 30.287701647102164, 30.773270868349847, 30.214697599054624, 30.977288287484953]
30.977288287484953
5
[25.11591081624633, 27.898623395106938, 28.52687601966879, 28.534229948527145, 28.569924043641336]
28.569924043641336
5
shape 20 32 3
shape 254 382 3
shape 254 382 3
shape 254 382 3
shape 254 382 3
shape 254 382 3
shape 254 382 3
[(139, 20), (65, 112), (38, 42)]
(139, 20) (103, -16)
(139, 20) (116, -25)
(139, 20) (116, -25)
(139, 20) (186, 35)
(139, 20) (188, 25)
(139, 20) (185, 38)
(139, 20) (188, 28)
(139, 20) (189, 20)
(139, 20) (103, -16)
(139, 20) (183, 42)
(139, 20) (139, -30)
(139, 20) (103, 55)
(139, 20) (187, 7)
(139, 20) (186, 4)
(139, 20) (109, -20)
(139, 20) (189, 20)
(139, 20) (187, 7)
(139, 20) (139, 20)
(65, 112) (15, 110)
(65, 112) (15, 110)
(65, 112) (15, 109)
(65, 112) (15, 106)
(65, 112) (15, 112)
(65, 112) (15, 102)
(65, 112) (15, 111)
(65, 112) (15, 110)
(65, 112) (15, 110)
(65, 112) (15, 110)
(65, 112) (15, 108)
(65, 112) (15, 108)
(65, 112) (15, 102)
(65, 112) (16, 101)
(65, 112) (17, 96)
(65, 112) (15, 103)
(65, 112) (15, 103)
(65, 112) (15, 104)
(38, 42) (87, 50)
(38, 42) (87, 50)
(38, 42) (87, 51)
(38, 42) (-12, 42)
(38, 42) (-12, 37)
(38, 42) (-12, 35)
(38, 42) (-12, 42)
(38, 42) (-12, 42)
(38, 42) (-10, 26)
(38, 42) (-8, 21)
(38, 42) (-12, 33)
(38, 42) (-12, 33)
(38, 42) (-12, 42)
(38, 42) (-12, 38)
(38, 42) (-12, 42)
(38, 42) (-12, 42)
(38, 42) (-12, 42)
(38, 42) (-12, 37)
[23.252497469435255, 25.802838928815305, 25.99703079788634, 25.98899726688877, 26.06048960655588]
26.06048960655588
5
Imagen  2
First valPSNR [29.466253353131723, 32.024519830753, 32.35193687791717, 32.37596102712636, 32.41663372461233]
valMax 32.41663372461233 pos 5
[29.466253353131723, 32.024519830753, 32.35193687791717, 32.37596102712636, 32.41663372461233]
32.41663372461233
5
[28.5486280856925, 31.734225640045327, 32.03622922451685, 32.14791289238454, 31.644464416857478]
32.14791289238454
4
[32.7570470760413, 34.16940663528536, 34.76321942855398, 34.580010499413504, 34.89278395889702]
34.89278395889702
5
shape 20 32 3
shape 254 382 3
shape 254 382 3
shape 254 382 3
shape 254 382 3
shape 254 382 3
shape 254 382 3
[(97, 26), (73, 179), (154, 333)]
(97, 26) (91, 75)
(97, 26) (106, 75)
(97, 26) (112, -22)
(97, 26) (147, 26)
(97, 26) (61, -10)
(97, 26) (146, 16)
(97, 26) (97, 76)
(97, 26) (47, 26)
(97, 26) (74, -19)
(97, 26) (97, 76)
(97, 26) (97, 76)
(97, 26) (97, -24)
(97, 26) (55, 53)
(97, 26) (47, 26)
(97, 26) (112, -22)
(97, 26) (97, 76)
(97, 26) (61, 61)
(97, 26) (124, -16)
(73, 179) (108, 214)
(73, 179) (88, 226)
(73, 179) (123, 179)
(73, 179) (73, 229)
(73, 179) (25, 163)
(73, 179) (123, 179)
(73, 179) (108, 143)
(73, 179) (123, 179)
(73, 179) (120, 194)
(73, 179) (73, 229)
(73, 179) (73, 229)
(73, 179) (73, 229)
(73, 179) (50, 223)
(73, 179) (88, 226)
(73, 179) (95, 223)
(73, 179) (73, 229)
(73, 179) (50, 223)
(73, 179) (123, 179)
(154, 333) (176, 288)
(154, 333) (154, 283)
(154, 333) (185, 293)
(154, 333) (198, 355)
(154, 333) (202, 345)
(154, 333) (126, 291)
(154, 333) (106, 317)
(154, 333) (106, 317)
(154, 333) (118, 297)
(154, 333) (104, 333)
(154, 333) (104, 333)
(154, 333) (198, 310)
(154, 333) (154, 333)
(154, 333) (154, 283)
(154, 333) (189, 297)
(154, 333) (106, 317)
(154, 333) (104, 333)
(154, 333) (154, 283)
[29.466253353131723, 32.024519830753, 32.35193687791717, 32.37596102712636, 32.41663372461233]
32.41663372461233
5
Imagen  3
First valPSNR [29.729452277479318, 32.97412670578229, 33.40100318690267, 33.410502395745766, 33.48322785608446]
valMax 33.48322785608446 pos 5
[29.729452277479318, 32.97412670578229, 33.40100318690267, 33.410502395745766, 33.48322785608446]
33.48322785608446
5
[23.606420007051923, 28.66940405117137, 28.671683179575783, 28.787822429390594, 28.83044835200423]
28.83044835200423
5
[29.770722610933646, 33.72625435970398, 34.18581031297129, 34.34308770690881, 34.47493609450577]
34.47493609450577
5
shape 20 32 3
shape 254 382 3
shape 254 382 3
shape 254 382 3
shape 254 382 3
shape 254 382 3
shape 254 382 3
[(153, 305), (101, 245), (229, 264)]
(153, 305) (168, 352)
(153, 305) (203, 305)
(153, 305) (171, 351)
(153, 305) (138, 352)
(153, 305) (105, 320)
(153, 305) (146, 354)
(153, 305) (142, 353)
(153, 305) (117, 340)
(153, 305) (148, 354)
(153, 305) (153, 355)
(153, 305) (130, 349)
(153, 305) (157, 354)
(153, 305) (148, 354)
(153, 305) (175, 349)
(153, 305) (153, 355)
(153, 305) (141, 353)
(153, 305) (168, 352)
(153, 305) (148, 354)
(101, 245) (142, 272)
(101, 245) (136, 280)
(101, 245) (136, 280)
(101, 245) (53, 260)
(101, 245) (85, 197)
(101, 245) (78, 200)
(101, 245) (101, 245)
(101, 245) (136, 280)
(101, 245) (141, 275)
(101, 245) (51, 245)
(101, 245) (101, 195)
(101, 245) (101, 245)
(101, 245) (51, 245)
(101, 245) (101, 245)
(101, 245) (65, 209)
(101, 245) (51, 245)
(101, 245) (51, 245)
(101, 245) (151, 245)
(229, 264) (229, 314)
(229, 264) (193, 299)
(229, 264) (229, 314)
(229, 264) (279, 264)
(229, 264) (216, 215)
(229, 264) (264, 299)
(229, 264) (179, 264)
(229, 264) (213, 216)
(229, 264) (184, 241)
(229, 264) (229, 314)
(229, 264) (279, 264)
(229, 264) (279, 264)
(229, 264) (193, 299)
(229, 264) (179, 264)
(229, 264) (179, 264)
(229, 264) (229, 264)
(229, 264) (229, 214)
(229, 264) (179, 264)
[29.729452277479318, 32.97412670578229, 33.40100318690267, 33.410502395745766, 33.48322785608446]
33.48322785608446
5
Imagen  4
First valPSNR [28.21632967124085, 31.210382036015183, 31.537261321038272, 31.47893550339576, 31.633796201143824]
valMax 31.633796201143824 pos 5
[28.21632967124085, 31.210382036015183, 31.537261321038272, 31.47893550339576, 31.633796201143824]
31.633796201143824
5
[26.7440060743326, 28.5666708235758, 28.89573600949443, 28.50746483597803, 28.71375435478289]
28.89573600949443
3
[34.52016118984647, 35.72637130923426, 36.17833716786245, 36.12845351265301, 36.31871820237607]
36.31871820237607
5
shape 20 32 3
shape 382 254 3
shape 382 254 3
shape 382 254 3
shape 382 254 3
shape 382 254 3
shape 382 254 3
[(85, 79), (218, 173), (379, 11)]
(85, 79) (36, 92)
(85, 79) (36, 92)
(85, 79) (64, 124)
(85, 79) (69, 126)
(85, 79) (110, 121)
(85, 79) (94, 128)
(85, 79) (104, 124)
(85, 79) (102, 125)
(85, 79) (95, 127)
(85, 79) (90, 128)
(85, 79) (91, 128)
(85, 79) (91, 128)
(85, 79) (90, 128)
(85, 79) (85, 129)
(85, 79) (91, 128)
(85, 79) (95, 127)
(85, 79) (92, 128)
(85, 79) (90, 128)
(218, 173) (182, 208)
(218, 173) (188, 213)
(218, 173) (182, 208)
(218, 173) (240, 217)
(218, 173) (218, 223)
(218, 173) (202, 220)
(218, 173) (218, 223)
(218, 173) (218, 223)
(218, 173) (205, 221)
(218, 173) (205, 221)
(218, 173) (195, 217)
(218, 173) (192, 215)
(218, 173) (202, 220)
(218, 173) (218, 223)
(218, 173) (202, 220)
(218, 173) (195, 217)
(218, 173) (176, 200)
(218, 173) (173, 195)
(379, 11) (424, -10)
(379, 11) (421, -17)
(379, 11) (409, 51)
(379, 11) (394, -37)
(379, 11) (411, -27)
(379, 11) (334, 33)
(379, 11) (394, -37)
(379, 11) (404, -33)
(379, 11) (359, 57)
(379, 11) (405, -32)
(379, 11) (401, -34)
(379, 11) (363, 58)
(379, 11) (394, -37)
(379, 11) (403, -33)
(379, 11) (353, 53)
(379, 11) (401, -34)
(379, 11) (399, -35)
(379, 11) (330, 24)
[28.21632967124085, 31.210382036015183, 31.537261321038272, 31.47893550339576, 31.633796201143824]
31.633796201143824
5
Imagen  5
First valPSNR [21.707368441075303, 24.973040253704163, 25.200343145359327, 25.194536310794767, 25.205220709988318]
valMax 25.205220709988318 pos 5
[21.707368441075303, 24.973040253704163, 25.200343145359327, 25.194536310794767, 25.205220709988318]
25.205220709988318
5
[20.234914800587166, 24.07952630233851, 24.09000106263884, 24.134475074486026, 24.278804637209795]
24.278804637209795
5
[23.852331752404456, 27.042922050024817, 27.235902689185583, 27.373720555208273, 27.421497918423213]
27.421497918423213
5
shape 20 32 3
shape 254 382 3
shape 254 382 3
shape 254 382 3
shape 254 382 3
shape 254 382 3
shape 254 382 3
[(4, 9), (249, 245), (226, 354)]
(4, 9) (39, 44)
(4, 9) (39, 44)
(4, 9) (4, 59)
(4, 9) (-45, -4)
(4, 9) (51, 24)
(4, 9) (4, 59)
(4, 9) (-6, 58)
(4, 9) (-32, 44)
(4, 9) (-19, 53)
(4, 9) (19, 56)
(4, 9) (35, 48)
(4, 9) (-1, 58)
(4, 9) (16, 57)
(4, 9) (34, 49)
(4, 9) (10, 58)
(4, 9) (31, 50)
(4, 9) (26, 53)
(4, 9) (19, 56)
(249, 245) (298, 243)
(249, 245) (298, 246)
(249, 245) (298, 246)
(249, 245) (297, 257)
(249, 245) (249, 195)
(249, 245) (299, 245)
(249, 245) (259, 293)
(249, 245) (264, 292)
(249, 245) (262, 293)
(249, 245) (290, 272)
(249, 245) (284, 280)
(249, 245) (261, 293)
(249, 245) (289, 275)
(249, 245) (289, 275)
(249, 245) (281, 283)
(249, 245) (289, 275)
(249, 245) (295, 263)
(249, 245) (280, 284)
(226, 354) (240, 401)
(226, 354) (240, 401)
(226, 354) (240, 401)
(226, 354) (234, 403)
(226, 354) (176, 354)
(226, 354) (203, 398)
(226, 354) (226, 404)
(226, 354) (176, 354)
(226, 354) (177, 366)
(226, 354) (248, 398)
(226, 354) (276, 354)
(226, 354) (226, 354)
(226, 354) (203, 398)
(226, 354) (226, 354)
(226, 354) (176, 354)
(226, 354) (226, 354)
(226, 354) (203, 309)
(226, 354) (203, 309)
[21.707368441075303, 24.973040253704163, 25.200343145359327, 25.194536310794767, 25.205220709988318]
25.205220709988318
5
Imagen  6
First valPSNR [25.19226340349207, 27.402761603662498, 27.5313887816257, 27.544252493431234, 27.60607731531628]
valMax 27.60607731531628 pos 5
[25.19226340349207, 27.402761603662498, 27.5313887816257, 27.544252493431234, 27.60607731531628]
27.60607731531628
5
[23.36708736539096, 26.845840470610085, 26.931211943257427, 27.29068331593867, 27.664360273899007]
27.664360273899007
5
[20.793237805529536, 22.305237659650167, 22.25935201089755, 22.29281264004704, 22.30237088223369]
22.305237659650167
2
shape 20 32 3
shape 254 382 3
shape 254 382 3
shape 254 382 3
shape 254 382 3
shape 254 382 3
shape 254 382 3
[(146, 196), (43, 228), (224, 362)]
(146, 196) (195, 200)
(146, 196) (196, 196)
(146, 196) (195, 188)
(146, 196) (146, 146)
(146, 196) (187, 168)
(146, 196) (181, 160)
(146, 196) (132, 147)
(146, 196) (146, 146)
(146, 196) (133, 147)
(146, 196) (173, 154)
(146, 196) (164, 149)
(146, 196) (159, 147)
(146, 196) (158, 147)
(146, 196) (146, 146)
(146, 196) (146, 146)
(146, 196) (146, 146)
(146, 196) (168, 151)
(146, 196) (146, 146)
(43, 228) (65, 272)
(43, 228) (65, 272)
(43, 228) (78, 263)
(43, 228) (65, 272)
(43, 228) (1, 200)
(43, 228) (93, 228)
(43, 228) (87, 250)
(43, 228) (90, 243)
(43, 228) (91, 240)
(43, 228) (27, 275)
(43, 228) (78, 263)
(43, 228) (93, 228)
(43, 228) (43, 278)
(43, 228) (65, 272)
(43, 228) (78, 263)
(43, 228) (-7, 228)
(43, 228) (65, 272)
(43, 228) (93, 228)
(224, 362) (188, 326)
(224, 362) (224, 362)
(224, 362) (224, 312)
(224, 362) (224, 362)
(224, 362) (274, 362)
(224, 362) (208, 314)
(224, 362) (215, 312)
(224, 362) (233, 312)
(224, 362) (232, 312)
(224, 362) (259, 326)
(224, 362) (224, 312)
(224, 362) (246, 317)
(224, 362) (224, 312)
(224, 362) (233, 312)
(224, 362) (251, 320)
(224, 362) (224, 312)
(224, 362) (214, 312)
(224, 362) (259, 326)
[25.19226340349207, 27.402761603662498, 27.5313887816257, 27.544252493431234, 27.60607731531628]
27.60607731531628
5
Imagen  7
First valPSNR [25.56600600997706, 30.368413686208953, 31.014664174110145, 30.959879059425077, 31.065124648580223]
valMax 31.065124648580223 pos 5
[25.56600600997706, 30.368413686208953, 31.014664174110145, 30.959879059425077, 31.065124648580223]
31.065124648580223
5
[24.282936043203502, 31.212010202643675, 28.37046857779805, 28.071542664459564, 28.166073195662236]
31.212010202643675
2
[33.54455704357646, 36.90673190310385, 39.46718611788028, 38.96556248336054, 39.46284355267386]
39.46718611788028
3
shape 20 32 3
shape 254 382 3
shape 254 382 3
shape 254 382 3
shape 254 382 3
shape 254 382 3
shape 254 382 3
[(42, 36), (7, 212), (114, 77)]
(42, 36) (-8, 36)
(42, 36) (-8, 36)
(42, 36) (-8, 36)
(42, 36) (86, 13)
(42, 36) (6, 0)
(42, 36) (77, 71)
(42, 36) (6, 0)
(42, 36) (6, 0)
(42, 36) (-3, 13)
(42, 36) (42, -14)
(42, 36) (42, 36)
(42, 36) (64, -9)
(42, 36) (42, -14)
(42, 36) (14, -6)
(42, 36) (42, -14)
(42, 36) (19, -9)
(42, 36) (-3, 13)
(42, 36) (42, -14)
(7, 212) (57, 212)
(7, 212) (22, 164)
(7, 212) (57, 212)
(7, 212) (7, 162)
(7, 212) (51, 189)
(7, 212) (7, 262)
(7, 212) (7, 162)
(7, 212) (22, 259)
(7, 212) (27, 257)
(7, 212) (7, 162)
(7, 212) (42, 176)
(7, 212) (51, 234)
(7, 212) (7, 162)
(7, 212) (55, 224)
(7, 212) (29, 256)
(7, 212) (7, 162)
(7, 212) (51, 189)
(7, 212) (7, 262)
(114, 77) (114, 27)
(114, 77) (164, 77)
(114, 77) (149, 41)
(114, 77) (66, 92)
(114, 77) (114, 77)
(114, 77) (162, 89)
(114, 77) (136, 121)
(114, 77) (123, 126)
(114, 77) (126, 125)
(114, 77) (78, 112)
(114, 77) (101, 125)
(114, 77) (98, 124)
(114, 77) (106, 126)
(114, 77) (123, 126)
(114, 77) (133, 122)
(114, 77) (121, 126)
(114, 77) (126, 125)
(114, 77) (123, 126)
[25.56600600997706, 30.368413686208953, 31.014664174110145, 30.959879059425077, 31.065124648580223]
31.065124648580223
5
Imagen  8
First valPSNR [19.956586261548136, 23.624977790591245, 23.63776556333443, 23.588168476904784, 23.641704159015816]
valMax 23.641704159015816 pos 5
[19.956586261548136, 23.624977790591245, 23.63776556333443, 23.588168476904784, 23.641704159015816]
23.641704159015816
5
[23.387699368640213, 25.42141133619755, 25.451811288304054, 25.59552101353201, 25.237589437666088]
25.59552101353201
4
[20.330645373545416, 23.287975386888085, 23.397235830482217, 23.34032787637833, 23.411803681762763]
23.411803681762763
5
shape 20 32 3
shape 254 382 3
shape 254 382 3
shape 254 382 3
shape 254 382 3
shape 254 382 3
shape 254 382 3
[(235, 168), (57, 348), (127, 43)]
(235, 168) (235, 118)
(235, 168) (235, 118)
(235, 168) (219, 120)
(235, 168) (285, 168)
(235, 168) (275, 138)
(235, 168) (283, 180)
(235, 168) (199, 132)
(235, 168) (190, 145)
(235, 168) (195, 138)
(235, 168) (199, 132)
(235, 168) (199, 132)
(235, 168) (187, 152)
(235, 168) (185, 168)
(235, 168) (187, 152)
(235, 168) (187, 152)
(235, 168) (187, 152)
(235, 168) (186, 155)
(235, 168) (186, 155)
(57, 348) (94, 380)
(57, 348) (97, 377)
(57, 348) (47, 298)
(57, 348) (65, 397)
(57, 348) (47, 397)
(57, 348) (69, 396)
(57, 348) (101, 370)
(57, 348) (107, 348)
(57, 348) (59, 298)
(57, 348) (92, 383)
(57, 348) (107, 348)
(57, 348) (52, 298)
(57, 348) (92, 383)
(57, 348) (92, 383)
(57, 348) (44, 299)
(57, 348) (82, 390)
(57, 348) (97, 378)
(57, 348) (57, 298)
(127, 43) (80, 61)
(127, 43) (79, 57)
(127, 43) (79, 58)
(127, 43) (80, 24)
(127, 43) (82, 19)
(127, 43) (77, 48)
(127, 43) (77, 42)
(127, 43) (77, 41)
(127, 43) (77, 43)
(127, 43) (77, 40)
(127, 43) (77, 43)
(127, 43) (77, 43)
(127, 43) (77, 39)
(127, 43) (77, 39)
(127, 43) (77, 40)
(127, 43) (77, 46)
(127, 43) (77, 44)
(127, 43) (77, 47)
[19.956586261548136, 23.624977790591245, 23.63776556333443, 23.588168476904784, 23.641704159015816]
23.641704159015816
5
Imagen  9
First valPSNR [26.570897669958956, 30.238488726754092, 30.679878028117994, 30.707741200810894, 30.84349558126558]
valMax 30.84349558126558 pos 5
[26.570897669958956, 30.238488726754092, 30.679878028117994, 30.707741200810894, 30.84349558126558]
30.84349558126558
5
[43.16900849471111, 42.812372937304055, 41.85375036313542, 42.199167521683464, 42.72565755779469]
43.16900849471111
1
[34.090745220865, 37.09791242671972, 37.41020423214891, 37.45149132617941, 37.289765286856905]
37.45149132617941
4
shape 20 32 3
shape 382 254 3
shape 382 254 3
shape 382 254 3
shape 382 254 3
shape 382 254 3
shape 382 254 3
[(312, 30), (319, 154), (314, 56)]
(312, 30) (307, -20)
(312, 30) (317, -20)
(312, 30) (312, -20)
(312, 30) (262, 30)
(312, 30) (269, 4)
(312, 30) (280, -10)
(312, 30) (304, -20)
(312, 30) (296, -18)
(312, 30) (298, -19)
(312, 30) (294, -17)
(312, 30) (312, -20)
(312, 30) (312, -20)
(312, 30) (276, -6)
(312, 30) (276, -6)
(312, 30) (292, -16)
(312, 30) (279, -9)
(312, 30) (280, -10)
(312, 30) (298, -19)
(319, 154) (358, 122)
(319, 154) (362, 129)
(319, 154) (357, 121)
(319, 154) (311, 104)
(319, 154) (366, 138)
(319, 154) (341, 109)
(319, 154) (367, 141)
(319, 154) (366, 138)
(319, 154) (360, 126)
(319, 154) (306, 105)
(319, 154) (365, 135)
(319, 154) (346, 112)
(319, 154) (344, 111)
(319, 154) (363, 131)
(319, 154) (369, 154)
(319, 154) (319, 104)
(319, 154) (366, 138)
(319, 154) (369, 154)
(314, 56) (329, 103)
(314, 56) (341, 97)
(314, 56) (352, 88)
(314, 56) (361, 71)
(314, 56) (360, 74)
(314, 56) (361, 70)
(314, 56) (359, 76)
(314, 56) (359, 76)
(314, 56) (360, 74)
(314, 56) (363, 65)
(314, 56) (363, 59)
(314, 56) (362, 68)
(314, 56) (359, 76)
(314, 56) (357, 80)
(314, 56) (357, 81)
(314, 56) (363, 64)
(314, 56) (363, 64)
(314, 56) (363, 64)
[26.570897669958956, 30.238488726754092, 30.679878028117994, 30.707741200810894, 30.84349558126558]
30.84349558126558
5
Imagen  10
First valPSNR [27.351928624891645, 30.497756027906334, 30.819124891685284, 30.944112981656033, 31.025994012667304]
valMax 31.025994012667304 pos 5
[27.351928624891645, 30.497756027906334, 30.819124891685284, 30.944112981656033, 31.025994012667304]
31.025994012667304
5
[26.919218171794284, 32.41824213361077, 32.78515857262378, 33.31549596261823, 33.42760030011949]
33.42760030011949
5
[32.56396530498875, 38.08161722165197, 38.70181203959956, 38.65890397662024, 38.56651971521789]
38.70181203959956
3
shape 20 32 3
shape 382 254 3
shape 382 254 3
shape 382 254 3
shape 382 254 3
shape 382 254 3
shape 382 254 3
[(317, 210), (200, 76), (155, 154)]
(317, 210) (272, 188)
(317, 210) (272, 186)
(317, 210) (272, 187)
(317, 210) (297, 164)
(317, 210) (306, 161)
(317, 210) (294, 165)
(317, 210) (289, 168)
(317, 210) (293, 165)
(317, 210) (293, 165)
(317, 210) (285, 171)
(317, 210) (286, 170)
(317, 210) (287, 169)
(317, 210) (287, 170)
(317, 210) (294, 165)
(317, 210) (291, 167)
(317, 210) (290, 167)
(317, 210) (291, 166)
(317, 210) (293, 165)
(200, 76) (150, 76)
(200, 76) (164, 40)
(200, 76) (150, 76)
(200, 76) (235, 111)
(200, 76) (160, 46)
(200, 76) (184, 28)
(200, 76) (174, 33)
(200, 76) (172, 34)
(200, 76) (184, 28)
(200, 76) (244, 53)
(200, 76) (200, 76)
(200, 76) (235, 40)
(200, 76) (222, 31)
(200, 76) (187, 27)
(200, 76) (184, 28)
(200, 76) (235, 40)
(200, 76) (200, 26)
(200, 76) (155, 53)
(155, 154) (105, 154)
(155, 154) (105, 154)
(155, 154) (204, 163)
(155, 154) (106, 166)
(155, 154) (119, 189)
(155, 154) (119, 118)
(155, 154) (105, 154)
(155, 154) (119, 118)
(155, 154) (155, 154)
(155, 154) (106, 143)
(155, 154) (110, 176)
(155, 154) (205, 154)
(155, 154) (105, 145)
(155, 154) (155, 204)
(155, 154) (155, 154)
(155, 154) (105, 154)
(155, 154) (195, 184)
(155, 154) (205, 154)
[27.351928624891645, 30.497756027906334, 30.819124891685284, 30.944112981656033, 31.025994012667304]
31.025994012667304
5
Imagen  11
First valPSNR [25.77876577635129, 28.388530197905304, 28.811965314167352, 28.842183399792127, 28.866168549044463]
valMax 28.866168549044463 pos 5
[25.77876577635129, 28.388530197905304, 28.811965314167352, 28.842183399792127, 28.866168549044463]
28.866168549044463
5
[27.415527671768775, 31.11697871259851, 31.05036091023078, 30.95390578858702, 31.20913901609296]
31.20913901609296
5
[26.78154252535434, 29.539555374796777, 30.05210025114833, 30.13480698861761, 30.28105406357273]
30.28105406357273
5
shape 20 32 3
shape 254 382 3
shape 254 382 3
shape 254 382 3
shape 254 382 3
shape 254 382 3
shape 254 382 3
[(41, 87), (181, 1), (219, 6)]
(41, 87) (63, 42)
(41, 87) (73, 49)
(41, 87) (87, 68)
(41, 87) (-7, 71)
(41, 87) (16, 43)
(41, 87) (76, 51)
(41, 87) (21, 41)
(41, 87) (27, 38)
(41, 87) (88, 102)
(41, 87) (14, 44)
(41, 87) (14, 44)
(41, 87) (5, 51)
(41, 87) (11, 46)
(41, 87) (3, 54)
(41, 87) (91, 87)
(41, 87) (9, 47)
(41, 87) (5, 51)
(41, 87) (-7, 71)
(181, 1) (131, 1)
(181, 1) (131, 1)
(181, 1) (145, -35)
(181, 1) (132, -12)
(181, 1) (133, 16)
(181, 1) (158, -44)
(181, 1) (131, 1)
(181, 1) (131, 7)
(181, 1) (181, 1)
(181, 1) (131, -5)
(181, 1) (131, -4)
(181, 1) (222, -27)
(181, 1) (133, -14)
(181, 1) (131, -5)
(181, 1) (216, -35)
(181, 1) (131, 8)
(181, 1) (131, -2)
(181, 1) (231, 1)
(219, 6) (263, 28)
(219, 6) (254, -30)
(219, 6) (266, 21)
(219, 6) (219, 6)
(219, 6) (203, -42)
(219, 6) (169, 6)
(219, 6) (254, 41)
(219, 6) (196, -39)
(219, 6) (254, 41)
(219, 6) (219, 56)
(219, 6) (263, -17)
(219, 6) (189, -34)
(219, 6) (241, 50)
(219, 6) (219, -44)
(219, 6) (183, -30)
(219, 6) (269, 6)
(219, 6) (263, -17)
(219, 6) (203, -42)
[25.77876577635129, 28.388530197905304, 28.811965314167352, 28.842183399792127, 28.866168549044463]
28.866168549044463
5
Imagen  12
First valPSNR [27.90218370923607, 31.86268786732959, 32.07659296225604, 32.38728572118904, 32.37571876465424]
valMax 32.38728572118904 pos 4
[27.90218370923607, 31.86268786732959, 32.07659296225604, 32.38728572118904, 32.37571876465424]
32.38728572118904
4
[34.52506858161965, 38.689541168731154, 38.949873865569145, 39.15884652261959, 39.05681455550397]
39.15884652261959
4
[34.33531699175411, 34.76191425000633, 34.85350525520463, 34.876976976108, 34.86154701721852]
34.876976976108
4
shape 20 32 3
shape 254 382 3
shape 254 382 3
shape 254 382 3
shape 254 382 3
shape 254 382 3
shape 254 382 3
[(39, 199), (163, 220), (133, 2)]
(39, 199) (80, 226)
(39, 199) (77, 231)
(39, 199) (79, 228)
(39, 199) (39, 249)
(39, 199) (52, 247)
(39, 199) (74, 234)
(39, 199) (39, 249)
(39, 199) (74, 234)
(39, 199) (69, 239)
(39, 199) (39, 149)
(39, 199) (74, 234)
(39, 199) (39, 199)
(39, 199) (83, 221)
(39, 199) (61, 243)
(39, 199) (69, 239)
(39, 199) (39, 249)
(39, 199) (39, 249)
(39, 199) (39, 249)
(163, 220) (167, 269)
(163, 220) (171, 269)
(163, 220) (163, 270)
(163, 220) (198, 255)
(163, 220) (147, 172)
(163, 220) (163, 170)
(163, 220) (144, 173)
(163, 220) (127, 184)
(163, 220) (153, 170)
(163, 220) (198, 184)
(163, 220) (163, 170)
(163, 220) (140, 175)
(163, 220) (163, 170)
(163, 220) (135, 178)
(163, 220) (127, 184)
(163, 220) (213, 220)
(163, 220) (140, 175)
(163, 220) (127, 184)
(133, 2) (128, -48)
(133, 2) (97, -34)
(133, 2) (133, -48)
(133, 2) (83, -3)
(133, 2) (83, 5)
(133, 2) (85, -14)
(133, 2) (90, -24)
(133, 2) (86, -16)
(133, 2) (88, -21)
(133, 2) (90, -25)
(133, 2) (84, -9)
(133, 2) (86, -17)
(133, 2) (91, -26)
(133, 2) (83, -7)
(133, 2) (83, 2)
(133, 2) (99, -36)
(133, 2) (85, -14)
(133, 2) (97, -34)
[27.90218370923607, 31.86268786732959, 32.07659296225604, 32.38728572118904, 32.37571876465424]
32.38728572118904
4
Imagen  13
First valPSNR [21.896550434331953, 23.93480371544364, 24.15198000414716, 24.119154278516383, 24.138801906032125]
valMax 24.15198000414716 pos 3
[21.896550434331953, 23.93480371544364, 24.15198000414716, 24.119154278516383, 24.138801906032125]
24.15198000414716
3
[28.491747450571793, 29.621274155191145, 30.279377566374915, 30.284522634114417, 30.469744958750354]
30.469744958750354
5
[20.060859505753722, 21.963163499128857, 22.126632561099903, 22.098843189680416, 22.133445715425573]
22.133445715425573
5
shape 20 32 3
shape 254 382 3
shape 254 382 3
shape 254 382 3
shape 254 382 3
shape 254 382 3
shape 254 382 3
[(69, 305), (40, 83), (3, 9)]
(69, 305) (34, 268)
(69, 305) (31, 272)
(69, 305) (34, 268)
(69, 305) (22, 286)
(69, 305) (19, 305)
(69, 305) (21, 320)
(69, 305) (26, 278)
(69, 305) (27, 277)
(69, 305) (25, 280)
(69, 305) (77, 255)
(69, 305) (35, 267)
(69, 305) (28, 275)
(69, 305) (87, 258)
(69, 305) (25, 281)
(69, 305) (30, 272)
(69, 305) (39, 265)
(69, 305) (29, 274)
(69, 305) (29, 275)
(40, 83) (-3, 108)
(40, 83) (-6, 103)
(40, 83) (-8, 99)
(40, 83) (90, 83)
(40, 83) (-9, 70)
(40, 83) (27, 34)
(40, 83) (-10, 83)
(40, 83) (-10, 74)
(40, 83) (-10, 78)
(40, 83) (4, 47)
(40, 83) (-8, 67)
(40, 83) (-7, 65)
(40, 83) (-3, 57)
(40, 83) (-10, 76)
(40, 83) (-10, 73)
(40, 83) (-5, 60)
(40, 83) (-9, 69)
(40, 83) (-8, 67)
(3, 9) (-42, 31)
(3, 9) (-43, 30)
(3, 9) (-43, 30)
(3, 9) (-27, 49)
(3, 9) (-16, 55)
(3, 9) (-4, 58)
(3, 9) (-45, 24)
(3, 9) (-42, 31)
(3, 9) (-40, 35)
(3, 9) (-20, 53)
(3, 9) (-9, 57)
(3, 9) (-10, 57)
(3, 9) (-33, 44)
(3, 9) (-12, 56)
(3, 9) (-18, 54)
(3, 9) (-33, 44)
(3, 9) (-15, 55)
(3, 9) (-22, 52)
[21.896550434331953, 23.93480371544364, 24.15198000414716, 24.119154278516383, 24.138801906032125]
24.15198000414716
3
Imagen  14
First valPSNR [24.65305371230621, 27.42315651649646, 27.844690210091795, 27.857581876307187, 27.88794581751816]
valMax 27.88794581751816 pos 5
[24.65305371230621, 27.42315651649646, 27.844690210091795, 27.857581876307187, 27.88794581751816]
27.88794581751816
5
[29.82762784160724, 31.03851225782543, 31.84705092387675, 31.788564226491722, 31.97689251673726]
31.97689251673726
5
[22.544113853880745, 25.954827083151265, 26.22403392025874, 26.20745493154474, 26.272868063725376]
26.272868063725376
5
shape 20 32 3
shape 254 382 3
shape 254 382 3
shape 254 382 3
shape 254 382 3
shape 254 382 3
shape 254 382 3
[(41, 373), (135, 75), (144, 5)]
(41, 373) (64, 416)
(41, 373) (64, 416)
(41, 373) (66, 416)
(41, 373) (89, 360)
(41, 373) (82, 345)
(41, 373) (85, 350)
(41, 373) (69, 414)
(41, 373) (73, 411)
(41, 373) (76, 408)
(41, 373) (90, 381)
(41, 373) (90, 381)
(41, 373) (89, 385)
(41, 373) (72, 412)
(41, 373) (84, 397)
(41, 373) (81, 403)
(41, 373) (76, 408)
(41, 373) (76, 408)
(41, 373) (80, 404)
(135, 75) (89, 96)
(135, 75) (86, 85)
(135, 75) (85, 67)
(135, 75) (102, 112)
(135, 75) (93, 103)
(135, 75) (93, 102)
(135, 75) (101, 111)
(135, 75) (93, 102)
(135, 75) (87, 91)
(135, 75) (87, 91)
(135, 75) (88, 92)
(135, 75) (89, 96)
(135, 75) (91, 99)
(135, 75) (86, 88)
(135, 75) (85, 82)
(135, 75) (92, 101)
(135, 75) (89, 96)
(135, 75) (85, 83)
(144, 5) (108, 40)
(144, 5) (108, 40)
(144, 5) (144, 55)
(144, 5) (185, -23)
(144, 5) (194, 5)
(144, 5) (102, -23)
(144, 5) (194, 5)
(144, 5) (179, 40)
(144, 5) (179, 40)
(144, 5) (144, -45)
(144, 5) (144, 55)
(144, 5) (131, 53)
(144, 5) (144, 5)
(144, 5) (99, 27)
(144, 5) (144, 55)
(144, 5) (144, -45)
(144, 5) (144, -45)
(144, 5) (144, 55)
[24.65305371230621, 27.42315651649646, 27.844690210091795, 27.857581876307187, 27.88794581751816]
27.88794581751816
5
Imagen  15
First valPSNR [26.461436808585024, 31.14392131435471, 31.742623761877482, 31.696630622667776, 31.815419344700047]
valMax 31.815419344700047 pos 5
[26.461436808585024, 31.14392131435471, 31.742623761877482, 31.696630622667776, 31.815419344700047]
31.815419344700047
5
[30.343005739687975, 32.966062629233264, 32.809586975447516, 32.85282799566294, 33.05572031083081]
33.05572031083081
5
[44.02409346367154, 43.7106291975322, 45.319838721259046, 43.936127805293175, 44.069302027168725]
45.319838721259046
3
shape 20 32 3
shape 254 382 3
shape 254 382 3
shape 254 382 3
shape 254 382 3
shape 254 382 3
shape 254 382 3
[(56, 153), (35, 214), (208, 351)]
(56, 153) (8, 137)
(56, 153) (9, 134)
(56, 153) (47, 103)
(56, 153) (105, 162)
(56, 153) (105, 161)
(56, 153) (105, 157)
(56, 153) (103, 137)
(56, 153) (102, 135)
(56, 153) (104, 140)
(56, 153) (106, 153)
(56, 153) (105, 156)
(56, 153) (105, 155)
(56, 153) (105, 156)
(56, 153) (106, 153)
(56, 153) (105, 160)
(56, 153) (105, 161)
(56, 153) (106, 153)
(56, 153) (99, 178)
(35, 214) (-12, 233)
(35, 214) (12, 258)
(35, 214) (82, 229)
(35, 214) (-11, 234)
(35, 214) (-15, 214)
(35, 214) (75, 184)
(35, 214) (-13, 229)
(35, 214) (-12, 196)
(35, 214) (76, 186)
(35, 214) (-12, 231)
(35, 214) (35, 264)
(35, 214) (83, 200)
(35, 214) (-15, 218)
(35, 214) (-15, 214)
(35, 214) (83, 201)
(35, 214) (-12, 233)
(35, 214) (-15, 214)
(35, 214) (81, 195)
(208, 351) (258, 351)
(208, 351) (208, 351)
(208, 351) (223, 303)
(208, 351) (185, 306)
(208, 351) (208, 351)
(208, 351) (172, 315)
(208, 351) (230, 306)
(208, 351) (208, 301)
(208, 351) (208, 301)
(208, 351) (258, 351)
(208, 351) (208, 351)
(208, 351) (208, 301)
(208, 351) (243, 315)
(208, 351) (208, 401)
(208, 351) (243, 315)
(208, 351) (230, 306)
(208, 351) (208, 351)
(208, 351) (243, 315)
[26.461436808585024, 31.14392131435471, 31.742623761877482, 31.696630622667776, 31.815419344700047]
31.815419344700047
5
Imagen  16
First valPSNR [29.165646200656443, 30.94852886238064, 31.175099559716134, 31.157788891800227, 31.20575075335973]
valMax 31.20575075335973 pos 5
[29.165646200656443, 30.94852886238064, 31.175099559716134, 31.157788891800227, 31.20575075335973]
31.20575075335973
5
[43.44822566479553, 43.477293246996716, 45.175034617316605, 44.885081570652886, 44.46515916596574]
45.175034617316605
3
[28.27461781591619, 30.03671703246384, 30.31767346212085, 30.34546008038515, 30.391522554467677]
30.391522554467677
5
shape 20 32 3
shape 254 382 3
shape 254 382 3
shape 254 382 3
shape 254 382 3
shape 254 382 3
shape 254 382 3
[(79, 253), (189, 266), (137, 167)]
(79, 253) (56, 297)
(79, 253) (34, 275)
(79, 253) (37, 280)
(79, 253) (43, 288)
(79, 253) (94, 300)
(79, 253) (114, 288)
(79, 253) (29, 253)
(79, 253) (43, 217)
(79, 253) (43, 217)
(79, 253) (56, 208)
(79, 253) (51, 211)
(79, 253) (43, 217)
(79, 253) (56, 208)
(79, 253) (34, 230)
(79, 253) (43, 217)
(79, 253) (79, 203)
(79, 253) (63, 205)
(79, 253) (63, 205)
(189, 266) (208, 220)
(189, 266) (220, 226)
(189, 266) (214, 223)
(189, 266) (231, 291)
(189, 266) (189, 266)
(189, 266) (239, 266)
(189, 266) (229, 236)
(189, 266) (197, 216)
(189, 266) (211, 221)
(189, 266) (204, 218)
(189, 266) (204, 218)
(189, 266) (211, 221)
(189, 266) (224, 230)
(189, 266) (224, 230)
(189, 266) (224, 230)
(189, 266) (211, 221)
(189, 266) (189, 216)
(189, 266) (197, 216)
(137, 167) (176, 198)
(137, 167) (172, 202)
(137, 167) (172, 202)
(137, 167) (187, 167)
(137, 167) (137, 217)
(137, 167) (137, 217)
(137, 167) (137, 167)
(137, 167) (172, 202)
(137, 167) (124, 215)
(137, 167) (164, 208)
(137, 167) (152, 214)
(137, 167) (159, 211)
(137, 167) (159, 211)
(137, 167) (159, 211)
(137, 167) (172, 202)
(137, 167) (172, 202)
(137, 167) (137, 217)
(137, 167) (137, 217)
[29.165646200656443, 30.94852886238064, 31.175099559716134, 31.157788891800227, 31.20575075335973]
31.20575075335973
5
Imagen  17
First valPSNR [27.137074479647765, 30.101107164262153, 30.56018282666909, 30.53213104652955, 30.58294311293105]
valMax 30.58294311293105 pos 5
[27.137074479647765, 30.101107164262153, 30.56018282666909, 30.53213104652955, 30.58294311293105]
30.58294311293105
5
[22.338670507113164, 24.91515895106181, 25.19477553278707, 25.203722828425402, 25.391377191500354]
25.391377191500354
5
[30.11704024642568, 34.199158845363385, 35.089275766153854, 35.16480505884476, 35.12541709611477]
35.16480505884476
4
shape 20 32 3
shape 382 254 3
shape 382 254 3
shape 382 254 3
shape 382 254 3
shape 382 254 3
shape 382 254 3
[(146, 32), (309, 220), (258, 94)]
(146, 32) (123, -13)
(146, 32) (123, -13)
(146, 32) (190, 9)
(146, 32) (96, 32)
(146, 32) (181, -4)
(146, 32) (118, -10)
(146, 32) (110, 67)
(146, 32) (98, 47)
(146, 32) (146, 82)
(146, 32) (110, -4)
(146, 32) (196, 32)
(146, 32) (146, -18)
(146, 32) (98, 16)
(146, 32) (101, 54)
(146, 32) (110, -4)
(146, 32) (123, -13)
(146, 32) (96, 32)
(146, 32) (146, 32)
(309, 220) (357, 232)
(309, 220) (355, 238)
(309, 220) (358, 228)
(309, 220) (350, 247)
(309, 220) (353, 242)
(309, 220) (293, 172)
(309, 220) (259, 220)
(309, 220) (309, 270)
(309, 220) (353, 242)
(309, 220) (309, 170)
(309, 220) (344, 255)
(309, 220) (336, 261)
(309, 220) (359, 220)
(309, 220) (344, 255)
(309, 220) (336, 261)
(309, 220) (309, 170)
(309, 220) (331, 264)
(309, 220) (321, 268)
(258, 94) (252, 44)
(258, 94) (252, 44)
(258, 94) (254, 44)
(258, 94) (304, 112)
(258, 94) (258, 44)
(258, 94) (270, 45)
(258, 94) (245, 142)
(258, 94) (262, 143)
(258, 94) (258, 144)
(258, 94) (213, 71)
(258, 94) (280, 49)
(258, 94) (273, 141)
(258, 94) (308, 94)
(258, 94) (302, 71)
(258, 94) (308, 94)
(258, 94) (270, 45)
(258, 94) (293, 58)
(258, 94) (285, 52)
[27.137074479647765, 30.101107164262153, 30.56018282666909, 30.53213104652955, 30.58294311293105]
30.58294311293105
5
Imagen  18
First valPSNR [24.345453118914186, 27.031648248399364, 27.20018275426542, 27.249223095879778, 27.280218754881357]
valMax 27.280218754881357 pos 5
[24.345453118914186, 27.031648248399364, 27.20018275426542, 27.249223095879778, 27.280218754881357]
27.280218754881357
5
[27.806756553128068, 29.469642096849125, 29.69624948647963, 29.70152571299447, 29.723784059062176]
29.723784059062176
5
[20.37582036112297, 23.37125256723255, 23.449522610027497, 23.441904559284957, 23.496116526985862]
23.496116526985862
5
shape 20 32 3
shape 382 254 3
shape 382 254 3
shape 382 254 3
shape 382 254 3
shape 382 254 3
shape 382 254 3
[(74, 58), (162, 193), (118, 171)]
(74, 58) (79, 107)
(74, 58) (82, 107)
(74, 58) (80, 107)
(74, 58) (46, 99)
(74, 58) (65, 107)
(74, 58) (70, 107)
(74, 58) (60, 106)
(74, 58) (64, 107)
(74, 58) (67, 107)
(74, 58) (66, 107)
(74, 58) (66, 107)
(74, 58) (68, 107)
(74, 58) (51, 102)
(74, 58) (51, 102)
(74, 58) (57, 105)
(74, 58) (66, 107)
(74, 58) (61, 106)
(74, 58) (66, 107)
(162, 193) (156, 242)
(162, 193) (168, 242)
(162, 193) (154, 242)
(162, 193) (112, 193)
(162, 193) (203, 220)
(162, 193) (197, 228)
(162, 193) (212, 193)
(162, 193) (177, 145)
(162, 193) (139, 148)
(162, 193) (152, 242)
(162, 193) (192, 233)
(162, 193) (162, 243)
(162, 193) (162, 243)
(162, 193) (197, 157)
(162, 193) (162, 243)
(162, 193) (197, 228)
(162, 193) (162, 243)
(162, 193) (134, 151)
(118, 171) (168, 171)
(118, 171) (95, 215)
(118, 171) (145, 212)
(118, 171) (133, 218)
(118, 171) (142, 214)
(118, 171) (118, 221)
(118, 171) (153, 206)
(118, 171) (155, 203)
(118, 171) (146, 211)
(118, 171) (156, 202)
(118, 171) (154, 205)
(118, 171) (147, 211)
(118, 171) (149, 210)
(118, 171) (147, 211)
(118, 171) (140, 215)
(118, 171) (146, 212)
(118, 171) (136, 217)
(118, 171) (139, 216)
[24.345453118914186, 27.031648248399364, 27.20018275426542, 27.249223095879778, 27.280218754881357]
27.280218754881357
5
Imagen  19
First valPSNR [24.16476532216737, 27.159025424745565, 27.15179848597038, 27.199716735588403, 27.252152834561496]
valMax 27.252152834561496 pos 5
[24.16476532216737, 27.159025424745565, 27.15179848597038, 27.199716735588403, 27.252152834561496]
27.252152834561496
5
[39.4386433351763, 38.62357222426778, 39.7388360574098, 39.522887829952154, 40.18906807337852]
40.18906807337852
5
[31.740911931092718, 36.397044273618555, 37.04927584385422, 37.137687778513694, 37.576531111540255]
37.576531111540255
5
shape 20 32 3
shape 382 254 3
shape 382 254 3
shape 382 254 3
shape 382 254 3
shape 382 254 3
shape 382 254 3
[(104, 107), (75, 85), (77, 208)]
(104, 107) (59, 84)
(104, 107) (62, 79)
(104, 107) (65, 74)
(104, 107) (154, 107)
(104, 107) (68, 71)
(104, 107) (54, 107)
(104, 107) (139, 71)
(104, 107) (139, 142)
(104, 107) (81, 62)
(104, 107) (154, 107)
(104, 107) (68, 71)
(104, 107) (88, 59)
(104, 107) (148, 129)
(104, 107) (139, 71)
(104, 107) (104, 57)
(104, 107) (148, 129)
(104, 107) (104, 57)
(104, 107) (104, 57)
(75, 85) (108, 121)
(75, 85) (34, 114)
(75, 85) (107, 47)
(75, 85) (110, 49)
(75, 85) (97, 40)
(75, 85) (122, 69)
(75, 85) (87, 36)
(75, 85) (100, 42)
(75, 85) (105, 45)
(75, 85) (115, 55)
(75, 85) (97, 40)
(75, 85) (122, 70)
(75, 85) (90, 37)
(75, 85) (97, 40)
(75, 85) (119, 62)
(75, 85) (102, 43)
(75, 85) (97, 40)
(75, 85) (117, 58)
(77, 208) (89, 159)
(77, 208) (102, 165)
(77, 208) (95, 161)
(77, 208) (99, 163)
(77, 208) (86, 158)
(77, 208) (99, 163)
(77, 208) (125, 195)
(77, 208) (112, 172)
(77, 208) (121, 185)
(77, 208) (115, 175)
(77, 208) (115, 175)
(77, 208) (90, 159)
(77, 208) (107, 168)
(77, 208) (99, 163)
(77, 208) (83, 158)
(77, 208) (117, 178)
(77, 208) (116, 176)
(77, 208) (104, 166)
[24.16476532216737, 27.159025424745565, 27.15179848597038, 27.199716735588403, 27.252152834561496]
27.252152834561496
5
Imagen  20
First valPSNR [25.895570509114386, 30.853520271302447, 31.198808002517705, 31.29060202644358, 31.336677329853305]
valMax 31.336677329853305 pos 5
[25.895570509114386, 30.853520271302447, 31.198808002517705, 31.29060202644358, 31.336677329853305]
31.336677329853305
5
[23.518176989036306, 34.4539397644131, 34.710185103771764, 34.65324340740094, 34.40844619539382]
34.710185103771764
3
[22.472563020300758, 30.246573043742643, 30.59089521166658, 30.94745423433738, 30.79198652756365]
30.94745423433738
4
shape 20 32 3
shape 254 382 3
shape 254 382 3
shape 254 382 3
shape 254 382 3
shape 254 382 3
shape 254 382 3
[(236, 0), (218, 304), (129, 93)]
(236, 0) (236, 50)
(236, 0) (213, 44)
(236, 0) (236, 50)
(236, 0) (236, 50)
(236, 0) (213, 44)
(236, 0) (188, 15)
(236, 0) (213, 44)
(236, 0) (248, 48)
(236, 0) (227, 49)
(236, 0) (191, 22)
(236, 0) (217, 46)
(236, 0) (188, 15)
(236, 0) (191, 22)
(236, 0) (251, 47)
(236, 0) (186, 0)
(236, 0) (196, 31)
(236, 0) (213, 44)
(236, 0) (194, 27)
(218, 304) (197, 258)
(218, 304) (206, 255)
(218, 304) (203, 256)
(218, 304) (198, 258)
(218, 304) (205, 255)
(218, 304) (218, 254)
(218, 304) (218, 254)
(218, 304) (265, 288)
(218, 304) (248, 264)
(218, 304) (207, 255)
(218, 304) (226, 254)
(218, 304) (218, 254)
(218, 304) (218, 254)
(218, 304) (223, 254)
(218, 304) (222, 254)
(218, 304) (209, 254)
(218, 304) (218, 254)
(218, 304) (218, 254)
(129, 93) (81, 108)
(129, 93) (80, 105)
(129, 93) (80, 106)
(129, 93) (84, 115)
(129, 93) (133, 43)
(129, 93) (141, 44)
(129, 93) (103, 135)
(129, 93) (93, 128)
(129, 93) (89, 123)
(129, 93) (82, 110)
(129, 93) (79, 99)
(129, 93) (80, 106)
(129, 93) (93, 128)
(129, 93) (79, 101)
(129, 93) (80, 106)
(129, 93) (82, 110)
(129, 93) (84, 115)
(129, 93) (81, 107)
[25.895570509114386, 30.853520271302447, 31.198808002517705, 31.29060202644358, 31.336677329853305]
31.336677329853305
5
Imagen  21
First valPSNR [24.69739125633407, 27.604706210221444, 27.848631730932674, 27.85585423203309, 27.916013180237684]
valMax 27.916013180237684 pos 5
[24.69739125633407, 27.604706210221444, 27.848631730932674, 27.85585423203309, 27.916013180237684]
27.916013180237684
5
[42.96517886904998, 40.4435258956745, 42.07550621534636, 41.938493438572465, 42.537456561791565]
42.96517886904998
1
[21.244144371922772, 24.39005350487197, 24.511201592634606, 24.495010473861846, 24.52043414061082]
24.52043414061082
5
shape 20 32 3
shape 254 382 3
shape 254 382 3
shape 254 382 3
shape 254 382 3
shape 254 382 3
shape 254 382 3
[(108, 274), (157, 345), (243, 166)]
(108, 274) (108, 324)
(108, 274) (108, 324)
(108, 274) (58, 274)
(108, 274) (130, 318)
(108, 274) (117, 323)
(108, 274) (85, 318)
(108, 274) (143, 309)
(108, 274) (72, 238)
(108, 274) (158, 274)
(108, 274) (130, 318)
(108, 274) (68, 304)
(108, 274) (108, 224)
(108, 274) (143, 309)
(108, 274) (85, 318)
(108, 274) (108, 224)
(108, 274) (130, 318)
(108, 274) (63, 296)
(108, 274) (85, 229)
(157, 345) (205, 356)
(157, 345) (205, 356)
(157, 345) (206, 354)
(157, 345) (198, 372)
(157, 345) (167, 296)
(157, 345) (154, 295)
(157, 345) (121, 309)
(157, 345) (136, 299)
(157, 345) (164, 295)
(157, 345) (192, 380)
(157, 345) (203, 326)
(157, 345) (175, 298)
(157, 345) (172, 392)
(157, 345) (207, 345)
(157, 345) (187, 305)
(157, 345) (157, 395)
(157, 345) (204, 329)
(157, 345) (172, 297)
(243, 166) (200, 139)
(243, 166) (193, 166)
(243, 166) (194, 178)
(243, 166) (243, 216)
(243, 166) (268, 208)
(243, 166) (243, 216)
(243, 166) (293, 166)
(243, 166) (283, 195)
(243, 166) (278, 201)
(243, 166) (270, 207)
(243, 166) (267, 209)
(243, 166) (265, 210)
(243, 166) (270, 207)
(243, 166) (269, 208)
(243, 166) (280, 199)
(243, 166) (282, 197)
(243, 166) (274, 205)
(243, 166) (272, 206)
[24.69739125633407, 27.604706210221444, 27.848631730932674, 27.85585423203309, 27.916013180237684]
27.916013180237684
5
Imagen  22
First valPSNR [26.379790471247947, 29.17525827075133, 29.403270679679288, 29.444792424955082, 29.521603369165756]
valMax 29.521603369165756 pos 5
[26.379790471247947, 29.17525827075133, 29.403270679679288, 29.444792424955082, 29.521603369165756]
29.521603369165756
5
[24.725425812351716, 27.60212631427191, 27.930741622085613, 27.94178957645409, 28.043360098475084]
28.043360098475084
5
[25.967722598022903, 27.441638544986937, 27.486030983597892, 27.587868167038803, 27.56916488404076]
27.587868167038803
4
shape 20 32 3
shape 254 382 3
shape 254 382 3
shape 254 382 3
shape 254 382 3
shape 254 382 3
shape 254 382 3
[(0, 42), (181, 78), (49, 282)]
(0, 42) (-39, 10)
(0, 42) (-47, 23)
(0, 42) (-46, 20)
(0, 42) (-3, -8)
(0, 42) (11, -7)
(0, 42) (1, -8)
(0, 42) (-16, -6)
(0, 42) (-18, -5)
(0, 42) (-29, 1)
(0, 42) (8, -8)
(0, 42) (0, -8)
(0, 42) (0, -8)
(0, 42) (15, -6)
(0, 42) (-50, 42)
(0, 42) (-16, -6)
(0, 42) (0, -8)
(0, 42) (-36, 77)
(0, 42) (-42, 14)
(181, 78) (131, 81)
(181, 78) (131, 78)
(181, 78) (131, 79)
(181, 78) (132, 64)
(181, 78) (199, 124)
(181, 78) (131, 78)
(181, 78) (131, 82)
(181, 78) (138, 103)
(181, 78) (132, 88)
(181, 78) (133, 92)
(181, 78) (171, 127)
(181, 78) (158, 122)
(181, 78) (133, 93)
(181, 78) (168, 126)
(181, 78) (141, 108)
(181, 78) (141, 109)
(181, 78) (181, 128)
(181, 78) (145, 113)
(49, 282) (-1, 282)
(49, 282) (13, 317)
(49, 282) (13, 317)
(49, 282) (76, 323)
(49, 282) (0, 294)
(49, 282) (1, 266)
(49, 282) (-1, 282)
(49, 282) (-1, 282)
(49, 282) (49, 332)
(49, 282) (49, 232)
(49, 282) (1, 297)
(49, 282) (49, 232)
(49, 282) (49, 232)
(49, 282) (7, 309)
(49, 282) (99, 282)
(49, 282) (84, 246)
(49, 282) (13, 317)
(49, 282) (84, 317)
[26.379790471247947, 29.17525827075133, 29.403270679679288, 29.444792424955082, 29.521603369165756]
29.521603369165756
5
Imagen  23
First valPSNR [28.286065230899457, 31.912292259269954, 32.09823121329802, 32.09067392324676, 32.15390277093819]
valMax 32.15390277093819 pos 5
[28.286065230899457, 31.912292259269954, 32.09823121329802, 32.09067392324676, 32.15390277093819]
32.15390277093819
5
[38.35764390752507, 40.97404663029039, 41.38469702391336, 40.977400111935395, 40.69667025434078]
41.38469702391336
3
[29.813818412788873, 33.95353320038621, 34.17746416825058, 34.327443742260485, 34.44052562846536]
34.44052562846536
5
shape 20 32 3
shape 254 382 3
shape 254 382 3
shape 254 382 3
shape 254 382 3
shape 254 382 3
shape 254 382 3
[(220, 34), (242, 318), (109, 332)]
(220, 34) (264, 56)
(220, 34) (184, 69)
(220, 34) (242, 78)
(220, 34) (184, -2)
(220, 34) (170, 43)
(220, 34) (220, -16)
(220, 34) (220, 34)
(220, 34) (184, 69)
(220, 34) (170, 34)
(220, 34) (220, 34)
(220, 34) (184, 69)
(220, 34) (220, -16)
(220, 34) (270, 34)
(220, 34) (170, 34)
(220, 34) (220, -16)
(220, 34) (184, -2)
(220, 34) (172, 49)
(220, 34) (184, -2)
(242, 318) (277, 353)
(242, 318) (242, 368)
(242, 318) (242, 368)
(242, 318) (277, 353)
(242, 318) (242, 318)
(242, 318) (292, 318)
(242, 318) (242, 268)
(242, 318) (277, 282)
(242, 318) (242, 268)
(242, 318) (192, 318)
(242, 318) (192, 318)
(242, 318) (292, 318)
(242, 318) (242, 318)
(242, 318) (277, 353)
(242, 318) (292, 318)
(242, 318) (192, 318)
(242, 318) (242, 318)
(242, 318) (292, 318)
(109, 332) (71, 364)
(109, 332) (68, 360)
(109, 332) (72, 366)
(109, 332) (64, 354)
(109, 332) (59, 332)
(109, 332) (127, 378)
(109, 332) (67, 359)
(109, 332) (59, 332)
(109, 332) (92, 379)
(109, 332) (131, 376)
(109, 332) (159, 332)
(109, 332) (88, 377)
(109, 332) (144, 296)
(109, 332) (73, 296)
(109, 332) (88, 377)
(109, 332) (86, 376)
(109, 332) (81, 373)
(109, 332) (101, 381)
[28.286065230899457, 31.912292259269954, 32.09823121329802, 32.09067392324676, 32.15390277093819]
32.15390277093819
5
Imagen  24
First valPSNR [23.581615452633834, 26.50514959767802, 26.673747107810573, 26.695413475254327, 26.732759258439252]
valMax 26.732759258439252 pos 5
[23.581615452633834, 26.50514959767802, 26.673747107810573, 26.695413475254327, 26.732759258439252]
26.732759258439252
5
[37.36406175457225, 37.55659720299904, 38.1525338997146, 38.274433899976145, 38.444975343208014]
38.444975343208014
5
[25.97732398449154, 27.956644560897885, 28.134646007449327, 28.24077792564519, 28.237200544284825]
28.24077792564519
4
shape 20 32 3
shape 254 382 3
shape 254 382 3
shape 254 382 3
shape 254 382 3
shape 254 382 3
shape 254 382 3
[(56, 113), (135, 70), (232, 301)]
(56, 113) (91, 148)
(56, 113) (91, 148)
(56, 113) (91, 148)
(56, 113) (106, 113)
(56, 113) (56, 163)
(56, 113) (97, 140)
(56, 113) (6, 113)
(56, 113) (33, 68)
(56, 113) (6, 113)
(56, 113) (106, 113)
(56, 113) (78, 157)
(56, 113) (78, 157)
(56, 113) (56, 163)
(56, 113) (71, 160)
(56, 113) (78, 157)
(56, 113) (56, 163)
(56, 113) (56, 163)
(56, 113) (33, 157)
(135, 70) (85, 66)
(135, 70) (85, 77)
(135, 70) (87, 84)
(135, 70) (135, 70)
(135, 70) (170, 34)
(135, 70) (179, 47)
(135, 70) (92, 95)
(135, 70) (147, 118)
(135, 70) (170, 34)
(135, 70) (94, 98)
(135, 70) (115, 115)
(135, 70) (135, 120)
(135, 70) (89, 90)
(135, 70) (102, 107)
(135, 70) (116, 116)
(135, 70) (91, 94)
(135, 70) (88, 87)
(135, 70) (90, 47)
(232, 301) (232, 251)
(232, 301) (267, 336)
(232, 301) (282, 301)
(232, 301) (182, 301)
(232, 301) (196, 265)
(232, 301) (267, 336)
(232, 301) (187, 278)
(232, 301) (183, 288)
(232, 301) (187, 278)
(232, 301) (182, 301)
(232, 301) (232, 351)
(232, 301) (282, 301)
(232, 301) (196, 336)
(232, 301) (182, 301)
(232, 301) (232, 251)
(232, 301) (182, 301)
(232, 301) (282, 301)
(232, 301) (232, 251)
[23.581615452633834, 26.50514959767802, 26.673747107810573, 26.695413475254327, 26.732759258439252]
26.732759258439252
5
kodim1  &  0.2247  &  0.8008  &  0.3690  &  0.4416  &  0.4805  &  0.4006  \\
kodim2  &  0.5880  &  1.2499  &  0.8984  &  0.8620  &  0.8765  &  0.8909  \\
kodim3  &  0.3817  &  1.1280  &  0.6887  &  0.6115  &  0.5855  &  0.5966  \\
kodim4  &  0.3933  &  1.0340  &  0.6685  &  0.6519  &  0.6456  &  0.5595  \\
kodim5  &  0.2958  &  0.7205  &  0.4421  &  0.4855  &  0.4850  &  0.4295  \\
kodim6  &  0.2346  &  0.9543  &  0.4202  &  0.5226  &  0.5140  &  0.4698  \\
kodim7  &  0.3795  &  0.9027  &  0.5782  &  0.5759  &  0.6354  &  0.5585  \\
kodim8  &  0.2502  &  0.6172  &  0.3832  &  0.4262  &  0.4020  &  0.3387  \\
kodim9  &  0.4692  &  1.0409  &  0.6684  &  0.8381  &  0.8273  &  0.7076  \\
kodim10  &  0.4188  &  0.9831  &  0.5330  &  0.6587  &  0.6007  &  0.6122  \\
kodim11  &  0.3161  &  0.9662  &  0.5545  &  0.6722  &  0.7061  &  0.6291  \\
kodim12  &  0.3404  &  1.0939  &  0.6800  &  0.7266  &  0.7452  &  0.7494  \\
kodim13  &  0.2011  &  0.7292  &  0.3638  &  0.4613  &  0.4354  &  0.3498  \\
kodim14  &  0.3167  &  0.8904  &  0.4946  &  0.6144  &  0.5797  &  0.4907  \\
kodim15  &  0.3859  &  1.0499  &  0.6228  &  0.6497  &  0.7678  &  0.7159  \\
kodim16  &  0.3048  &  1.0243  &  0.5324  &  0.4807  &  0.5082  &  0.4489  \\
kodim17  &  0.3141  &  0.8300  &  0.4069  &  0.4430  &  0.4516  &  0.4771  \\
kodim18  &  0.3780  &  0.9131  &  0.4993  &  0.6638  &  0.6591  &  0.5532  \\
kodim19  &  0.3602  &  0.9640  &  0.5686  &  0.7165  &  0.7275  &  0.5750  \\
kodim20  &  0.2043  &  0.8686  &  0.3612  &  0.4452  &  0.3869  &  0.4218  \\
kodim21  &  0.4356  &  0.9455  &  0.6980  &  0.6768  &  0.7232  &  0.6283  \\
kodim22  &  0.4530  &  1.0027  &  0.6046  &  0.7177  &  0.7825  &  0.6851  \\
kodim23  &  0.5864  &  1.1132  &  0.7237  &  0.7168  &  0.7185  &  0.7016  \\
kodim24  &  0.2910  &  0.8035  &  0.4098  &  0.5713  &  0.5312  &  0.4527  \\
kodim25  &  0.3552  &  0.9428  &  0.5487  &  0.6096  &  0.6156  &  0.5601  \\
Tue 24 Oct 2023 05:33:28 PM CST
